<?xml version="1.0" encoding="UTF-8"?>
<testng-results skipped="0" failed="1" total="3" passed="2">
  <reporter-output>
  </reporter-output>
  <suite name="Default suite" duration-ms="44035" started-at="2017-04-21T03:02:32Z" finished-at="2017-04-21T03:03:16Z">
    <groups>
    </groups>
    <test name="Default test" duration-ms="44035" started-at="2017-04-21T03:02:32Z" finished-at="2017-04-21T03:03:16Z">
      <class name="topicsSelenium.HomePage">
        <test-method status="FAIL" signature="BlackboardLink()[pri:0, instance:topicsSelenium.HomePage@57fffcd7]" name="BlackboardLink" duration-ms="90" started-at="2017-04-20T23:02:32Z" finished-at="2017-04-20T23:02:32Z">
          <exception class="java.lang.StackOverflowError">
            <full-stacktrace>
              <![CDATA[java.lang.StackOverflowError
	at topicsSelenium.Ucm_Objects.BlackBoard_link(Ucm_Objects.java:50)
	at topicsSelenium.Ucm_Objects.BlackBoard_link(Ucm_Objects.java:50)
	at topicsSelenium.Ucm_Objects.BlackBoard_link(Ucm_Objects.java:50)
	at topicsSelenium.Ucm_Objects.BlackBoard_link(Ucm_Objects.java:50)
	at topicsSelenium.Ucm_Objects.BlackBoard_link(Ucm_Objects.java:50)
	at topicsSelenium.Ucm_Objects.BlackBoard_link(Ucm_Objects.java:50)
	at topicsSelenium.Ucm_Objects.BlackBoard_link(Ucm_Objects.java:50)
	at topicsSelenium.Ucm_Objects.BlackBoard_link(Ucm_Objects.java:50)
	at topicsSelenium.Ucm_Objects.BlackBoard_link(Ucm_Objects.java:50)
	at topicsSelenium.Ucm_Objects.BlackBoard_link(Ucm_Objects.java:50)
	at topicsSelenium.Ucm_Objects.BlackBoard_link(Ucm_Objects.java:50)
	at topicsSelenium.Ucm_Objects.BlackBoard_link(Ucm_Objects.java:50)
	at topicsSelenium.Ucm_Objects.BlackBoard_link(Ucm_Objects.java:50)
	at topicsSelenium.Ucm_Objects.BlackBoard_link(Ucm_Objects.java:50)
	at topicsSelenium.Ucm_Objects.BlackBoard_link(Ucm_Objects.java:50)
	at topicsSelenium.Ucm_Objects.BlackBoard_link(Ucm_Objects.java:50)
	at topicsSelenium.Ucm_Objects.BlackBoard_link(Ucm_Objects.java:50)
	at topicsSelenium.Ucm_Objects.BlackBoard_link(Ucm_Objects.java:50)
	at topicsSelenium.Ucm_Objects.BlackBoard_link(Ucm_Objects.java:50)
	at topicsSelenium.Ucm_Objects.BlackBoard_link(Ucm_Objects.java:50)
	at topicsSelenium.Ucm_Objects.BlackBoard_link(Ucm_Objects.java:50)
	at topicsSelenium.Ucm_Objects.BlackBoard_link(Ucm_Objects.java:50)
	at topicsSelenium.Ucm_Objects.BlackBoard_link(Ucm_Objects.java:50)
	at topicsSelenium.Ucm_Objects.BlackBoard_link(Ucm_Objects.java:50)
	at topicsSelenium.Ucm_Objects.BlackBoard_link(Ucm_Objects.java:50)
	at topicsSelenium.Ucm_Objects.BlackBoard_link(Ucm_Objects.java:50)
	at topicsSelenium.Ucm_Objects.BlackBoard_link(Ucm_Objects.java:50)
	at topicsSelenium.Ucm_Objects.BlackBoard_link(Ucm_Objects.java:50)
	at topicsSelenium.Ucm_Objects.BlackBoard_link(Ucm_Objects.java:50)
	at topicsSelenium.Ucm_Objects.BlackBoard_link(Ucm_Objects.java:50)
	at topicsSelenium.Ucm_Objects.BlackBoard_link(Ucm_Objects.java:50)
	at topicsSelenium.Ucm_Objects.BlackBoard_link(Ucm_Objects.java:50)
	at topicsSelenium.Ucm_Objects.BlackBoard_link(Ucm_Objects.java:50)
	at topicsSelenium.Ucm_Objects.BlackBoard_link(Ucm_Objects.java:50)
	at topicsSelenium.Ucm_Objects.BlackBoard_link(Ucm_Objects.java:50)
	at topicsSelenium.Ucm_Objects.BlackBoard_link(Ucm_Objects.java:50)
	at topicsSelenium.Ucm_Objects.BlackBoard_link(Ucm_Objects.java:50)
	at topicsSelenium.Ucm_Objects.BlackBoard_link(Ucm_Objects.java:50)
	at topicsSelenium.Ucm_Objects.BlackBoard_link(Ucm_Objects.java:50)
	at topicsSelenium.Ucm_Objects.BlackBoard_link(Ucm_Objects.java:50)
	at topicsSelenium.Ucm_Objects.BlackBoard_link(Ucm_Objects.java:50)
	at topicsSelenium.Ucm_Objects.BlackBoard_link(Ucm_Objects.java:50)
	at topicsSelenium.Ucm_Objects.BlackBoard_link(Ucm_Objects.java:50)
	at topicsSelenium.Ucm_Objects.BlackBoard_link(Ucm_Objects.java:50)
	at topicsSelenium.Ucm_Objects.BlackBoard_link(Ucm_Objects.java:50)
	at topicsSelenium.Ucm_Objects.BlackBoard_link(Ucm_Objects.java:50)
	at topicsSelenium.Ucm_Objects.BlackBoard_link(Ucm_Objects.java:50)
	at topicsSelenium.Ucm_Objects.BlackBoard_link(Ucm_Objects.java:50)
	at topicsSelenium.Ucm_Objects.BlackBoard_link(Ucm_Objects.java:50)
	at topicsSelenium.Ucm_Objects.BlackBoard_link(Ucm_Objects.java:50)
	at topicsSelenium.Ucm_Objects.BlackBoard_link(Ucm_Objects.java:50)
	at topicsSelenium.Ucm_Objects.BlackBoard_link(Ucm_Objects.java:50)
	at topicsSelenium.Ucm_Objects.BlackBoard_link(Ucm_Objects.java:50)
	at topicsSelenium.Ucm_Objects.BlackBoard_link(Ucm_Objects.java:50)
	at topicsSelenium.Ucm_Objects.BlackBoard_link(Ucm_Objects.java:50)
	at topicsSelenium.Ucm_Objects.BlackBoard_link(Ucm_Objects.java:50)
	at topicsSelenium.Ucm_Objects.BlackBoard_link(Ucm_Objects.java:50)
	at topicsSelenium.Ucm_Objects.BlackBoard_link(Ucm_Objects.java:50)
	at topicsSelenium.Ucm_Objects.BlackBoard_link(Ucm_Objects.java:50)
	at topicsSelenium.Ucm_Objects.BlackBoard_link(Ucm_Objects.java:50)
	at topicsSelenium.Ucm_Objects.BlackBoard_link(Ucm_Objects.java:50)
	at topicsSelenium.Ucm_Objects.BlackBoard_link(Ucm_Objects.java:50)
	at topicsSelenium.Ucm_Objects.BlackBoard_link(Ucm_Objects.java:50)
	at topicsSelenium.Ucm_Objects.BlackBoard_link(Ucm_Objects.java:50)
	at topicsSelenium.Ucm_Objects.BlackBoard_link(Ucm_Objects.java:50)
	at topicsSelenium.Ucm_Objects.BlackBoard_link(Ucm_Objects.java:50)
	at topicsSelenium.Ucm_Objects.BlackBoard_link(Ucm_Objects.java:50)
	at topicsSelenium.Ucm_Objects.BlackBoard_link(Ucm_Objects.java:50)
	at topicsSelenium.Ucm_Objects.BlackBoard_link(Ucm_Objects.java:50)
	at topicsSelenium.Ucm_Objects.BlackBoard_link(Ucm_Objects.java:50)
	at topicsSelenium.Ucm_Objects.BlackBoard_link(Ucm_Objects.java:50)
	at topicsSelenium.Ucm_Objects.BlackBoard_link(Ucm_Objects.java:50)
	at topicsSelenium.Ucm_Objects.BlackBoard_link(Ucm_Objects.java:50)
	at topicsSelenium.Ucm_Objects.BlackBoard_link(Ucm_Objects.java:50)
	at topicsSelenium.Ucm_Objects.BlackBoard_link(Ucm_Objects.java:50)
	at topicsSelenium.Ucm_Objects.BlackBoard_link(Ucm_Objects.java:50)
	at topicsSelenium.Ucm_Objects.BlackBoard_link(Ucm_Objects.java:50)
	at topicsSelenium.Ucm_Objects.BlackBoard_link(Ucm_Objects.java:50)
	at topicsSelenium.Ucm_Objects.BlackBoard_link(Ucm_Objects.java:50)
	at topicsSelenium.Ucm_Objects.BlackBoard_link(Ucm_Objects.java:50)
	at topicsSelenium.Ucm_Objects.BlackBoard_link(Ucm_Objects.java:50)
	at topicsSelenium.Ucm_Objects.BlackBoard_link(Ucm_Objects.java:50)
	at topicsSelenium.Ucm_Objects.BlackBoard_link(Ucm_Objects.java:50)
	at topicsSelenium.Ucm_Objects.BlackBoard_link(Ucm_Objects.java:50)
	at topicsSelenium.Ucm_Objects.BlackBoard_link(Ucm_Objects.java:50)
	at topicsSelenium.Ucm_Objects.BlackBoard_link(Ucm_Objects.java:50)
	at topicsSelenium.Ucm_Objects.BlackBoard_link(Ucm_Objects.java:50)
	at topicsSelenium.Ucm_Objects.BlackBoard_link(Ucm_Objects.java:50)
	at topicsSelenium.Ucm_Objects.BlackBoard_link(Ucm_Objects.java:50)
	at topicsSelenium.Ucm_Objects.BlackBoard_link(Ucm_Objects.java:50)
	at topicsSelenium.Ucm_Objects.BlackBoard_link(Ucm_Objects.java:50)
	at topicsSelenium.Ucm_Objects.BlackBoard_link(Ucm_Objects.java:50)
	at topicsSelenium.Ucm_Objects.BlackBoard_link(Ucm_Objects.java:50)
	at topicsSelenium.Ucm_Objects.BlackBoard_link(Ucm_Objects.java:50)
	at topicsSelenium.Ucm_Objects.BlackBoard_link(Ucm_Objects.java:50)
	at topicsSelenium.Ucm_Objects.BlackBoard_link(Ucm_Objects.java:50)
	at topicsSelenium.Ucm_Objects.BlackBoard_link(Ucm_Objects.java:50)
	at topicsSelenium.Ucm_Objects.BlackBoard_link(Ucm_Objects.java:50)
	at topicsSelenium.Ucm_Objects.BlackBoard_link(Ucm_Objects.java:50)
	at topicsSelenium.Ucm_Objects.BlackBoard_link(Ucm_Objects.java:50)
	at topicsSelenium.Ucm_Objects.BlackBoard_link(Ucm_Objects.java:50)
	at topicsSelenium.Ucm_Objects.BlackBoard_link(Ucm_Objects.java:50)
	at topicsSelenium.Ucm_Objects.BlackBoard_link(Ucm_Objects.java:50)
	at topicsSelenium.Ucm_Objects.BlackBoard_link(Ucm_Objects.java:50)
	at topicsSelenium.Ucm_Objects.BlackBoard_link(Ucm_Objects.java:50)
	at topicsSelenium.Ucm_Objects.BlackBoard_link(Ucm_Objects.java:50)
	at topicsSelenium.Ucm_Objects.BlackBoard_link(Ucm_Objects.java:50)
	at topicsSelenium.Ucm_Objects.BlackBoard_link(Ucm_Objects.java:50)
	at topicsSelenium.Ucm_Objects.BlackBoard_link(Ucm_Objects.java:50)
	at topicsSelenium.Ucm_Objects.BlackBoard_link(Ucm_Objects.java:50)
	at topicsSelenium.Ucm_Objects.BlackBoard_link(Ucm_Objects.java:50)
	at topicsSelenium.Ucm_Objects.BlackBoard_link(Ucm_Objects.java:50)
	at topicsSelenium.Ucm_Objects.BlackBoard_link(Ucm_Objects.java:50)
	at topicsSelenium.Ucm_Objects.BlackBoard_link(Ucm_Objects.java:50)
	at topicsSelenium.Ucm_Objects.BlackBoard_link(Ucm_Objects.java:50)
	at topicsSelenium.Ucm_Objects.BlackBoard_link(Ucm_Objects.java:50)
	at topicsSelenium.Ucm_Objects.BlackBoard_link(Ucm_Objects.java:50)
	at topicsSelenium.Ucm_Objects.BlackBoard_link(Ucm_Objects.java:50)
	at topicsSelenium.Ucm_Objects.BlackBoard_link(Ucm_Objects.java:50)
	at topicsSelenium.Ucm_Objects.BlackBoard_link(Ucm_Objects.java:50)
	at topicsSelenium.Ucm_Objects.BlackBoard_link(Ucm_Objects.java:50)
	at topicsSelenium.Ucm_Objects.BlackBoard_link(Ucm_Objects.java:50)
	at topicsSelenium.Ucm_Objects.BlackBoard_link(Ucm_Objects.java:50)
	at topicsSelenium.Ucm_Objects.BlackBoard_link(Ucm_Objects.java:50)
	at topicsSelenium.Ucm_Objects.BlackBoard_link(Ucm_Objects.java:50)
	at topicsSelenium.Ucm_Objects.BlackBoard_link(Ucm_Objects.java:50)
	at topicsSelenium.Ucm_Objects.BlackBoard_link(Ucm_Objects.java:50)
	at topicsSelenium.Ucm_Objects.BlackBoard_link(Ucm_Objects.java:50)
	at topicsSelenium.Ucm_Objects.BlackBoard_link(Ucm_Objects.java:50)
	at topicsSelenium.Ucm_Objects.BlackBoard_link(Ucm_Objects.java:50)
	at topicsSelenium.Ucm_Objects.BlackBoard_link(Ucm_Objects.java:50)
	at topicsSelenium.Ucm_Objects.BlackBoard_link(Ucm_Objects.java:50)
	at topicsSelenium.Ucm_Objects.BlackBoard_link(Ucm_Objects.java:50)
	at topicsSelenium.Ucm_Objects.BlackBoard_link(Ucm_Objects.java:50)
	at topicsSelenium.Ucm_Objects.BlackBoard_link(Ucm_Objects.java:50)
	at topicsSelenium.Ucm_Objects.BlackBoard_link(Ucm_Objects.java:50)
	at topicsSelenium.Ucm_Objects.BlackBoard_link(Ucm_Objects.java:50)
	at topicsSelenium.Ucm_Objects.BlackBoard_link(Ucm_Objects.java:50)
	at topicsSelenium.Ucm_Objects.BlackBoard_link(Ucm_Objects.java:50)
	at topicsSelenium.Ucm_Objects.BlackBoard_link(Ucm_Objects.java:50)
	at topicsSelenium.Ucm_Objects.BlackBoard_link(Ucm_Objects.java:50)
	at topicsSelenium.Ucm_Objects.BlackBoard_link(Ucm_Objects.java:50)
	at topicsSelenium.Ucm_Objects.BlackBoard_link(Ucm_Objects.java:50)
	at topicsSelenium.Ucm_Objects.BlackBoard_link(Ucm_Objects.java:50)
	at topicsSelenium.Ucm_Objects.BlackBoard_link(Ucm_Objects.java:50)
	at topicsSelenium.Ucm_Objects.BlackBoard_link(Ucm_Objects.java:50)
	at topicsSelenium.Ucm_Objects.BlackBoard_link(Ucm_Objects.java:50)
	at topicsSelenium.Ucm_Objects.BlackBoard_link(Ucm_Objects.java:50)
	at topicsSelenium.Ucm_Objects.BlackBoard_link(Ucm_Objects.java:50)
	at topicsSelenium.Ucm_Objects.BlackBoard_link(Ucm_Objects.java:50)
	at topicsSelenium.Ucm_Objects.BlackBoard_link(Ucm_Objects.java:50)
	at topicsSelenium.Ucm_Objects.BlackBoard_link(Ucm_Objects.java:50)
	at topicsSelenium.Ucm_Objects.BlackBoard_link(Ucm_Objects.java:50)
	at topicsSelenium.Ucm_Objects.BlackBoard_link(Ucm_Objects.java:50)
	at topicsSelenium.Ucm_Objects.BlackBoard_link(Ucm_Objects.java:50)
	at topicsSelenium.Ucm_Objects.BlackBoard_link(Ucm_Objects.java:50)
	at topicsSelenium.Ucm_Objects.BlackBoard_link(Ucm_Objects.java:50)
	at topicsSelenium.Ucm_Objects.BlackBoard_link(Ucm_Objects.java:50)
	at topicsSelenium.Ucm_Objects.BlackBoard_link(Ucm_Objects.java:50)
	at topicsSelenium.Ucm_Objects.BlackBoard_link(Ucm_Objects.java:50)
	at topicsSelenium.Ucm_Objects.BlackBoard_link(Ucm_Objects.java:50)
	at topicsSelenium.Ucm_Objects.BlackBoard_link(Ucm_Objects.java:50)
	at topicsSelenium.Ucm_Objects.BlackBoard_link(Ucm_Objects.java:50)
	at topicsSelenium.Ucm_Objects.BlackBoard_link(Ucm_Objects.java:50)
	at topicsSelenium.Ucm_Objects.BlackBoard_link(Ucm_Objects.java:50)
	at topicsSelenium.Ucm_Objects.BlackBoard_link(Ucm_Objects.java:50)
	at topicsSelenium.Ucm_Objects.BlackBoard_link(Ucm_Objects.java:50)
	at topicsSelenium.Ucm_Objects.BlackBoard_link(Ucm_Objects.java:50)
	at topicsSelenium.Ucm_Objects.BlackBoard_link(Ucm_Objects.java:50)
	at topicsSelenium.Ucm_Objects.BlackBoard_link(Ucm_Objects.java:50)
	at topicsSelenium.Ucm_Objects.BlackBoard_link(Ucm_Objects.java:50)
	at topicsSelenium.Ucm_Objects.BlackBoard_link(Ucm_Objects.java:50)
	at topicsSelenium.Ucm_Objects.BlackBoard_link(Ucm_Objects.java:50)
	at topicsSelenium.Ucm_Objects.BlackBoard_link(Ucm_Objects.java:50)
	at topicsSelenium.Ucm_Objects.BlackBoard_link(Ucm_Objects.java:50)
	at topicsSelenium.Ucm_Objects.BlackBoard_link(Ucm_Objects.java:50)
	at topicsSelenium.Ucm_Objects.BlackBoard_link(Ucm_Objects.java:50)
	at topicsSelenium.Ucm_Objects.BlackBoard_link(Ucm_Objects.java:50)
	at topicsSelenium.Ucm_Objects.BlackBoard_link(Ucm_Objects.java:50)
	at topicsSelenium.Ucm_Objects.BlackBoard_link(Ucm_Objects.java:50)
	at topicsSelenium.Ucm_Objects.BlackBoard_link(Ucm_Objects.java:50)
	at topicsSelenium.Ucm_Objects.BlackBoard_link(Ucm_Objects.java:50)
	at topicsSelenium.Ucm_Objects.BlackBoard_link(Ucm_Objects.java:50)
	at topicsSelenium.Ucm_Objects.BlackBoard_link(Ucm_Objects.java:50)
	at topicsSelenium.Ucm_Objects.BlackBoard_link(Ucm_Objects.java:50)
	at topicsSelenium.Ucm_Objects.BlackBoard_link(Ucm_Objects.java:50)
	at topicsSelenium.Ucm_Objects.BlackBoard_link(Ucm_Objects.java:50)
	at topicsSelenium.Ucm_Objects.BlackBoard_link(Ucm_Objects.java:50)
	at topicsSelenium.Ucm_Objects.BlackBoard_link(Ucm_Objects.java:50)
	at topicsSelenium.Ucm_Objects.BlackBoard_link(Ucm_Objects.java:50)
	at topicsSelenium.Ucm_Objects.BlackBoard_link(Ucm_Objects.java:50)
	at topicsSelenium.Ucm_Objects.BlackBoard_link(Ucm_Objects.java:50)
	at topicsSelenium.Ucm_Objects.BlackBoard_link(Ucm_Objects.java:50)
	at topicsSelenium.Ucm_Objects.BlackBoard_link(Ucm_Objects.java:50)
	at topicsSelenium.Ucm_Objects.BlackBoard_link(Ucm_Objects.java:50)
	at topicsSelenium.Ucm_Objects.BlackBoard_link(Ucm_Objects.java:50)
	at topicsSelenium.Ucm_Objects.BlackBoard_link(Ucm_Objects.java:50)
	at topicsSelenium.Ucm_Objects.BlackBoard_link(Ucm_Objects.java:50)
	at topicsSelenium.Ucm_Objects.BlackBoard_link(Ucm_Objects.java:50)
	at topicsSelenium.Ucm_Objects.BlackBoard_link(Ucm_Objects.java:50)
	at topicsSelenium.Ucm_Objects.BlackBoard_link(Ucm_Objects.java:50)
	at topicsSelenium.Ucm_Objects.BlackBoard_link(Ucm_Objects.java:50)
	at topicsSelenium.Ucm_Objects.BlackBoard_link(Ucm_Objects.java:50)
	at topicsSelenium.Ucm_Objects.BlackBoard_link(Ucm_Objects.java:50)
	at topicsSelenium.Ucm_Objects.BlackBoard_link(Ucm_Objects.java:50)
	at topicsSelenium.Ucm_Objects.BlackBoard_link(Ucm_Objects.java:50)
	at topicsSelenium.Ucm_Objects.BlackBoard_link(Ucm_Objects.java:50)
	at topicsSelenium.Ucm_Objects.BlackBoard_link(Ucm_Objects.java:50)
	at topicsSelenium.Ucm_Objects.BlackBoard_link(Ucm_Objects.java:50)
	at topicsSelenium.Ucm_Objects.BlackBoard_link(Ucm_Objects.java:50)
	at topicsSelenium.Ucm_Objects.BlackBoard_link(Ucm_Objects.java:50)
	at topicsSelenium.Ucm_Objects.BlackBoard_link(Ucm_Objects.java:50)
	at topicsSelenium.Ucm_Objects.BlackBoard_link(Ucm_Objects.java:50)
	at topicsSelenium.Ucm_Objects.BlackBoard_link(Ucm_Objects.java:50)
	at topicsSelenium.Ucm_Objects.BlackBoard_link(Ucm_Objects.java:50)
	at topicsSelenium.Ucm_Objects.BlackBoard_link(Ucm_Objects.java:50)
	at topicsSelenium.Ucm_Objects.BlackBoard_link(Ucm_Objects.java:50)
	at topicsSelenium.Ucm_Objects.BlackBoard_link(Ucm_Objects.java:50)
	at topicsSelenium.Ucm_Objects.BlackBoard_link(Ucm_Objects.java:50)
	at topicsSelenium.Ucm_Objects.BlackBoard_link(Ucm_Objects.java:50)
	at topicsSelenium.Ucm_Objects.BlackBoard_link(Ucm_Objects.java:50)
	at topicsSelenium.Ucm_Objects.BlackBoard_link(Ucm_Objects.java:50)
	at topicsSelenium.Ucm_Objects.BlackBoard_link(Ucm_Objects.java:50)
	at topicsSelenium.Ucm_Objects.BlackBoard_link(Ucm_Objects.java:50)
	at topicsSelenium.Ucm_Objects.BlackBoard_link(Ucm_Objects.java:50)
	at topicsSelenium.Ucm_Objects.BlackBoard_link(Ucm_Objects.java:50)
	at topicsSelenium.Ucm_Objects.BlackBoard_link(Ucm_Objects.java:50)
	at topicsSelenium.Ucm_Objects.BlackBoard_link(Ucm_Objects.java:50)
	at topicsSelenium.Ucm_Objects.BlackBoard_link(Ucm_Objects.java:50)
	at topicsSelenium.Ucm_Objects.BlackBoard_link(Ucm_Objects.java:50)
	at topicsSelenium.Ucm_Objects.BlackBoard_link(Ucm_Objects.java:50)
	at topicsSelenium.Ucm_Objects.BlackBoard_link(Ucm_Objects.java:50)
	at topicsSelenium.Ucm_Objects.BlackBoard_link(Ucm_Objects.java:50)
	at topicsSelenium.Ucm_Objects.BlackBoard_link(Ucm_Objects.java:50)
	at topicsSelenium.Ucm_Objects.BlackBoard_link(Ucm_Objects.java:50)
	at topicsSelenium.Ucm_Objects.BlackBoard_link(Ucm_Objects.java:50)
	at topicsSelenium.Ucm_Objects.BlackBoard_link(Ucm_Objects.java:50)
	at topicsSelenium.Ucm_Objects.BlackBoard_link(Ucm_Objects.java:50)
	at topicsSelenium.Ucm_Objects.BlackBoard_link(Ucm_Objects.java:50)
	at topicsSelenium.Ucm_Objects.BlackBoard_link(Ucm_Objects.java:50)
	at topicsSelenium.Ucm_Objects.BlackBoard_link(Ucm_Objects.java:50)
	at topicsSelenium.Ucm_Objects.BlackBoard_link(Ucm_Objects.java:50)
	at topicsSelenium.Ucm_Objects.BlackBoard_link(Ucm_Objects.java:50)
	at topicsSelenium.Ucm_Objects.BlackBoard_link(Ucm_Objects.java:50)
	at topicsSelenium.Ucm_Objects.BlackBoard_link(Ucm_Objects.java:50)
	at topicsSelenium.Ucm_Objects.BlackBoard_link(Ucm_Objects.java:50)
	at topicsSelenium.Ucm_Objects.BlackBoard_link(Ucm_Objects.java:50)
	at topicsSelenium.Ucm_Objects.BlackBoard_link(Ucm_Objects.java:50)
	at topicsSelenium.Ucm_Objects.BlackBoard_link(Ucm_Objects.java:50)
	at topicsSelenium.Ucm_Objects.BlackBoard_link(Ucm_Objects.java:50)
	at topicsSelenium.Ucm_Objects.BlackBoard_link(Ucm_Objects.java:50)
	at topicsSelenium.Ucm_Objects.BlackBoard_link(Ucm_Objects.java:50)
	at topicsSelenium.Ucm_Objects.BlackBoard_link(Ucm_Objects.java:50)
	at topicsSelenium.Ucm_Objects.BlackBoard_link(Ucm_Objects.java:50)
	at topicsSelenium.Ucm_Objects.BlackBoard_link(Ucm_Objects.java:50)
	at topicsSelenium.Ucm_Objects.BlackBoard_link(Ucm_Objects.java:50)
	at topicsSelenium.Ucm_Objects.BlackBoard_link(Ucm_Objects.java:50)
	at topicsSelenium.Ucm_Objects.BlackBoard_link(Ucm_Objects.java:50)
	at topicsSelenium.Ucm_Objects.BlackBoard_link(Ucm_Objects.java:50)
	at topicsSelenium.Ucm_Objects.BlackBoard_link(Ucm_Objects.java:50)
	at topicsSelenium.Ucm_Objects.BlackBoard_link(Ucm_Objects.java:50)
	at topicsSelenium.Ucm_Objects.BlackBoard_link(Ucm_Objects.java:50)
	at topicsSelenium.Ucm_Objects.BlackBoard_link(Ucm_Objects.java:50)
	at topicsSelenium.Ucm_Objects.BlackBoard_link(Ucm_Objects.java:50)
	at topicsSelenium.Ucm_Objects.BlackBoard_link(Ucm_Objects.java:50)
	at topicsSelenium.Ucm_Objects.BlackBoard_link(Ucm_Objects.java:50)
	at topicsSelenium.Ucm_Objects.BlackBoard_link(Ucm_Objects.java:50)
	at topicsSelenium.Ucm_Objects.BlackBoard_link(Ucm_Objects.java:50)
	at topicsSelenium.Ucm_Objects.BlackBoard_link(Ucm_Objects.java:50)
	at topicsSelenium.Ucm_Objects.BlackBoard_link(Ucm_Objects.java:50)
	at topicsSelenium.Ucm_Objects.BlackBoard_link(Ucm_Objects.java:50)
	at topicsSelenium.Ucm_Objects.BlackBoard_link(Ucm_Objects.java:50)
	at topicsSelenium.Ucm_Objects.BlackBoard_link(Ucm_Objects.java:50)
	at topicsSelenium.Ucm_Objects.BlackBoard_link(Ucm_Objects.java:50)
	at topicsSelenium.Ucm_Objects.BlackBoard_link(Ucm_Objects.java:50)
	at topicsSelenium.Ucm_Objects.BlackBoard_link(Ucm_Objects.java:50)
	at topicsSelenium.Ucm_Objects.BlackBoard_link(Ucm_Objects.java:50)
	at topicsSelenium.Ucm_Objects.BlackBoard_link(Ucm_Objects.java:50)
	at topicsSelenium.Ucm_Objects.BlackBoard_link(Ucm_Objects.java:50)
	at topicsSelenium.Ucm_Objects.BlackBoard_link(Ucm_Objects.java:50)
	at topicsSelenium.Ucm_Objects.BlackBoard_link(Ucm_Objects.java:50)
	at topicsSelenium.Ucm_Objects.BlackBoard_link(Ucm_Objects.java:50)
	at topicsSelenium.Ucm_Objects.BlackBoard_link(Ucm_Objects.java:50)
	at topicsSelenium.Ucm_Objects.BlackBoard_link(Ucm_Objects.java:50)
	at topicsSelenium.Ucm_Objects.BlackBoard_link(Ucm_Objects.java:50)
	at topicsSelenium.Ucm_Objects.BlackBoard_link(Ucm_Objects.java:50)
	at topicsSelenium.Ucm_Objects.BlackBoard_link(Ucm_Objects.java:50)
	at topicsSelenium.Ucm_Objects.BlackBoard_link(Ucm_Objects.java:50)
	at topicsSelenium.Ucm_Objects.BlackBoard_link(Ucm_Objects.java:50)
	at topicsSelenium.Ucm_Objects.BlackBoard_link(Ucm_Objects.java:50)
	at topicsSelenium.Ucm_Objects.BlackBoard_link(Ucm_Objects.java:50)
	at topicsSelenium.Ucm_Objects.BlackBoard_link(Ucm_Objects.java:50)
	at topicsSelenium.Ucm_Objects.BlackBoard_link(Ucm_Objects.java:50)
	at topicsSelenium.Ucm_Objects.BlackBoard_link(Ucm_Objects.java:50)
	at topicsSelenium.Ucm_Objects.BlackBoard_link(Ucm_Objects.java:50)
	at topicsSelenium.Ucm_Objects.BlackBoard_link(Ucm_Objects.java:50)
	at topicsSelenium.Ucm_Objects.BlackBoard_link(Ucm_Objects.java:50)
	at topicsSelenium.Ucm_Objects.BlackBoard_link(Ucm_Objects.java:50)
	at topicsSelenium.Ucm_Objects.BlackBoard_link(Ucm_Objects.java:50)
	at topicsSelenium.Ucm_Objects.BlackBoard_link(Ucm_Objects.java:50)
	at topicsSelenium.Ucm_Objects.BlackBoard_link(Ucm_Objects.java:50)
	at topicsSelenium.Ucm_Objects.BlackBoard_link(Ucm_Objects.java:50)
	at topicsSelenium.Ucm_Objects.BlackBoard_link(Ucm_Objects.java:50)
	at topicsSelenium.Ucm_Objects.BlackBoard_link(Ucm_Objects.java:50)
	at topicsSelenium.Ucm_Objects.BlackBoard_link(Ucm_Objects.java:50)
	at topicsSelenium.Ucm_Objects.BlackBoard_link(Ucm_Objects.java:50)
	at topicsSelenium.Ucm_Objects.BlackBoard_link(Ucm_Objects.java:50)
	at topicsSelenium.Ucm_Objects.BlackBoard_link(Ucm_Objects.java:50)
	at topicsSelenium.Ucm_Objects.BlackBoard_link(Ucm_Objects.java:50)
	at topicsSelenium.Ucm_Objects.BlackBoard_link(Ucm_Objects.java:50)
	at topicsSelenium.Ucm_Objects.BlackBoard_link(Ucm_Objects.java:50)
	at topicsSelenium.Ucm_Objects.BlackBoard_link(Ucm_Objects.java:50)
	at topicsSelenium.Ucm_Objects.BlackBoard_link(Ucm_Objects.java:50)
	at topicsSelenium.Ucm_Objects.BlackBoard_link(Ucm_Objects.java:50)
	at topicsSelenium.Ucm_Objects.BlackBoard_link(Ucm_Objects.java:50)
	at topicsSelenium.Ucm_Objects.BlackBoard_link(Ucm_Objects.java:50)
	at topicsSelenium.Ucm_Objects.BlackBoard_link(Ucm_Objects.java:50)
	at topicsSelenium.Ucm_Objects.BlackBoard_link(Ucm_Objects.java:50)
	at topicsSelenium.Ucm_Objects.BlackBoard_link(Ucm_Objects.java:50)
	at topicsSelenium.Ucm_Objects.BlackBoard_link(Ucm_Objects.java:50)
	at topicsSelenium.Ucm_Objects.BlackBoard_link(Ucm_Objects.java:50)
	at topicsSelenium.Ucm_Objects.BlackBoard_link(Ucm_Objects.java:50)
	at topicsSelenium.Ucm_Objects.BlackBoard_link(Ucm_Objects.java:50)
	at topicsSelenium.Ucm_Objects.BlackBoard_link(Ucm_Objects.java:50)
	at topicsSelenium.Ucm_Objects.BlackBoard_link(Ucm_Objects.java:50)
	at topicsSelenium.Ucm_Objects.BlackBoard_link(Ucm_Objects.java:50)
	at topicsSelenium.Ucm_Objects.BlackBoard_link(Ucm_Objects.java:50)
	at topicsSelenium.Ucm_Objects.BlackBoard_link(Ucm_Objects.java:50)
	at topicsSelenium.Ucm_Objects.BlackBoard_link(Ucm_Objects.java:50)
	at topicsSelenium.Ucm_Objects.BlackBoard_link(Ucm_Objects.java:50)
	at topicsSelenium.Ucm_Objects.BlackBoard_link(Ucm_Objects.java:50)
	at topicsSelenium.Ucm_Objects.BlackBoard_link(Ucm_Objects.java:50)
	at topicsSelenium.Ucm_Objects.BlackBoard_link(Ucm_Objects.java:50)
	at topicsSelenium.Ucm_Objects.BlackBoard_link(Ucm_Objects.java:50)
	at topicsSelenium.Ucm_Objects.BlackBoard_link(Ucm_Objects.java:50)
	at topicsSelenium.Ucm_Objects.BlackBoard_link(Ucm_Objects.java:50)
	at topicsSelenium.Ucm_Objects.BlackBoard_link(Ucm_Objects.java:50)
	at topicsSelenium.Ucm_Objects.BlackBoard_link(Ucm_Objects.java:50)
	at topicsSelenium.Ucm_Objects.BlackBoard_link(Ucm_Objects.java:50)
	at topicsSelenium.Ucm_Objects.BlackBoard_link(Ucm_Objects.java:50)
	at topicsSelenium.Ucm_Objects.BlackBoard_link(Ucm_Objects.java:50)
	at topicsSelenium.Ucm_Objects.BlackBoard_link(Ucm_Objects.java:50)
	at topicsSelenium.Ucm_Objects.BlackBoard_link(Ucm_Objects.java:50)
	at topicsSelenium.Ucm_Objects.BlackBoard_link(Ucm_Objects.java:50)
	at topicsSelenium.Ucm_Objects.BlackBoard_link(Ucm_Objects.java:50)
	at topicsSelenium.Ucm_Objects.BlackBoard_link(Ucm_Objects.java:50)
	at topicsSelenium.Ucm_Objects.BlackBoard_link(Ucm_Objects.java:50)
	at topicsSelenium.Ucm_Objects.BlackBoard_link(Ucm_Objects.java:50)
	at topicsSelenium.Ucm_Objects.BlackBoard_link(Ucm_Objects.java:50)
	at topicsSelenium.Ucm_Objects.BlackBoard_link(Ucm_Objects.java:50)
	at topicsSelenium.Ucm_Objects.BlackBoard_link(Ucm_Objects.java:50)
	at topicsSelenium.Ucm_Objects.BlackBoard_link(Ucm_Objects.java:50)
	at topicsSelenium.Ucm_Objects.BlackBoard_link(Ucm_Objects.java:50)
	at topicsSelenium.Ucm_Objects.BlackBoard_link(Ucm_Objects.java:50)
	at topicsSelenium.Ucm_Objects.BlackBoard_link(Ucm_Objects.java:50)
	at topicsSelenium.Ucm_Objects.BlackBoard_link(Ucm_Objects.java:50)
	at topicsSelenium.Ucm_Objects.BlackBoard_link(Ucm_Objects.java:50)
	at topicsSelenium.Ucm_Objects.BlackBoard_link(Ucm_Objects.java:50)
	at topicsSelenium.Ucm_Objects.BlackBoard_link(Ucm_Objects.java:50)
	at topicsSelenium.Ucm_Objects.BlackBoard_link(Ucm_Objects.java:50)
	at topicsSelenium.Ucm_Objects.BlackBoard_link(Ucm_Objects.java:50)
	at topicsSelenium.Ucm_Objects.BlackBoard_link(Ucm_Objects.java:50)
	at topicsSelenium.Ucm_Objects.BlackBoard_link(Ucm_Objects.java:50)
	at topicsSelenium.Ucm_Objects.BlackBoard_link(Ucm_Objects.java:50)
	at topicsSelenium.Ucm_Objects.BlackBoard_link(Ucm_Objects.java:50)
	at topicsSelenium.Ucm_Objects.BlackBoard_link(Ucm_Objects.java:50)
	at topicsSelenium.Ucm_Objects.BlackBoard_link(Ucm_Objects.java:50)
	at topicsSelenium.Ucm_Objects.BlackBoard_link(Ucm_Objects.java:50)
	at topicsSelenium.Ucm_Objects.BlackBoard_link(Ucm_Objects.java:50)
	at topicsSelenium.Ucm_Objects.BlackBoard_link(Ucm_Objects.java:50)
	at topicsSelenium.Ucm_Objects.BlackBoard_link(Ucm_Objects.java:50)
	at topicsSelenium.Ucm_Objects.BlackBoard_link(Ucm_Objects.java:50)
	at topicsSelenium.Ucm_Objects.BlackBoard_link(Ucm_Objects.java:50)
	at topicsSelenium.Ucm_Objects.BlackBoard_link(Ucm_Objects.java:50)
	at topicsSelenium.Ucm_Objects.BlackBoard_link(Ucm_Objects.java:50)
	at topicsSelenium.Ucm_Objects.BlackBoard_link(Ucm_Objects.java:50)
	at topicsSelenium.Ucm_Objects.BlackBoard_link(Ucm_Objects.java:50)
	at topicsSelenium.Ucm_Objects.BlackBoard_link(Ucm_Objects.java:50)
	at topicsSelenium.Ucm_Objects.BlackBoard_link(Ucm_Objects.java:50)
	at topicsSelenium.Ucm_Objects.BlackBoard_link(Ucm_Objects.java:50)
	at topicsSelenium.Ucm_Objects.BlackBoard_link(Ucm_Objects.java:50)
	at topicsSelenium.Ucm_Objects.BlackBoard_link(Ucm_Objects.java:50)
	at topicsSelenium.Ucm_Objects.BlackBoard_link(Ucm_Objects.java:50)
	at topicsSelenium.Ucm_Objects.BlackBoard_link(Ucm_Objects.java:50)
	at topicsSelenium.Ucm_Objects.BlackBoard_link(Ucm_Objects.java:50)
	at topicsSelenium.Ucm_Objects.BlackBoard_link(Ucm_Objects.java:50)
	at topicsSelenium.Ucm_Objects.BlackBoard_link(Ucm_Objects.java:50)
	at topicsSelenium.Ucm_Objects.BlackBoard_link(Ucm_Objects.java:50)
	at topicsSelenium.Ucm_Objects.BlackBoard_link(Ucm_Objects.java:50)
	at topicsSelenium.Ucm_Objects.BlackBoard_link(Ucm_Objects.java:50)
	at topicsSelenium.Ucm_Objects.BlackBoard_link(Ucm_Objects.java:50)
	at topicsSelenium.Ucm_Objects.BlackBoard_link(Ucm_Objects.java:50)
	at topicsSelenium.Ucm_Objects.BlackBoard_link(Ucm_Objects.java:50)
	at topicsSelenium.Ucm_Objects.BlackBoard_link(Ucm_Objects.java:50)
	at topicsSelenium.Ucm_Objects.BlackBoard_link(Ucm_Objects.java:50)
	at topicsSelenium.Ucm_Objects.BlackBoard_link(Ucm_Objects.java:50)
	at topicsSelenium.Ucm_Objects.BlackBoard_link(Ucm_Objects.java:50)
	at topicsSelenium.Ucm_Objects.BlackBoard_link(Ucm_Objects.java:50)
	at topicsSelenium.Ucm_Objects.BlackBoard_link(Ucm_Objects.java:50)
	at topicsSelenium.Ucm_Objects.BlackBoard_link(Ucm_Objects.java:50)
	at topicsSelenium.Ucm_Objects.BlackBoard_link(Ucm_Objects.java:50)
	at topicsSelenium.Ucm_Objects.BlackBoard_link(Ucm_Objects.java:50)
	at topicsSelenium.Ucm_Objects.BlackBoard_link(Ucm_Objects.java:50)
	at topicsSelenium.Ucm_Objects.BlackBoard_link(Ucm_Objects.java:50)
	at topicsSelenium.Ucm_Objects.BlackBoard_link(Ucm_Objects.java:50)
	at topicsSelenium.Ucm_Objects.BlackBoard_link(Ucm_Objects.java:50)
	at topicsSelenium.Ucm_Objects.BlackBoard_link(Ucm_Objects.java:50)
	at topicsSelenium.Ucm_Objects.BlackBoard_link(Ucm_Objects.java:50)
	at topicsSelenium.Ucm_Objects.BlackBoard_link(Ucm_Objects.java:50)
	at topicsSelenium.Ucm_Objects.BlackBoard_link(Ucm_Objects.java:50)
	at topicsSelenium.Ucm_Objects.BlackBoard_link(Ucm_Objects.java:50)
	at topicsSelenium.Ucm_Objects.BlackBoard_link(Ucm_Objects.java:50)
	at topicsSelenium.Ucm_Objects.BlackBoard_link(Ucm_Objects.java:50)
	at topicsSelenium.Ucm_Objects.BlackBoard_link(Ucm_Objects.java:50)
	at topicsSelenium.Ucm_Objects.BlackBoard_link(Ucm_Objects.java:50)
	at topicsSelenium.Ucm_Objects.BlackBoard_link(Ucm_Objects.java:50)
	at topicsSelenium.Ucm_Objects.BlackBoard_link(Ucm_Objects.java:50)
	at topicsSelenium.Ucm_Objects.BlackBoard_link(Ucm_Objects.java:50)
	at topicsSelenium.Ucm_Objects.BlackBoard_link(Ucm_Objects.java:50)
	at topicsSelenium.Ucm_Objects.BlackBoard_link(Ucm_Objects.java:50)
	at topicsSelenium.Ucm_Objects.BlackBoard_link(Ucm_Objects.java:50)
	at topicsSelenium.Ucm_Objects.BlackBoard_link(Ucm_Objects.java:50)
	at topicsSelenium.Ucm_Objects.BlackBoard_link(Ucm_Objects.java:50)
	at topicsSelenium.Ucm_Objects.BlackBoard_link(Ucm_Objects.java:50)
	at topicsSelenium.Ucm_Objects.BlackBoard_link(Ucm_Objects.java:50)
	at topicsSelenium.Ucm_Objects.BlackBoard_link(Ucm_Objects.java:50)
	at topicsSelenium.Ucm_Objects.BlackBoard_link(Ucm_Objects.java:50)
	at topicsSelenium.Ucm_Objects.BlackBoard_link(Ucm_Objects.java:50)
	at topicsSelenium.Ucm_Objects.BlackBoard_link(Ucm_Objects.java:50)
	at topicsSelenium.Ucm_Objects.BlackBoard_link(Ucm_Objects.java:50)
	at topicsSelenium.Ucm_Objects.BlackBoard_link(Ucm_Objects.java:50)
	at topicsSelenium.Ucm_Objects.BlackBoard_link(Ucm_Objects.java:50)
	at topicsSelenium.Ucm_Objects.BlackBoard_link(Ucm_Objects.java:50)
	at topicsSelenium.Ucm_Objects.BlackBoard_link(Ucm_Objects.java:50)
	at topicsSelenium.Ucm_Objects.BlackBoard_link(Ucm_Objects.java:50)
	at topicsSelenium.Ucm_Objects.BlackBoard_link(Ucm_Objects.java:50)
	at topicsSelenium.Ucm_Objects.BlackBoard_link(Ucm_Objects.java:50)
	at topicsSelenium.Ucm_Objects.BlackBoard_link(Ucm_Objects.java:50)
	at topicsSelenium.Ucm_Objects.BlackBoard_link(Ucm_Objects.java:50)
	at topicsSelenium.Ucm_Objects.BlackBoard_link(Ucm_Objects.java:50)
	at topicsSelenium.Ucm_Objects.BlackBoard_link(Ucm_Objects.java:50)
	at topicsSelenium.Ucm_Objects.BlackBoard_link(Ucm_Objects.java:50)
	at topicsSelenium.Ucm_Objects.BlackBoard_link(Ucm_Objects.java:50)
	at topicsSelenium.Ucm_Objects.BlackBoard_link(Ucm_Objects.java:50)
	at topicsSelenium.Ucm_Objects.BlackBoard_link(Ucm_Objects.java:50)
	at topicsSelenium.Ucm_Objects.BlackBoard_link(Ucm_Objects.java:50)
	at topicsSelenium.Ucm_Objects.BlackBoard_link(Ucm_Objects.java:50)
	at topicsSelenium.Ucm_Objects.BlackBoard_link(Ucm_Objects.java:50)
	at topicsSelenium.Ucm_Objects.BlackBoard_link(Ucm_Objects.java:50)
	at topicsSelenium.Ucm_Objects.BlackBoard_link(Ucm_Objects.java:50)
	at topicsSelenium.Ucm_Objects.BlackBoard_link(Ucm_Objects.java:50)
	at topicsSelenium.Ucm_Objects.BlackBoard_link(Ucm_Objects.java:50)
	at topicsSelenium.Ucm_Objects.BlackBoard_link(Ucm_Objects.java:50)
	at topicsSelenium.Ucm_Objects.BlackBoard_link(Ucm_Objects.java:50)
	at topicsSelenium.Ucm_Objects.BlackBoard_link(Ucm_Objects.java:50)
	at topicsSelenium.Ucm_Objects.BlackBoard_link(Ucm_Objects.java:50)
	at topicsSelenium.Ucm_Objects.BlackBoard_link(Ucm_Objects.java:50)
	at topicsSelenium.Ucm_Objects.BlackBoard_link(Ucm_Objects.java:50)
	at topicsSelenium.Ucm_Objects.BlackBoard_link(Ucm_Objects.java:50)
	at topicsSelenium.Ucm_Objects.BlackBoard_link(Ucm_Objects.java:50)
	at topicsSelenium.Ucm_Objects.BlackBoard_link(Ucm_Objects.java:50)
	at topicsSelenium.Ucm_Objects.BlackBoard_link(Ucm_Objects.java:50)
	at topicsSelenium.Ucm_Objects.BlackBoard_link(Ucm_Objects.java:50)
	at topicsSelenium.Ucm_Objects.BlackBoard_link(Ucm_Objects.java:50)
	at topicsSelenium.Ucm_Objects.BlackBoard_link(Ucm_Objects.java:50)
	at topicsSelenium.Ucm_Objects.BlackBoard_link(Ucm_Objects.java:50)
	at topicsSelenium.Ucm_Objects.BlackBoard_link(Ucm_Objects.java:50)
	at topicsSelenium.Ucm_Objects.BlackBoard_link(Ucm_Objects.java:50)
	at topicsSelenium.Ucm_Objects.BlackBoard_link(Ucm_Objects.java:50)
	at topicsSelenium.Ucm_Objects.BlackBoard_link(Ucm_Objects.java:50)
	at topicsSelenium.Ucm_Objects.BlackBoard_link(Ucm_Objects.java:50)
	at topicsSelenium.Ucm_Objects.BlackBoard_link(Ucm_Objects.java:50)
	at topicsSelenium.Ucm_Objects.BlackBoard_link(Ucm_Objects.java:50)
	at topicsSelenium.Ucm_Objects.BlackBoard_link(Ucm_Objects.java:50)
	at topicsSelenium.Ucm_Objects.BlackBoard_link(Ucm_Objects.java:50)
	at topicsSelenium.Ucm_Objects.BlackBoard_link(Ucm_Objects.java:50)
	at topicsSelenium.Ucm_Objects.BlackBoard_link(Ucm_Objects.java:50)
	at topicsSelenium.Ucm_Objects.BlackBoard_link(Ucm_Objects.java:50)
	at topicsSelenium.Ucm_Objects.BlackBoard_link(Ucm_Objects.java:50)
	at topicsSelenium.Ucm_Objects.BlackBoard_link(Ucm_Objects.java:50)
	at topicsSelenium.Ucm_Objects.BlackBoard_link(Ucm_Objects.java:50)
	at topicsSelenium.Ucm_Objects.BlackBoard_link(Ucm_Objects.java:50)
	at topicsSelenium.Ucm_Objects.BlackBoard_link(Ucm_Objects.java:50)
	at topicsSelenium.Ucm_Objects.BlackBoard_link(Ucm_Objects.java:50)
	at topicsSelenium.Ucm_Objects.BlackBoard_link(Ucm_Objects.java:50)
	at topicsSelenium.Ucm_Objects.BlackBoard_link(Ucm_Objects.java:50)
	at topicsSelenium.Ucm_Objects.BlackBoard_link(Ucm_Objects.java:50)
	at topicsSelenium.Ucm_Objects.BlackBoard_link(Ucm_Objects.java:50)
	at topicsSelenium.Ucm_Objects.BlackBoard_link(Ucm_Objects.java:50)
	at topicsSelenium.Ucm_Objects.BlackBoard_link(Ucm_Objects.java:50)
	at topicsSelenium.Ucm_Objects.BlackBoard_link(Ucm_Objects.java:50)
	at topicsSelenium.Ucm_Objects.BlackBoard_link(Ucm_Objects.java:50)
	at topicsSelenium.Ucm_Objects.BlackBoard_link(Ucm_Objects.java:50)
	at topicsSelenium.Ucm_Objects.BlackBoard_link(Ucm_Objects.java:50)
	at topicsSelenium.Ucm_Objects.BlackBoard_link(Ucm_Objects.java:50)
	at topicsSelenium.Ucm_Objects.BlackBoard_link(Ucm_Objects.java:50)
	at topicsSelenium.Ucm_Objects.BlackBoard_link(Ucm_Objects.java:50)
	at topicsSelenium.Ucm_Objects.BlackBoard_link(Ucm_Objects.java:50)
	at topicsSelenium.Ucm_Objects.BlackBoard_link(Ucm_Objects.java:50)
	at topicsSelenium.Ucm_Objects.BlackBoard_link(Ucm_Objects.java:50)
	at topicsSelenium.Ucm_Objects.BlackBoard_link(Ucm_Objects.java:50)
	at topicsSelenium.Ucm_Objects.BlackBoard_link(Ucm_Objects.java:50)
	at topicsSelenium.Ucm_Objects.BlackBoard_link(Ucm_Objects.java:50)
	at topicsSelenium.Ucm_Objects.BlackBoard_link(Ucm_Objects.java:50)
	at topicsSelenium.Ucm_Objects.BlackBoard_link(Ucm_Objects.java:50)
	at topicsSelenium.Ucm_Objects.BlackBoard_link(Ucm_Objects.java:50)
	at topicsSelenium.Ucm_Objects.BlackBoard_link(Ucm_Objects.java:50)
	at topicsSelenium.Ucm_Objects.BlackBoard_link(Ucm_Objects.java:50)
	at topicsSelenium.Ucm_Objects.BlackBoard_link(Ucm_Objects.java:50)
	at topicsSelenium.Ucm_Objects.BlackBoard_link(Ucm_Objects.java:50)
	at topicsSelenium.Ucm_Objects.BlackBoard_link(Ucm_Objects.java:50)
	at topicsSelenium.Ucm_Objects.BlackBoard_link(Ucm_Objects.java:50)
	at topicsSelenium.Ucm_Objects.BlackBoard_link(Ucm_Objects.java:50)
	at topicsSelenium.Ucm_Objects.BlackBoard_link(Ucm_Objects.java:50)
	at topicsSelenium.Ucm_Objects.BlackBoard_link(Ucm_Objects.java:50)
	at topicsSelenium.Ucm_Objects.BlackBoard_link(Ucm_Objects.java:50)
	at topicsSelenium.Ucm_Objects.BlackBoard_link(Ucm_Objects.java:50)
	at topicsSelenium.Ucm_Objects.BlackBoard_link(Ucm_Objects.java:50)
	at topicsSelenium.Ucm_Objects.BlackBoard_link(Ucm_Objects.java:50)
	at topicsSelenium.Ucm_Objects.BlackBoard_link(Ucm_Objects.java:50)
	at topicsSelenium.Ucm_Objects.BlackBoard_link(Ucm_Objects.java:50)
	at topicsSelenium.Ucm_Objects.BlackBoard_link(Ucm_Objects.java:50)
	at topicsSelenium.Ucm_Objects.BlackBoard_link(Ucm_Objects.java:50)
	at topicsSelenium.Ucm_Objects.BlackBoard_link(Ucm_Objects.java:50)
	at topicsSelenium.Ucm_Objects.BlackBoard_link(Ucm_Objects.java:50)
	at topicsSelenium.Ucm_Objects.BlackBoard_link(Ucm_Objects.java:50)
	at topicsSelenium.Ucm_Objects.BlackBoard_link(Ucm_Objects.java:50)
	at topicsSelenium.Ucm_Objects.BlackBoard_link(Ucm_Objects.java:50)
	at topicsSelenium.Ucm_Objects.BlackBoard_link(Ucm_Objects.java:50)
	at topicsSelenium.Ucm_Objects.BlackBoard_link(Ucm_Objects.java:50)
	at topicsSelenium.Ucm_Objects.BlackBoard_link(Ucm_Objects.java:50)
	at topicsSelenium.Ucm_Objects.BlackBoard_link(Ucm_Objects.java:50)
	at topicsSelenium.Ucm_Objects.BlackBoard_link(Ucm_Objects.java:50)
	at topicsSelenium.Ucm_Objects.BlackBoard_link(Ucm_Objects.java:50)
	at topicsSelenium.Ucm_Objects.BlackBoard_link(Ucm_Objects.java:50)
	at topicsSelenium.Ucm_Objects.BlackBoard_link(Ucm_Objects.java:50)
	at topicsSelenium.Ucm_Objects.BlackBoard_link(Ucm_Objects.java:50)
	at topicsSelenium.Ucm_Objects.BlackBoard_link(Ucm_Objects.java:50)
	at topicsSelenium.Ucm_Objects.BlackBoard_link(Ucm_Objects.java:50)
	at topicsSelenium.Ucm_Objects.BlackBoard_link(Ucm_Objects.java:50)
	at topicsSelenium.Ucm_Objects.BlackBoard_link(Ucm_Objects.java:50)
	at topicsSelenium.Ucm_Objects.BlackBoard_link(Ucm_Objects.java:50)
	at topicsSelenium.Ucm_Objects.BlackBoard_link(Ucm_Objects.java:50)
	at topicsSelenium.Ucm_Objects.BlackBoard_link(Ucm_Objects.java:50)
	at topicsSelenium.Ucm_Objects.BlackBoard_link(Ucm_Objects.java:50)
	at topicsSelenium.Ucm_Objects.BlackBoard_link(Ucm_Objects.java:50)
	at topicsSelenium.Ucm_Objects.BlackBoard_link(Ucm_Objects.java:50)
	at topicsSelenium.Ucm_Objects.BlackBoard_link(Ucm_Objects.java:50)
	at topicsSelenium.Ucm_Objects.BlackBoard_link(Ucm_Objects.java:50)
	at topicsSelenium.Ucm_Objects.BlackBoard_link(Ucm_Objects.java:50)
	at topicsSelenium.Ucm_Objects.BlackBoard_link(Ucm_Objects.java:50)
	at topicsSelenium.Ucm_Objects.BlackBoard_link(Ucm_Objects.java:50)
	at topicsSelenium.Ucm_Objects.BlackBoard_link(Ucm_Objects.java:50)
	at topicsSelenium.Ucm_Objects.BlackBoard_link(Ucm_Objects.java:50)
	at topicsSelenium.Ucm_Objects.BlackBoard_link(Ucm_Objects.java:50)
	at topicsSelenium.Ucm_Objects.BlackBoard_link(Ucm_Objects.java:50)
	at topicsSelenium.Ucm_Objects.BlackBoard_link(Ucm_Objects.java:50)
	at topicsSelenium.Ucm_Objects.BlackBoard_link(Ucm_Objects.java:50)
	at topicsSelenium.Ucm_Objects.BlackBoard_link(Ucm_Objects.java:50)
	at topicsSelenium.Ucm_Objects.BlackBoard_link(Ucm_Objects.java:50)
	at topicsSelenium.Ucm_Objects.BlackBoard_link(Ucm_Objects.java:50)
	at topicsSelenium.Ucm_Objects.BlackBoard_link(Ucm_Objects.java:50)
	at topicsSelenium.Ucm_Objects.BlackBoard_link(Ucm_Objects.java:50)
	at topicsSelenium.Ucm_Objects.BlackBoard_link(Ucm_Objects.java:50)
	at topicsSelenium.Ucm_Objects.BlackBoard_link(Ucm_Objects.java:50)
	at topicsSelenium.Ucm_Objects.BlackBoard_link(Ucm_Objects.java:50)
	at topicsSelenium.Ucm_Objects.BlackBoard_link(Ucm_Objects.java:50)
	at topicsSelenium.Ucm_Objects.BlackBoard_link(Ucm_Objects.java:50)
	at topicsSelenium.Ucm_Objects.BlackBoard_link(Ucm_Objects.java:50)
	at topicsSelenium.Ucm_Objects.BlackBoard_link(Ucm_Objects.java:50)
	at topicsSelenium.Ucm_Objects.BlackBoard_link(Ucm_Objects.java:50)
	at topicsSelenium.Ucm_Objects.BlackBoard_link(Ucm_Objects.java:50)
	at topicsSelenium.Ucm_Objects.BlackBoard_link(Ucm_Objects.java:50)
	at topicsSelenium.Ucm_Objects.BlackBoard_link(Ucm_Objects.java:50)
	at topicsSelenium.Ucm_Objects.BlackBoard_link(Ucm_Objects.java:50)
	at topicsSelenium.Ucm_Objects.BlackBoard_link(Ucm_Objects.java:50)
	at topicsSelenium.Ucm_Objects.BlackBoard_link(Ucm_Objects.java:50)
	at topicsSelenium.Ucm_Objects.BlackBoard_link(Ucm_Objects.java:50)
	at topicsSelenium.Ucm_Objects.BlackBoard_link(Ucm_Objects.java:50)
	at topicsSelenium.Ucm_Objects.BlackBoard_link(Ucm_Objects.java:50)
	at topicsSelenium.Ucm_Objects.BlackBoard_link(Ucm_Objects.java:50)
	at topicsSelenium.Ucm_Objects.BlackBoard_link(Ucm_Objects.java:50)
	at topicsSelenium.Ucm_Objects.BlackBoard_link(Ucm_Objects.java:50)
	at topicsSelenium.Ucm_Objects.BlackBoard_link(Ucm_Objects.java:50)
	at topicsSelenium.Ucm_Objects.BlackBoard_link(Ucm_Objects.java:50)
	at topicsSelenium.Ucm_Objects.BlackBoard_link(Ucm_Objects.java:50)
	at topicsSelenium.Ucm_Objects.BlackBoard_link(Ucm_Objects.java:50)
	at topicsSelenium.Ucm_Objects.BlackBoard_link(Ucm_Objects.java:50)
	at topicsSelenium.Ucm_Objects.BlackBoard_link(Ucm_Objects.java:50)
	at topicsSelenium.Ucm_Objects.BlackBoard_link(Ucm_Objects.java:50)
	at topicsSelenium.Ucm_Objects.BlackBoard_link(Ucm_Objects.java:50)
	at topicsSelenium.Ucm_Objects.BlackBoard_link(Ucm_Objects.java:50)
	at topicsSelenium.Ucm_Objects.BlackBoard_link(Ucm_Objects.java:50)
	at topicsSelenium.Ucm_Objects.BlackBoard_link(Ucm_Objects.java:50)
	at topicsSelenium.Ucm_Objects.BlackBoard_link(Ucm_Objects.java:50)
	at topicsSelenium.Ucm_Objects.BlackBoard_link(Ucm_Objects.java:50)
	at topicsSelenium.Ucm_Objects.BlackBoard_link(Ucm_Objects.java:50)
	at topicsSelenium.Ucm_Objects.BlackBoard_link(Ucm_Objects.java:50)
	at topicsSelenium.Ucm_Objects.BlackBoard_link(Ucm_Objects.java:50)
	at topicsSelenium.Ucm_Objects.BlackBoard_link(Ucm_Objects.java:50)
	at topicsSelenium.Ucm_Objects.BlackBoard_link(Ucm_Objects.java:50)
	at topicsSelenium.Ucm_Objects.BlackBoard_link(Ucm_Objects.java:50)
	at topicsSelenium.Ucm_Objects.BlackBoard_link(Ucm_Objects.java:50)
	at topicsSelenium.Ucm_Objects.BlackBoard_link(Ucm_Objects.java:50)
	at topicsSelenium.Ucm_Objects.BlackBoard_link(Ucm_Objects.java:50)
	at topicsSelenium.Ucm_Objects.BlackBoard_link(Ucm_Objects.java:50)
	at topicsSelenium.Ucm_Objects.BlackBoard_link(Ucm_Objects.java:50)
	at topicsSelenium.Ucm_Objects.BlackBoard_link(Ucm_Objects.java:50)
	at topicsSelenium.Ucm_Objects.BlackBoard_link(Ucm_Objects.java:50)
	at topicsSelenium.Ucm_Objects.BlackBoard_link(Ucm_Objects.java:50)
	at topicsSelenium.Ucm_Objects.BlackBoard_link(Ucm_Objects.java:50)
	at topicsSelenium.Ucm_Objects.BlackBoard_link(Ucm_Objects.java:50)
	at topicsSelenium.Ucm_Objects.BlackBoard_link(Ucm_Objects.java:50)
	at topicsSelenium.Ucm_Objects.BlackBoard_link(Ucm_Objects.java:50)
	at topicsSelenium.Ucm_Objects.BlackBoard_link(Ucm_Objects.java:50)
	at topicsSelenium.Ucm_Objects.BlackBoard_link(Ucm_Objects.java:50)
	at topicsSelenium.Ucm_Objects.BlackBoard_link(Ucm_Objects.java:50)
	at topicsSelenium.Ucm_Objects.BlackBoard_link(Ucm_Objects.java:50)
	at topicsSelenium.Ucm_Objects.BlackBoard_link(Ucm_Objects.java:50)
	at topicsSelenium.Ucm_Objects.BlackBoard_link(Ucm_Objects.java:50)
	at topicsSelenium.Ucm_Objects.BlackBoard_link(Ucm_Objects.java:50)
	at topicsSelenium.Ucm_Objects.BlackBoard_link(Ucm_Objects.java:50)
	at topicsSelenium.Ucm_Objects.BlackBoard_link(Ucm_Objects.java:50)
	at topicsSelenium.Ucm_Objects.BlackBoard_link(Ucm_Objects.java:50)
	at topicsSelenium.Ucm_Objects.BlackBoard_link(Ucm_Objects.java:50)
	at topicsSelenium.Ucm_Objects.BlackBoard_link(Ucm_Objects.java:50)
	at topicsSelenium.Ucm_Objects.BlackBoard_link(Ucm_Objects.java:50)
	at topicsSelenium.Ucm_Objects.BlackBoard_link(Ucm_Objects.java:50)
	at topicsSelenium.Ucm_Objects.BlackBoard_link(Ucm_Objects.java:50)
	at topicsSelenium.Ucm_Objects.BlackBoard_link(Ucm_Objects.java:50)
	at topicsSelenium.Ucm_Objects.BlackBoard_link(Ucm_Objects.java:50)
	at topicsSelenium.Ucm_Objects.BlackBoard_link(Ucm_Objects.java:50)
	at topicsSelenium.Ucm_Objects.BlackBoard_link(Ucm_Objects.java:50)
	at topicsSelenium.Ucm_Objects.BlackBoard_link(Ucm_Objects.java:50)
	at topicsSelenium.Ucm_Objects.BlackBoard_link(Ucm_Objects.java:50)
	at topicsSelenium.Ucm_Objects.BlackBoard_link(Ucm_Objects.java:50)
	at topicsSelenium.Ucm_Objects.BlackBoard_link(Ucm_Objects.java:50)
	at topicsSelenium.Ucm_Objects.BlackBoard_link(Ucm_Objects.java:50)
	at topicsSelenium.Ucm_Objects.BlackBoard_link(Ucm_Objects.java:50)
	at topicsSelenium.Ucm_Objects.BlackBoard_link(Ucm_Objects.java:50)
	at topicsSelenium.Ucm_Objects.BlackBoard_link(Ucm_Objects.java:50)
	at topicsSelenium.Ucm_Objects.BlackBoard_link(Ucm_Objects.java:50)
	at topicsSelenium.Ucm_Objects.BlackBoard_link(Ucm_Objects.java:50)
	at topicsSelenium.Ucm_Objects.BlackBoard_link(Ucm_Objects.java:50)
	at topicsSelenium.Ucm_Objects.BlackBoard_link(Ucm_Objects.java:50)
	at topicsSelenium.Ucm_Objects.BlackBoard_link(Ucm_Objects.java:50)
	at topicsSelenium.Ucm_Objects.BlackBoard_link(Ucm_Objects.java:50)
	at topicsSelenium.Ucm_Objects.BlackBoard_link(Ucm_Objects.java:50)
	at topicsSelenium.Ucm_Objects.BlackBoard_link(Ucm_Objects.java:50)
	at topicsSelenium.Ucm_Objects.BlackBoard_link(Ucm_Objects.java:50)
	at topicsSelenium.Ucm_Objects.BlackBoard_link(Ucm_Objects.java:50)
	at topicsSelenium.Ucm_Objects.BlackBoard_link(Ucm_Objects.java:50)
	at topicsSelenium.Ucm_Objects.BlackBoard_link(Ucm_Objects.java:50)
	at topicsSelenium.Ucm_Objects.BlackBoard_link(Ucm_Objects.java:50)
	at topicsSelenium.Ucm_Objects.BlackBoard_link(Ucm_Objects.java:50)
	at topicsSelenium.Ucm_Objects.BlackBoard_link(Ucm_Objects.java:50)
	at topicsSelenium.Ucm_Objects.BlackBoard_link(Ucm_Objects.java:50)
	at topicsSelenium.Ucm_Objects.BlackBoard_link(Ucm_Objects.java:50)
	at topicsSelenium.Ucm_Objects.BlackBoard_link(Ucm_Objects.java:50)
	at topicsSelenium.Ucm_Objects.BlackBoard_link(Ucm_Objects.java:50)
	at topicsSelenium.Ucm_Objects.BlackBoard_link(Ucm_Objects.java:50)
	at topicsSelenium.Ucm_Objects.BlackBoard_link(Ucm_Objects.java:50)
	at topicsSelenium.Ucm_Objects.BlackBoard_link(Ucm_Objects.java:50)
	at topicsSelenium.Ucm_Objects.BlackBoard_link(Ucm_Objects.java:50)
	at topicsSelenium.Ucm_Objects.BlackBoard_link(Ucm_Objects.java:50)
	at topicsSelenium.Ucm_Objects.BlackBoard_link(Ucm_Objects.java:50)
	at topicsSelenium.Ucm_Objects.BlackBoard_link(Ucm_Objects.java:50)
	at topicsSelenium.Ucm_Objects.BlackBoard_link(Ucm_Objects.java:50)
	at topicsSelenium.Ucm_Objects.BlackBoard_link(Ucm_Objects.java:50)
	at topicsSelenium.Ucm_Objects.BlackBoard_link(Ucm_Objects.java:50)
	at topicsSelenium.Ucm_Objects.BlackBoard_link(Ucm_Objects.java:50)
	at topicsSelenium.Ucm_Objects.BlackBoard_link(Ucm_Objects.java:50)
	at topicsSelenium.Ucm_Objects.BlackBoard_link(Ucm_Objects.java:50)
	at topicsSelenium.Ucm_Objects.BlackBoard_link(Ucm_Objects.java:50)
	at topicsSelenium.Ucm_Objects.BlackBoard_link(Ucm_Objects.java:50)
	at topicsSelenium.Ucm_Objects.BlackBoard_link(Ucm_Objects.java:50)
	at topicsSelenium.Ucm_Objects.BlackBoard_link(Ucm_Objects.java:50)
	at topicsSelenium.Ucm_Objects.BlackBoard_link(Ucm_Objects.java:50)
	at topicsSelenium.Ucm_Objects.BlackBoard_link(Ucm_Objects.java:50)
	at topicsSelenium.Ucm_Objects.BlackBoard_link(Ucm_Objects.java:50)
	at topicsSelenium.Ucm_Objects.BlackBoard_link(Ucm_Objects.java:50)
	at topicsSelenium.Ucm_Objects.BlackBoard_link(Ucm_Objects.java:50)
	at topicsSelenium.Ucm_Objects.BlackBoard_link(Ucm_Objects.java:50)
	at topicsSelenium.Ucm_Objects.BlackBoard_link(Ucm_Objects.java:50)
	at topicsSelenium.Ucm_Objects.BlackBoard_link(Ucm_Objects.java:50)
	at topicsSelenium.Ucm_Objects.BlackBoard_link(Ucm_Objects.java:50)
	at topicsSelenium.Ucm_Objects.BlackBoard_link(Ucm_Objects.java:50)
	at topicsSelenium.Ucm_Objects.BlackBoard_link(Ucm_Objects.java:50)
	at topicsSelenium.Ucm_Objects.BlackBoard_link(Ucm_Objects.java:50)
	at topicsSelenium.Ucm_Objects.BlackBoard_link(Ucm_Objects.java:50)
	at topicsSelenium.Ucm_Objects.BlackBoard_link(Ucm_Objects.java:50)
	at topicsSelenium.Ucm_Objects.BlackBoard_link(Ucm_Objects.java:50)
	at topicsSelenium.Ucm_Objects.BlackBoard_link(Ucm_Objects.java:50)
	at topicsSelenium.Ucm_Objects.BlackBoard_link(Ucm_Objects.java:50)
	at topicsSelenium.Ucm_Objects.BlackBoard_link(Ucm_Objects.java:50)
	at topicsSelenium.Ucm_Objects.BlackBoard_link(Ucm_Objects.java:50)
	at topicsSelenium.Ucm_Objects.BlackBoard_link(Ucm_Objects.java:50)
	at topicsSelenium.Ucm_Objects.BlackBoard_link(Ucm_Objects.java:50)
	at topicsSelenium.Ucm_Objects.BlackBoard_link(Ucm_Objects.java:50)
	at topicsSelenium.Ucm_Objects.BlackBoard_link(Ucm_Objects.java:50)
	at topicsSelenium.Ucm_Objects.BlackBoard_link(Ucm_Objects.java:50)
	at topicsSelenium.Ucm_Objects.BlackBoard_link(Ucm_Objects.java:50)
	at topicsSelenium.Ucm_Objects.BlackBoard_link(Ucm_Objects.java:50)
	at topicsSelenium.Ucm_Objects.BlackBoard_link(Ucm_Objects.java:50)
	at topicsSelenium.Ucm_Objects.BlackBoard_link(Ucm_Objects.java:50)
	at topicsSelenium.Ucm_Objects.BlackBoard_link(Ucm_Objects.java:50)
	at topicsSelenium.Ucm_Objects.BlackBoard_link(Ucm_Objects.java:50)
	at topicsSelenium.Ucm_Objects.BlackBoard_link(Ucm_Objects.java:50)
	at topicsSelenium.Ucm_Objects.BlackBoard_link(Ucm_Objects.java:50)
	at topicsSelenium.Ucm_Objects.BlackBoard_link(Ucm_Objects.java:50)
	at topicsSelenium.Ucm_Objects.BlackBoard_link(Ucm_Objects.java:50)
	at topicsSelenium.Ucm_Objects.BlackBoard_link(Ucm_Objects.java:50)
	at topicsSelenium.Ucm_Objects.BlackBoard_link(Ucm_Objects.java:50)
	at topicsSelenium.Ucm_Objects.BlackBoard_link(Ucm_Objects.java:50)
	at topicsSelenium.Ucm_Objects.BlackBoard_link(Ucm_Objects.java:50)
	at topicsSelenium.Ucm_Objects.BlackBoard_link(Ucm_Objects.java:50)
	at topicsSelenium.Ucm_Objects.BlackBoard_link(Ucm_Objects.java:50)
	at topicsSelenium.Ucm_Objects.BlackBoard_link(Ucm_Objects.java:50)
	at topicsSelenium.Ucm_Objects.BlackBoard_link(Ucm_Objects.java:50)
	at topicsSelenium.Ucm_Objects.BlackBoard_link(Ucm_Objects.java:50)
	at topicsSelenium.Ucm_Objects.BlackBoard_link(Ucm_Objects.java:50)
	at topicsSelenium.Ucm_Objects.BlackBoard_link(Ucm_Objects.java:50)
	at topicsSelenium.Ucm_Objects.BlackBoard_link(Ucm_Objects.java:50)
	at topicsSelenium.Ucm_Objects.BlackBoard_link(Ucm_Objects.java:50)
	at topicsSelenium.Ucm_Objects.BlackBoard_link(Ucm_Objects.java:50)
	at topicsSelenium.Ucm_Objects.BlackBoard_link(Ucm_Objects.java:50)
	at topicsSelenium.Ucm_Objects.BlackBoard_link(Ucm_Objects.java:50)
	at topicsSelenium.Ucm_Objects.BlackBoard_link(Ucm_Objects.java:50)
	at topicsSelenium.Ucm_Objects.BlackBoard_link(Ucm_Objects.java:50)
	at topicsSelenium.Ucm_Objects.BlackBoard_link(Ucm_Objects.java:50)
	at topicsSelenium.Ucm_Objects.BlackBoard_link(Ucm_Objects.java:50)
	at topicsSelenium.Ucm_Objects.BlackBoard_link(Ucm_Objects.java:50)
	at topicsSelenium.Ucm_Objects.BlackBoard_link(Ucm_Objects.java:50)
	at topicsSelenium.Ucm_Objects.BlackBoard_link(Ucm_Objects.java:50)
	at topicsSelenium.Ucm_Objects.BlackBoard_link(Ucm_Objects.java:50)
	at topicsSelenium.Ucm_Objects.BlackBoard_link(Ucm_Objects.java:50)
	at topicsSelenium.Ucm_Objects.BlackBoard_link(Ucm_Objects.java:50)
	at topicsSelenium.Ucm_Objects.BlackBoard_link(Ucm_Objects.java:50)
	at topicsSelenium.Ucm_Objects.BlackBoard_link(Ucm_Objects.java:50)
	at topicsSelenium.Ucm_Objects.BlackBoard_link(Ucm_Objects.java:50)
	at topicsSelenium.Ucm_Objects.BlackBoard_link(Ucm_Objects.java:50)
	at topicsSelenium.Ucm_Objects.BlackBoard_link(Ucm_Objects.java:50)
	at topicsSelenium.Ucm_Objects.BlackBoard_link(Ucm_Objects.java:50)
	at topicsSelenium.Ucm_Objects.BlackBoard_link(Ucm_Objects.java:50)
	at topicsSelenium.Ucm_Objects.BlackBoard_link(Ucm_Objects.java:50)
	at topicsSelenium.Ucm_Objects.BlackBoard_link(Ucm_Objects.java:50)
	at topicsSelenium.Ucm_Objects.BlackBoard_link(Ucm_Objects.java:50)
	at topicsSelenium.Ucm_Objects.BlackBoard_link(Ucm_Objects.java:50)
	at topicsSelenium.Ucm_Objects.BlackBoard_link(Ucm_Objects.java:50)
	at topicsSelenium.Ucm_Objects.BlackBoard_link(Ucm_Objects.java:50)
	at topicsSelenium.Ucm_Objects.BlackBoard_link(Ucm_Objects.java:50)
	at topicsSelenium.Ucm_Objects.BlackBoard_link(Ucm_Objects.java:50)
	at topicsSelenium.Ucm_Objects.BlackBoard_link(Ucm_Objects.java:50)
	at topicsSelenium.Ucm_Objects.BlackBoard_link(Ucm_Objects.java:50)
	at topicsSelenium.Ucm_Objects.BlackBoard_link(Ucm_Objects.java:50)
	at topicsSelenium.Ucm_Objects.BlackBoard_link(Ucm_Objects.java:50)
	at topicsSelenium.Ucm_Objects.BlackBoard_link(Ucm_Objects.java:50)
	at topicsSelenium.Ucm_Objects.BlackBoard_link(Ucm_Objects.java:50)
	at topicsSelenium.Ucm_Objects.BlackBoard_link(Ucm_Objects.java:50)
	at topicsSelenium.Ucm_Objects.BlackBoard_link(Ucm_Objects.java:50)
	at topicsSelenium.Ucm_Objects.BlackBoard_link(Ucm_Objects.java:50)
	at topicsSelenium.Ucm_Objects.BlackBoard_link(Ucm_Objects.java:50)
	at topicsSelenium.Ucm_Objects.BlackBoard_link(Ucm_Objects.java:50)
	at topicsSelenium.Ucm_Objects.BlackBoard_link(Ucm_Objects.java:50)
	at topicsSelenium.Ucm_Objects.BlackBoard_link(Ucm_Objects.java:50)
	at topicsSelenium.Ucm_Objects.BlackBoard_link(Ucm_Objects.java:50)
	at topicsSelenium.Ucm_Objects.BlackBoard_link(Ucm_Objects.java:50)
	at topicsSelenium.Ucm_Objects.BlackBoard_link(Ucm_Objects.java:50)
	at topicsSelenium.Ucm_Objects.BlackBoard_link(Ucm_Objects.java:50)
	at topicsSelenium.Ucm_Objects.BlackBoard_link(Ucm_Objects.java:50)
	at topicsSelenium.Ucm_Objects.BlackBoard_link(Ucm_Objects.java:50)
	at topicsSelenium.Ucm_Objects.BlackBoard_link(Ucm_Objects.java:50)
	at topicsSelenium.Ucm_Objects.BlackBoard_link(Ucm_Objects.java:50)
	at topicsSelenium.Ucm_Objects.BlackBoard_link(Ucm_Objects.java:50)
	at topicsSelenium.Ucm_Objects.BlackBoard_link(Ucm_Objects.java:50)
	at topicsSelenium.Ucm_Objects.BlackBoard_link(Ucm_Objects.java:50)
	at topicsSelenium.Ucm_Objects.BlackBoard_link(Ucm_Objects.java:50)
	at topicsSelenium.Ucm_Objects.BlackBoard_link(Ucm_Objects.java:50)
	at topicsSelenium.Ucm_Objects.BlackBoard_link(Ucm_Objects.java:50)
	at topicsSelenium.Ucm_Objects.BlackBoard_link(Ucm_Objects.java:50)
	at topicsSelenium.Ucm_Objects.BlackBoard_link(Ucm_Objects.java:50)
	at topicsSelenium.Ucm_Objects.BlackBoard_link(Ucm_Objects.java:50)
	at topicsSelenium.Ucm_Objects.BlackBoard_link(Ucm_Objects.java:50)
	at topicsSelenium.Ucm_Objects.BlackBoard_link(Ucm_Objects.java:50)
	at topicsSelenium.Ucm_Objects.BlackBoard_link(Ucm_Objects.java:50)
	at topicsSelenium.Ucm_Objects.BlackBoard_link(Ucm_Objects.java:50)
	at topicsSelenium.Ucm_Objects.BlackBoard_link(Ucm_Objects.java:50)
	at topicsSelenium.Ucm_Objects.BlackBoard_link(Ucm_Objects.java:50)
	at topicsSelenium.Ucm_Objects.BlackBoard_link(Ucm_Objects.java:50)
	at topicsSelenium.Ucm_Objects.BlackBoard_link(Ucm_Objects.java:50)
	at topicsSelenium.Ucm_Objects.BlackBoard_link(Ucm_Objects.java:50)
	at topicsSelenium.Ucm_Objects.BlackBoard_link(Ucm_Objects.java:50)
	at topicsSelenium.Ucm_Objects.BlackBoard_link(Ucm_Objects.java:50)
	at topicsSelenium.Ucm_Objects.BlackBoard_link(Ucm_Objects.java:50)
	at topicsSelenium.Ucm_Objects.BlackBoard_link(Ucm_Objects.java:50)
	at topicsSelenium.Ucm_Objects.BlackBoard_link(Ucm_Objects.java:50)
	at topicsSelenium.Ucm_Objects.BlackBoard_link(Ucm_Objects.java:50)
	at topicsSelenium.Ucm_Objects.BlackBoard_link(Ucm_Objects.java:50)
	at topicsSelenium.Ucm_Objects.BlackBoard_link(Ucm_Objects.java:50)
	at topicsSelenium.Ucm_Objects.BlackBoard_link(Ucm_Objects.java:50)
	at topicsSelenium.Ucm_Objects.BlackBoard_link(Ucm_Objects.java:50)
	at topicsSelenium.Ucm_Objects.BlackBoard_link(Ucm_Objects.java:50)
	at topicsSelenium.Ucm_Objects.BlackBoard_link(Ucm_Objects.java:50)
	at topicsSelenium.Ucm_Objects.BlackBoard_link(Ucm_Objects.java:50)
	at topicsSelenium.Ucm_Objects.BlackBoard_link(Ucm_Objects.java:50)
	at topicsSelenium.Ucm_Objects.BlackBoard_link(Ucm_Objects.java:50)
	at topicsSelenium.Ucm_Objects.BlackBoard_link(Ucm_Objects.java:50)
	at topicsSelenium.Ucm_Objects.BlackBoard_link(Ucm_Objects.java:50)
	at topicsSelenium.Ucm_Objects.BlackBoard_link(Ucm_Objects.java:50)
	at topicsSelenium.Ucm_Objects.BlackBoard_link(Ucm_Objects.java:50)
	at topicsSelenium.Ucm_Objects.BlackBoard_link(Ucm_Objects.java:50)
	at topicsSelenium.Ucm_Objects.BlackBoard_link(Ucm_Objects.java:50)
	at topicsSelenium.Ucm_Objects.BlackBoard_link(Ucm_Objects.java:50)
	at topicsSelenium.Ucm_Objects.BlackBoard_link(Ucm_Objects.java:50)
	at topicsSelenium.Ucm_Objects.BlackBoard_link(Ucm_Objects.java:50)
	at topicsSelenium.Ucm_Objects.BlackBoard_link(Ucm_Objects.java:50)
	at topicsSelenium.Ucm_Objects.BlackBoard_link(Ucm_Objects.java:50)
	at topicsSelenium.Ucm_Objects.BlackBoard_link(Ucm_Objects.java:50)
	at topicsSelenium.Ucm_Objects.BlackBoard_link(Ucm_Objects.java:50)
	at topicsSelenium.Ucm_Objects.BlackBoard_link(Ucm_Objects.java:50)
	at topicsSelenium.Ucm_Objects.BlackBoard_link(Ucm_Objects.java:50)
	at topicsSelenium.Ucm_Objects.BlackBoard_link(Ucm_Objects.java:50)
	at topicsSelenium.Ucm_Objects.BlackBoard_link(Ucm_Objects.java:50)
	at topicsSelenium.Ucm_Objects.BlackBoard_link(Ucm_Objects.java:50)
	at topicsSelenium.Ucm_Objects.BlackBoard_link(Ucm_Objects.java:50)
	at topicsSelenium.Ucm_Objects.BlackBoard_link(Ucm_Objects.java:50)
	at topicsSelenium.Ucm_Objects.BlackBoard_link(Ucm_Objects.java:50)
	at topicsSelenium.Ucm_Objects.BlackBoard_link(Ucm_Objects.java:50)
	at topicsSelenium.Ucm_Objects.BlackBoard_link(Ucm_Objects.java:50)
	at topicsSelenium.Ucm_Objects.BlackBoard_link(Ucm_Objects.java:50)
	at topicsSelenium.Ucm_Objects.BlackBoard_link(Ucm_Objects.java:50)
	at topicsSelenium.Ucm_Objects.BlackBoard_link(Ucm_Objects.java:50)
	at topicsSelenium.Ucm_Objects.BlackBoard_link(Ucm_Objects.java:50)
	at topicsSelenium.Ucm_Objects.BlackBoard_link(Ucm_Objects.java:50)
	at topicsSelenium.Ucm_Objects.BlackBoard_link(Ucm_Objects.java:50)
	at topicsSelenium.Ucm_Objects.BlackBoard_link(Ucm_Objects.java:50)
	at topicsSelenium.Ucm_Objects.BlackBoard_link(Ucm_Objects.java:50)
	at topicsSelenium.Ucm_Objects.BlackBoard_link(Ucm_Objects.java:50)
	at topicsSelenium.Ucm_Objects.BlackBoard_link(Ucm_Objects.java:50)
	at topicsSelenium.Ucm_Objects.BlackBoard_link(Ucm_Objects.java:50)
	at topicsSelenium.Ucm_Objects.BlackBoard_link(Ucm_Objects.java:50)
	at topicsSelenium.Ucm_Objects.BlackBoard_link(Ucm_Objects.java:50)
	at topicsSelenium.Ucm_Objects.BlackBoard_link(Ucm_Objects.java:50)
	at topicsSelenium.Ucm_Objects.BlackBoard_link(Ucm_Objects.java:50)
	at topicsSelenium.Ucm_Objects.BlackBoard_link(Ucm_Objects.java:50)
	at topicsSelenium.Ucm_Objects.BlackBoard_link(Ucm_Objects.java:50)
	at topicsSelenium.Ucm_Objects.BlackBoard_link(Ucm_Objects.java:50)
	at topicsSelenium.Ucm_Objects.BlackBoard_link(Ucm_Objects.java:50)
	at topicsSelenium.Ucm_Objects.BlackBoard_link(Ucm_Objects.java:50)
	at topicsSelenium.Ucm_Objects.BlackBoard_link(Ucm_Objects.java:50)
	at topicsSelenium.Ucm_Objects.BlackBoard_link(Ucm_Objects.java:50)
	at topicsSelenium.Ucm_Objects.BlackBoard_link(Ucm_Objects.java:50)
	at topicsSelenium.Ucm_Objects.BlackBoard_link(Ucm_Objects.java:50)
	at topicsSelenium.Ucm_Objects.BlackBoard_link(Ucm_Objects.java:50)
	at topicsSelenium.Ucm_Objects.BlackBoard_link(Ucm_Objects.java:50)
	at topicsSelenium.Ucm_Objects.BlackBoard_link(Ucm_Objects.java:50)
	at topicsSelenium.Ucm_Objects.BlackBoard_link(Ucm_Objects.java:50)
	at topicsSelenium.Ucm_Objects.BlackBoard_link(Ucm_Objects.java:50)
	at topicsSelenium.Ucm_Objects.BlackBoard_link(Ucm_Objects.java:50)
	at topicsSelenium.Ucm_Objects.BlackBoard_link(Ucm_Objects.java:50)
	at topicsSelenium.Ucm_Objects.BlackBoard_link(Ucm_Objects.java:50)
	at topicsSelenium.Ucm_Objects.BlackBoard_link(Ucm_Objects.java:50)
	at topicsSelenium.Ucm_Objects.BlackBoard_link(Ucm_Objects.java:50)
	at topicsSelenium.Ucm_Objects.BlackBoard_link(Ucm_Objects.java:50)
	at topicsSelenium.Ucm_Objects.BlackBoard_link(Ucm_Objects.java:50)
	at topicsSelenium.Ucm_Objects.BlackBoard_link(Ucm_Objects.java:50)
	at topicsSelenium.Ucm_Objects.BlackBoard_link(Ucm_Objects.java:50)
	at topicsSelenium.Ucm_Objects.BlackBoard_link(Ucm_Objects.java:50)
	at topicsSelenium.Ucm_Objects.BlackBoard_link(Ucm_Objects.java:50)
	at topicsSelenium.Ucm_Objects.BlackBoard_link(Ucm_Objects.java:50)
	at topicsSelenium.Ucm_Objects.BlackBoard_link(Ucm_Objects.java:50)
	at topicsSelenium.Ucm_Objects.BlackBoard_link(Ucm_Objects.java:50)
	at topicsSelenium.Ucm_Objects.BlackBoard_link(Ucm_Objects.java:50)
	at topicsSelenium.Ucm_Objects.BlackBoard_link(Ucm_Objects.java:50)
	at topicsSelenium.Ucm_Objects.BlackBoard_link(Ucm_Objects.java:50)
	at topicsSelenium.Ucm_Objects.BlackBoard_link(Ucm_Objects.java:50)
	at topicsSelenium.Ucm_Objects.BlackBoard_link(Ucm_Objects.java:50)
	at topicsSelenium.Ucm_Objects.BlackBoard_link(Ucm_Objects.java:50)
	at topicsSelenium.Ucm_Objects.BlackBoard_link(Ucm_Objects.java:50)
	at topicsSelenium.Ucm_Objects.BlackBoard_link(Ucm_Objects.java:50)
	at topicsSelenium.Ucm_Objects.BlackBoard_link(Ucm_Objects.java:50)
	at topicsSelenium.Ucm_Objects.BlackBoard_link(Ucm_Objects.java:50)
	at topicsSelenium.Ucm_Objects.BlackBoard_link(Ucm_Objects.java:50)
	at topicsSelenium.Ucm_Objects.BlackBoard_link(Ucm_Objects.java:50)
	at topicsSelenium.Ucm_Objects.BlackBoard_link(Ucm_Objects.java:50)
	at topicsSelenium.Ucm_Objects.BlackBoard_link(Ucm_Objects.java:50)
	at topicsSelenium.Ucm_Objects.BlackBoard_link(Ucm_Objects.java:50)
	at topicsSelenium.Ucm_Objects.BlackBoard_link(Ucm_Objects.java:50)
	at topicsSelenium.Ucm_Objects.BlackBoard_link(Ucm_Objects.java:50)
	at topicsSelenium.Ucm_Objects.BlackBoard_link(Ucm_Objects.java:50)
	at topicsSelenium.Ucm_Objects.BlackBoard_link(Ucm_Objects.java:50)
	at topicsSelenium.Ucm_Objects.BlackBoard_link(Ucm_Objects.java:50)
	at topicsSelenium.Ucm_Objects.BlackBoard_link(Ucm_Objects.java:50)
	at topicsSelenium.Ucm_Objects.BlackBoard_link(Ucm_Objects.java:50)
	at topicsSelenium.Ucm_Objects.BlackBoard_link(Ucm_Objects.java:50)
	at topicsSelenium.Ucm_Objects.BlackBoard_link(Ucm_Objects.java:50)
	at topicsSelenium.Ucm_Objects.BlackBoard_link(Ucm_Objects.java:50)
	at topicsSelenium.Ucm_Objects.BlackBoard_link(Ucm_Objects.java:50)
	at topicsSelenium.Ucm_Objects.BlackBoard_link(Ucm_Objects.java:50)
	at topicsSelenium.Ucm_Objects.BlackBoard_link(Ucm_Objects.java:50)
	at topicsSelenium.Ucm_Objects.BlackBoard_link(Ucm_Objects.java:50)
	at topicsSelenium.Ucm_Objects.BlackBoard_link(Ucm_Objects.java:50)
	at topicsSelenium.Ucm_Objects.BlackBoard_link(Ucm_Objects.java:50)
	at topicsSelenium.Ucm_Objects.BlackBoard_link(Ucm_Objects.java:50)
	at topicsSelenium.Ucm_Objects.BlackBoard_link(Ucm_Objects.java:50)
	at topicsSelenium.Ucm_Objects.BlackBoard_link(Ucm_Objects.java:50)
	at topicsSelenium.Ucm_Objects.BlackBoard_link(Ucm_Objects.java:50)
	at topicsSelenium.Ucm_Objects.BlackBoard_link(Ucm_Objects.java:50)
	at topicsSelenium.Ucm_Objects.BlackBoard_link(Ucm_Objects.java:50)
	at topicsSelenium.Ucm_Objects.BlackBoard_link(Ucm_Objects.java:50)
	at topicsSelenium.Ucm_Objects.BlackBoard_link(Ucm_Objects.java:50)
	at topicsSelenium.Ucm_Objects.BlackBoard_link(Ucm_Objects.java:50)
	at topicsSelenium.Ucm_Objects.BlackBoard_link(Ucm_Objects.java:50)
	at topicsSelenium.Ucm_Objects.BlackBoard_link(Ucm_Objects.java:50)
	at topicsSelenium.Ucm_Objects.BlackBoard_link(Ucm_Objects.java:50)
	at topicsSelenium.Ucm_Objects.BlackBoard_link(Ucm_Objects.java:50)
	at topicsSelenium.Ucm_Objects.BlackBoard_link(Ucm_Objects.java:50)
	at topicsSelenium.Ucm_Objects.BlackBoard_link(Ucm_Objects.java:50)
	at topicsSelenium.Ucm_Objects.BlackBoard_link(Ucm_Objects.java:50)
	at topicsSelenium.Ucm_Objects.BlackBoard_link(Ucm_Objects.java:50)
	at topicsSelenium.Ucm_Objects.BlackBoard_link(Ucm_Objects.java:50)
	at topicsSelenium.Ucm_Objects.BlackBoard_link(Ucm_Objects.java:50)
	at topicsSelenium.Ucm_Objects.BlackBoard_link(Ucm_Objects.java:50)
	at topicsSelenium.Ucm_Objects.BlackBoard_link(Ucm_Objects.java:50)
	at topicsSelenium.Ucm_Objects.BlackBoard_link(Ucm_Objects.java:50)
	at topicsSelenium.Ucm_Objects.BlackBoard_link(Ucm_Objects.java:50)
	at topicsSelenium.Ucm_Objects.BlackBoard_link(Ucm_Objects.java:50)
	at topicsSelenium.Ucm_Objects.BlackBoard_link(Ucm_Objects.java:50)
	at topicsSelenium.Ucm_Objects.BlackBoard_link(Ucm_Objects.java:50)
	at topicsSelenium.Ucm_Objects.BlackBoard_link(Ucm_Objects.java:50)
	at topicsSelenium.Ucm_Objects.BlackBoard_link(Ucm_Objects.java:50)
	at topicsSelenium.Ucm_Objects.BlackBoard_link(Ucm_Objects.java:50)
	at topicsSelenium.Ucm_Objects.BlackBoard_link(Ucm_Objects.java:50)
	at topicsSelenium.Ucm_Objects.BlackBoard_link(Ucm_Objects.java:50)
	at topicsSelenium.Ucm_Objects.BlackBoard_link(Ucm_Objects.java:50)
	at topicsSelenium.Ucm_Objects.BlackBoard_link(Ucm_Objects.java:50)
	at topicsSelenium.Ucm_Objects.BlackBoard_link(Ucm_Objects.java:50)
	at topicsSelenium.Ucm_Objects.BlackBoard_link(Ucm_Objects.java:50)
	at topicsSelenium.Ucm_Objects.BlackBoard_link(Ucm_Objects.java:50)
	at topicsSelenium.Ucm_Objects.BlackBoard_link(Ucm_Objects.java:50)
	at topicsSelenium.Ucm_Objects.BlackBoard_link(Ucm_Objects.java:50)
	at topicsSelenium.Ucm_Objects.BlackBoard_link(Ucm_Objects.java:50)
	at topicsSelenium.Ucm_Objects.BlackBoard_link(Ucm_Objects.java:50)
	at topicsSelenium.Ucm_Objects.BlackBoard_link(Ucm_Objects.java:50)
	at topicsSelenium.Ucm_Objects.BlackBoard_link(Ucm_Objects.java:50)
	at topicsSelenium.Ucm_Objects.BlackBoard_link(Ucm_Objects.java:50)
	at topicsSelenium.Ucm_Objects.BlackBoard_link(Ucm_Objects.java:50)
	at topicsSelenium.Ucm_Objects.BlackBoard_link(Ucm_Objects.java:50)
	at topicsSelenium.Ucm_Objects.BlackBoard_link(Ucm_Objects.java:50)
	at topicsSelenium.Ucm_Objects.BlackBoard_link(Ucm_Objects.java:50)
	at topicsSelenium.Ucm_Objects.BlackBoard_link(Ucm_Objects.java:50)
	at topicsSelenium.Ucm_Objects.BlackBoard_link(Ucm_Objects.java:50)
	at topicsSelenium.Ucm_Objects.BlackBoard_link(Ucm_Objects.java:50)
	at topicsSelenium.Ucm_Objects.BlackBoard_link(Ucm_Objects.java:50)
	at topicsSelenium.Ucm_Objects.BlackBoard_link(Ucm_Objects.java:50)
	at topicsSelenium.Ucm_Objects.BlackBoard_link(Ucm_Objects.java:50)
	at topicsSelenium.Ucm_Objects.BlackBoard_link(Ucm_Objects.java:50)
	at topicsSelenium.Ucm_Objects.BlackBoard_link(Ucm_Objects.java:50)
	at topicsSelenium.Ucm_Objects.BlackBoard_link(Ucm_Objects.java:50)
	at topicsSelenium.Ucm_Objects.BlackBoard_link(Ucm_Objects.java:50)
	at topicsSelenium.Ucm_Objects.BlackBoard_link(Ucm_Objects.java:50)
	at topicsSelenium.Ucm_Objects.BlackBoard_link(Ucm_Objects.java:50)
	at topicsSelenium.Ucm_Objects.BlackBoard_link(Ucm_Objects.java:50)
	at topicsSelenium.Ucm_Objects.BlackBoard_link(Ucm_Objects.java:50)
	at topicsSelenium.Ucm_Objects.BlackBoard_link(Ucm_Objects.java:50)
	at topicsSelenium.Ucm_Objects.BlackBoard_link(Ucm_Objects.java:50)
	at topicsSelenium.Ucm_Objects.BlackBoard_link(Ucm_Objects.java:50)
	at topicsSelenium.Ucm_Objects.BlackBoard_link(Ucm_Objects.java:50)
	at topicsSelenium.Ucm_Objects.BlackBoard_link(Ucm_Objects.java:50)
	at topicsSelenium.Ucm_Objects.BlackBoard_link(Ucm_Objects.java:50)
	at topicsSelenium.Ucm_Objects.BlackBoard_link(Ucm_Objects.java:50)
	at topicsSelenium.Ucm_Objects.BlackBoard_link(Ucm_Objects.java:50)
	at topicsSelenium.Ucm_Objects.BlackBoard_link(Ucm_Objects.java:50)
	at topicsSelenium.Ucm_Objects.BlackBoard_link(Ucm_Objects.java:50)
	at topicsSelenium.Ucm_Objects.BlackBoard_link(Ucm_Objects.java:50)
	at topicsSelenium.Ucm_Objects.BlackBoard_link(Ucm_Objects.java:50)
	at topicsSelenium.Ucm_Objects.BlackBoard_link(Ucm_Objects.java:50)
	at topicsSelenium.Ucm_Objects.BlackBoard_link(Ucm_Objects.java:50)
	at topicsSelenium.Ucm_Objects.BlackBoard_link(Ucm_Objects.java:50)
	at topicsSelenium.Ucm_Objects.BlackBoard_link(Ucm_Objects.java:50)
	at topicsSelenium.Ucm_Objects.BlackBoard_link(Ucm_Objects.java:50)
	at topicsSelenium.Ucm_Objects.BlackBoard_link(Ucm_Objects.java:50)
	at topicsSelenium.Ucm_Objects.BlackBoard_link(Ucm_Objects.java:50)
	at topicsSelenium.Ucm_Objects.BlackBoard_link(Ucm_Objects.java:50)
	at topicsSelenium.Ucm_Objects.BlackBoard_link(Ucm_Objects.java:50)
	at topicsSelenium.Ucm_Objects.BlackBoard_link(Ucm_Objects.java:50)
	at topicsSelenium.Ucm_Objects.BlackBoard_link(Ucm_Objects.java:50)
	at topicsSelenium.Ucm_Objects.BlackBoard_link(Ucm_Objects.java:50)
	at topicsSelenium.Ucm_Objects.BlackBoard_link(Ucm_Objects.java:50)
	at topicsSelenium.Ucm_Objects.BlackBoard_link(Ucm_Objects.java:50)
	at topicsSelenium.Ucm_Objects.BlackBoard_link(Ucm_Objects.java:50)
	at topicsSelenium.Ucm_Objects.BlackBoard_link(Ucm_Objects.java:50)
	at topicsSelenium.Ucm_Objects.BlackBoard_link(Ucm_Objects.java:50)
	at topicsSelenium.Ucm_Objects.BlackBoard_link(Ucm_Objects.java:50)
	at topicsSelenium.Ucm_Objects.BlackBoard_link(Ucm_Objects.java:50)
	at topicsSelenium.Ucm_Objects.BlackBoard_link(Ucm_Objects.java:50)
	at topicsSelenium.Ucm_Objects.BlackBoard_link(Ucm_Objects.java:50)
	at topicsSelenium.Ucm_Objects.BlackBoard_link(Ucm_Objects.java:50)
	at topicsSelenium.Ucm_Objects.BlackBoard_link(Ucm_Objects.java:50)
	at topicsSelenium.Ucm_Objects.BlackBoard_link(Ucm_Objects.java:50)
	at topicsSelenium.Ucm_Objects.BlackBoard_link(Ucm_Objects.java:50)
	at topicsSelenium.Ucm_Objects.BlackBoard_link(Ucm_Objects.java:50)
	at topicsSelenium.Ucm_Objects.BlackBoard_link(Ucm_Objects.java:50)
	at topicsSelenium.Ucm_Objects.BlackBoard_link(Ucm_Objects.java:50)
	at topicsSelenium.Ucm_Objects.BlackBoard_link(Ucm_Objects.java:50)
	at topicsSelenium.Ucm_Objects.BlackBoard_link(Ucm_Objects.java:50)
	at topicsSelenium.Ucm_Objects.BlackBoard_link(Ucm_Objects.java:50)
	at topicsSelenium.Ucm_Objects.BlackBoard_link(Ucm_Objects.java:50)
	at topicsSelenium.Ucm_Objects.BlackBoard_link(Ucm_Objects.java:50)
	at topicsSelenium.Ucm_Objects.BlackBoard_link(Ucm_Objects.java:50)
	at topicsSelenium.Ucm_Objects.BlackBoard_link(Ucm_Objects.java:50)
	at topicsSelenium.Ucm_Objects.BlackBoard_link(Ucm_Objects.java:50)
	at topicsSelenium.Ucm_Objects.BlackBoard_link(Ucm_Objects.java:50)
	at topicsSelenium.Ucm_Objects.BlackBoard_link(Ucm_Objects.java:50)
	at topicsSelenium.Ucm_Objects.BlackBoard_link(Ucm_Objects.java:50)
	at topicsSelenium.Ucm_Objects.BlackBoard_link(Ucm_Objects.java:50)
	at topicsSelenium.Ucm_Objects.BlackBoard_link(Ucm_Objects.java:50)
	at topicsSelenium.Ucm_Objects.BlackBoard_link(Ucm_Objects.java:50)
	at topicsSelenium.Ucm_Objects.BlackBoard_link(Ucm_Objects.java:50)
	at topicsSelenium.Ucm_Objects.BlackBoard_link(Ucm_Objects.java:50)
	at topicsSelenium.Ucm_Objects.BlackBoard_link(Ucm_Objects.java:50)
	at topicsSelenium.Ucm_Objects.BlackBoard_link(Ucm_Objects.java:50)
	at topicsSelenium.Ucm_Objects.BlackBoard_link(Ucm_Objects.java:50)
	at topicsSelenium.Ucm_Objects.BlackBoard_link(Ucm_Objects.java:50)
]]>
            </full-stacktrace>
          </exception> <!-- java.lang.StackOverflowError -->
          <reporter-output>
          </reporter-output>
        </test-method> <!-- BlackboardLink -->
        <test-method status="PASS" signature="NavLinks()[pri:0, instance:topicsSelenium.HomePage@57fffcd7]" name="NavLinks" duration-ms="43838" started-at="2017-04-20T23:02:32Z" finished-at="2017-04-20T23:03:16Z">
          <reporter-output>
          </reporter-output>
        </test-method> <!-- NavLinks -->
        <test-method status="PASS" signature="Success()[pri:0, instance:topicsSelenium.HomePage@57fffcd7]" name="Success" duration-ms="2" started-at="2017-04-20T23:03:16Z" finished-at="2017-04-20T23:03:16Z">
          <reporter-output>
          </reporter-output>
        </test-method> <!-- Success -->
      </class> <!-- topicsSelenium.HomePage -->
    </test> <!-- Default test -->
  </suite> <!-- Default suite -->
</testng-results>
