<?xml version="1.0" encoding="UTF-8"?>
<!-- Generated by org.testng.reporters.JUnitXMLReporter -->
<testsuite hostname="Analyst" name="Default test" tests="3" failures="1" timestamp="21 Apr 2017 03:03:17 GMT" time="44.035" errors="0">
  <testcase name="BlackboardLink" time="0.09" classname="topicsSelenium.HomePage">
    <failure type="java.lang.StackOverflowError">
      <![CDATA[java.lang.StackOverflowError
	at topicsSelenium.Ucm_Objects.BlackBoard_link(Ucm_Objects.java:50)
	at topicsSelenium.Ucm_Objects.BlackBoard_link(Ucm_Objects.java:50)
	at topicsSelenium.Ucm_Objects.BlackBoard_link(Ucm_Objects.java:50)
	at topicsSelenium.Ucm_Objects.BlackBoard_link(Ucm_Objects.java:50)
	at topicsSelenium.Ucm_Objects.BlackBoard_link(Ucm_Objects.java:50)
	at topicsSelenium.Ucm_Objects.BlackBoard_link(Ucm_Objects.java:50)
	at topicsSelenium.Ucm_Objects.BlackBoard_link(Ucm_Objects.java:50)
	at topicsSelenium.Ucm_Objects.BlackBoard_link(Ucm_Objects.java:50)
	at topicsSelenium.Ucm_Objects.BlackBoard_link(Ucm_Objects.java:50)
	at topicsSelenium.Ucm_Objects.BlackBoard_link(Ucm_Objects.java:50)
	at topicsSelenium.Ucm_Objects.BlackBoard_link(Ucm_Objects.java:50)
	at topicsSelenium.Ucm_Objects.BlackBoard_link(Ucm_Objects.java:50)
	at topicsSelenium.Ucm_Objects.BlackBoard_link(Ucm_Objects.java:50)
	at topicsSelenium.Ucm_Objects.BlackBoard_link(Ucm_Objects.java:50)
	at topicsSelenium.Ucm_Objects.BlackBoard_link(Ucm_Objects.java:50)
	at topicsSelenium.Ucm_Objects.BlackBoard_link(Ucm_Objects.java:50)
	at topicsSelenium.Ucm_Objects.BlackBoard_link(Ucm_Objects.java:50)
	at topicsSelenium.Ucm_Objects.BlackBoard_link(Ucm_Objects.java:50)
	at topicsSelenium.Ucm_Objects.BlackBoard_link(Ucm_Objects.java:50)
	at topicsSelenium.Ucm_Objects.BlackBoard_link(Ucm_Objects.java:50)
	at topicsSelenium.Ucm_Objects.BlackBoard_link(Ucm_Objects.java:50)
	at topicsSelenium.Ucm_Objects.BlackBoard_link(Ucm_Objects.java:50)
	at topicsSelenium.Ucm_Objects.BlackBoard_link(Ucm_Objects.java:50)
	at topicsSelenium.Ucm_Objects.BlackBoard_link(Ucm_Objects.java:50)
	at topicsSelenium.Ucm_Objects.BlackBoard_link(Ucm_Objects.java:50)
	at topicsSelenium.Ucm_Objects.BlackBoard_link(Ucm_Objects.java:50)
	at topicsSelenium.Ucm_Objects.BlackBoard_link(Ucm_Objects.java:50)
	at topicsSelenium.Ucm_Objects.BlackBoard_link(Ucm_Objects.java:50)
	at topicsSelenium.Ucm_Objects.BlackBoard_link(Ucm_Objects.java:50)
	at topicsSelenium.Ucm_Objects.BlackBoard_link(Ucm_Objects.java:50)
	at topicsSelenium.Ucm_Objects.BlackBoard_link(Ucm_Objects.java:50)
	at topicsSelenium.Ucm_Objects.BlackBoard_link(Ucm_Objects.java:50)
	at topicsSelenium.Ucm_Objects.BlackBoard_link(Ucm_Objects.java:50)
	at topicsSelenium.Ucm_Objects.BlackBoard_link(Ucm_Objects.java:50)
	at topicsSelenium.Ucm_Objects.BlackBoard_link(Ucm_Objects.java:50)
	at topicsSelenium.Ucm_Objects.BlackBoard_link(Ucm_Objects.java:50)
	at topicsSelenium.Ucm_Objects.BlackBoard_link(Ucm_Objects.java:50)
	at topicsSelenium.Ucm_Objects.BlackBoard_link(Ucm_Objects.java:50)
	at topicsSelenium.Ucm_Objects.BlackBoard_link(Ucm_Objects.java:50)
	at topicsSelenium.Ucm_Objects.BlackBoard_link(Ucm_Objects.java:50)
	at topicsSelenium.Ucm_Objects.BlackBoard_link(Ucm_Objects.java:50)
	at topicsSelenium.Ucm_Objects.BlackBoard_link(Ucm_Objects.java:50)
	at topicsSelenium.Ucm_Objects.BlackBoard_link(Ucm_Objects.java:50)
	at topicsSelenium.Ucm_Objects.BlackBoard_link(Ucm_Objects.java:50)
	at topicsSelenium.Ucm_Objects.BlackBoard_link(Ucm_Objects.java:50)
	at topicsSelenium.Ucm_Objects.BlackBoard_link(Ucm_Objects.java:50)
	at topicsSelenium.Ucm_Objects.BlackBoard_link(Ucm_Objects.java:50)
	at topicsSelenium.Ucm_Objects.BlackBoard_link(Ucm_Objects.java:50)
	at topicsSelenium.Ucm_Objects.BlackBoard_link(Ucm_Objects.java:50)
	at topicsSelenium.Ucm_Objects.BlackBoard_link(Ucm_Objects.java:50)
	at topicsSelenium.Ucm_Objects.BlackBoard_link(Ucm_Objects.java:50)
	at topicsSelenium.Ucm_Objects.BlackBoard_link(Ucm_Objects.java:50)
	at topicsSelenium.Ucm_Objects.BlackBoard_link(Ucm_Objects.java:50)
	at topicsSelenium.Ucm_Objects.BlackBoard_link(Ucm_Objects.java:50)
	at topicsSelenium.Ucm_Objects.BlackBoard_link(Ucm_Objects.java:50)
	at topicsSelenium.Ucm_Objects.BlackBoard_link(Ucm_Objects.java:50)
	at topicsSelenium.Ucm_Objects.BlackBoard_link(Ucm_Objects.java:50)
	at topicsSelenium.Ucm_Objects.BlackBoard_link(Ucm_Objects.java:50)
	at topicsSelenium.Ucm_Objects.BlackBoard_link(Ucm_Objects.java:50)
	at topicsSelenium.Ucm_Objects.BlackBoard_link(Ucm_Objects.java:50)
	at topicsSelenium.Ucm_Objects.BlackBoard_link(Ucm_Objects.java:50)
	at topicsSelenium.Ucm_Objects.BlackBoard_link(Ucm_Objects.java:50)
	at topicsSelenium.Ucm_Objects.BlackBoard_link(Ucm_Objects.java:50)
	at topicsSelenium.Ucm_Objects.BlackBoard_link(Ucm_Objects.java:50)
	at topicsSelenium.Ucm_Objects.BlackBoard_link(Ucm_Objects.java:50)
	at topicsSelenium.Ucm_Objects.BlackBoard_link(Ucm_Objects.java:50)
	at topicsSelenium.Ucm_Objects.BlackBoard_link(Ucm_Objects.java:50)
	at topicsSelenium.Ucm_Objects.BlackBoard_link(Ucm_Objects.java:50)
	at topicsSelenium.Ucm_Objects.BlackBoard_link(Ucm_Objects.java:50)
	at topicsSelenium.Ucm_Objects.BlackBoard_link(Ucm_Objects.java:50)
	at topicsSelenium.Ucm_Objects.BlackBoard_link(Ucm_Objects.java:50)
	at topicsSelenium.Ucm_Objects.BlackBoard_link(Ucm_Objects.java:50)
	at topicsSelenium.Ucm_Objects.BlackBoard_link(Ucm_Objects.java:50)
	at topicsSelenium.Ucm_Objects.BlackBoard_link(Ucm_Objects.java:50)
	at topicsSelenium.Ucm_Objects.BlackBoard_link(Ucm_Objects.java:50)
	at topicsSelenium.Ucm_Objects.BlackBoard_link(Ucm_Objects.java:50)
	at topicsSelenium.Ucm_Objects.BlackBoard_link(Ucm_Objects.java:50)
	at topicsSelenium.Ucm_Objects.BlackBoard_link(Ucm_Objects.java:50)
	at topicsSelenium.Ucm_Objects.BlackBoard_link(Ucm_Objects.java:50)
	at topicsSelenium.Ucm_Objects.BlackBoard_link(Ucm_Objects.java:50)
	at topicsSelenium.Ucm_Objects.BlackBoard_link(Ucm_Objects.java:50)
	at topicsSelenium.Ucm_Objects.BlackBoard_link(Ucm_Objects.java:50)
	at topicsSelenium.Ucm_Objects.BlackBoard_link(Ucm_Objects.java:50)
	at topicsSelenium.Ucm_Objects.BlackBoard_link(Ucm_Objects.java:50)
	at topicsSelenium.Ucm_Objects.BlackBoard_link(Ucm_Objects.java:50)
	at topicsSelenium.Ucm_Objects.BlackBoard_link(Ucm_Objects.java:50)
	at topicsSelenium.Ucm_Objects.BlackBoard_link(Ucm_Objects.java:50)
	at topicsSelenium.Ucm_Objects.BlackBoard_link(Ucm_Objects.java:50)
	at topicsSelenium.Ucm_Objects.BlackBoard_link(Ucm_Objects.java:50)
	at topicsSelenium.Ucm_Objects.BlackBoard_link(Ucm_Objects.java:50)
	at topicsSelenium.Ucm_Objects.BlackBoard_link(Ucm_Objects.java:50)
	at topicsSelenium.Ucm_Objects.BlackBoard_link(Ucm_Objects.java:50)
	at topicsSelenium.Ucm_Objects.BlackBoard_link(Ucm_Objects.java:50)
	at topicsSelenium.Ucm_Objects.BlackBoard_link(Ucm_Objects.java:50)
	at topicsSelenium.Ucm_Objects.BlackBoard_link(Ucm_Objects.java:50)
	at topicsSelenium.Ucm_Objects.BlackBoard_link(Ucm_Objects.java:50)
	at topicsSelenium.Ucm_Objects.BlackBoard_link(Ucm_Objects.java:50)
	at topicsSelenium.Ucm_Objects.BlackBoard_link(Ucm_Objects.java:50)
	at topicsSelenium.Ucm_Objects.BlackBoard_link(Ucm_Objects.java:50)
	at topicsSelenium.Ucm_Objects.BlackBoard_link(Ucm_Objects.java:50)
	at topicsSelenium.Ucm_Objects.BlackBoard_link(Ucm_Objects.java:50)
	at topicsSelenium.Ucm_Objects.BlackBoard_link(Ucm_Objects.java:50)
	at topicsSelenium.Ucm_Objects.BlackBoard_link(Ucm_Objects.java:50)
	at topicsSelenium.Ucm_Objects.BlackBoard_link(Ucm_Objects.java:50)
	at topicsSelenium.Ucm_Objects.BlackBoard_link(Ucm_Objects.java:50)
	at topicsSelenium.Ucm_Objects.BlackBoard_link(Ucm_Objects.java:50)
	at topicsSelenium.Ucm_Objects.BlackBoard_link(Ucm_Objects.java:50)
	at topicsSelenium.Ucm_Objects.BlackBoard_link(Ucm_Objects.java:50)
	at topicsSelenium.Ucm_Objects.BlackBoard_link(Ucm_Objects.java:50)
	at topicsSelenium.Ucm_Objects.BlackBoard_link(Ucm_Objects.java:50)
	at topicsSelenium.Ucm_Objects.BlackBoard_link(Ucm_Objects.java:50)
	at topicsSelenium.Ucm_Objects.BlackBoard_link(Ucm_Objects.java:50)
	at topicsSelenium.Ucm_Objects.BlackBoard_link(Ucm_Objects.java:50)
	at topicsSelenium.Ucm_Objects.BlackBoard_link(Ucm_Objects.java:50)
	at topicsSelenium.Ucm_Objects.BlackBoard_link(Ucm_Objects.java:50)
	at topicsSelenium.Ucm_Objects.BlackBoard_link(Ucm_Objects.java:50)
	at topicsSelenium.Ucm_Objects.BlackBoard_link(Ucm_Objects.java:50)
	at topicsSelenium.Ucm_Objects.BlackBoard_link(Ucm_Objects.java:50)
	at topicsSelenium.Ucm_Objects.BlackBoard_link(Ucm_Objects.java:50)
	at topicsSelenium.Ucm_Objects.BlackBoard_link(Ucm_Objects.java:50)
	at topicsSelenium.Ucm_Objects.BlackBoard_link(Ucm_Objects.java:50)
	at topicsSelenium.Ucm_Objects.BlackBoard_link(Ucm_Objects.java:50)
	at topicsSelenium.Ucm_Objects.BlackBoard_link(Ucm_Objects.java:50)
	at topicsSelenium.Ucm_Objects.BlackBoard_link(Ucm_Objects.java:50)
	at topicsSelenium.Ucm_Objects.BlackBoard_link(Ucm_Objects.java:50)
	at topicsSelenium.Ucm_Objects.BlackBoard_link(Ucm_Objects.java:50)
	at topicsSelenium.Ucm_Objects.BlackBoard_link(Ucm_Objects.java:50)
	at topicsSelenium.Ucm_Objects.BlackBoard_link(Ucm_Objects.java:50)
	at topicsSelenium.Ucm_Objects.BlackBoard_link(Ucm_Objects.java:50)
	at topicsSelenium.Ucm_Objects.BlackBoard_link(Ucm_Objects.java:50)
	at topicsSelenium.Ucm_Objects.BlackBoard_link(Ucm_Objects.java:50)
	at topicsSelenium.Ucm_Objects.BlackBoard_link(Ucm_Objects.java:50)
	at topicsSelenium.Ucm_Objects.BlackBoard_link(Ucm_Objects.java:50)
	at topicsSelenium.Ucm_Objects.BlackBoard_link(Ucm_Objects.java:50)
	at topicsSelenium.Ucm_Objects.BlackBoard_link(Ucm_Objects.java:50)
	at topicsSelenium.Ucm_Objects.BlackBoard_link(Ucm_Objects.java:50)
	at topicsSelenium.Ucm_Objects.BlackBoard_link(Ucm_Objects.java:50)
	at topicsSelenium.Ucm_Objects.BlackBoard_link(Ucm_Objects.java:50)
	at topicsSelenium.Ucm_Objects.BlackBoard_link(Ucm_Objects.java:50)
	at topicsSelenium.Ucm_Objects.BlackBoard_link(Ucm_Objects.java:50)
	at topicsSelenium.Ucm_Objects.BlackBoard_link(Ucm_Objects.java:50)
	at topicsSelenium.Ucm_Objects.BlackBoard_link(Ucm_Objects.java:50)
	at topicsSelenium.Ucm_Objects.BlackBoard_link(Ucm_Objects.java:50)
	at topicsSelenium.Ucm_Objects.BlackBoard_link(Ucm_Objects.java:50)
	at topicsSelenium.Ucm_Objects.BlackBoard_link(Ucm_Objects.java:50)
	at topicsSelenium.Ucm_Objects.BlackBoard_link(Ucm_Objects.java:50)
	at topicsSelenium.Ucm_Objects.BlackBoard_link(Ucm_Objects.java:50)
	at topicsSelenium.Ucm_Objects.BlackBoard_link(Ucm_Objects.java:50)
	at topicsSelenium.Ucm_Objects.BlackBoard_link(Ucm_Objects.java:50)
	at topicsSelenium.Ucm_Objects.BlackBoard_link(Ucm_Objects.java:50)
	at topicsSelenium.Ucm_Objects.BlackBoard_link(Ucm_Objects.java:50)
	at topicsSelenium.Ucm_Objects.BlackBoard_link(Ucm_Objects.java:50)
	at topicsSelenium.Ucm_Objects.BlackBoard_link(Ucm_Objects.java:50)
	at topicsSelenium.Ucm_Objects.BlackBoard_link(Ucm_Objects.java:50)
	at topicsSelenium.Ucm_Objects.BlackBoard_link(Ucm_Objects.java:50)
	at topicsSelenium.Ucm_Objects.BlackBoard_link(Ucm_Objects.java:50)
	at topicsSelenium.Ucm_Objects.BlackBoard_link(Ucm_Objects.java:50)
	at topicsSelenium.Ucm_Objects.BlackBoard_link(Ucm_Objects.java:50)
	at topicsSelenium.Ucm_Objects.BlackBoard_link(Ucm_Objects.java:50)
	at topicsSelenium.Ucm_Objects.BlackBoard_link(Ucm_Objects.java:50)
	at topicsSelenium.Ucm_Objects.BlackBoard_link(Ucm_Objects.java:50)
	at topicsSelenium.Ucm_Objects.BlackBoard_link(Ucm_Objects.java:50)
	at topicsSelenium.Ucm_Objects.BlackBoard_link(Ucm_Objects.java:50)
	at topicsSelenium.Ucm_Objects.BlackBoard_link(Ucm_Objects.java:50)
	at topicsSelenium.Ucm_Objects.BlackBoard_link(Ucm_Objects.java:50)
	at topicsSelenium.Ucm_Objects.BlackBoard_link(Ucm_Objects.java:50)
	at topicsSelenium.Ucm_Objects.BlackBoard_link(Ucm_Objects.java:50)
	at topicsSelenium.Ucm_Objects.BlackBoard_link(Ucm_Objects.java:50)
	at topicsSelenium.Ucm_Objects.BlackBoard_link(Ucm_Objects.java:50)
	at topicsSelenium.Ucm_Objects.BlackBoard_link(Ucm_Objects.java:50)
	at topicsSelenium.Ucm_Objects.BlackBoard_link(Ucm_Objects.java:50)
	at topicsSelenium.Ucm_Objects.BlackBoard_link(Ucm_Objects.java:50)
	at topicsSelenium.Ucm_Objects.BlackBoard_link(Ucm_Objects.java:50)
	at topicsSelenium.Ucm_Objects.BlackBoard_link(Ucm_Objects.java:50)
	at topicsSelenium.Ucm_Objects.BlackBoard_link(Ucm_Objects.java:50)
	at topicsSelenium.Ucm_Objects.BlackBoard_link(Ucm_Objects.java:50)
	at topicsSelenium.Ucm_Objects.BlackBoard_link(Ucm_Objects.java:50)
	at topicsSelenium.Ucm_Objects.BlackBoard_link(Ucm_Objects.java:50)
	at topicsSelenium.Ucm_Objects.BlackBoard_link(Ucm_Objects.java:50)
	at topicsSelenium.Ucm_Objects.BlackBoard_link(Ucm_Objects.java:50)
	at topicsSelenium.Ucm_Objects.BlackBoard_link(Ucm_Objects.java:50)
	at topicsSelenium.Ucm_Objects.BlackBoard_link(Ucm_Objects.java:50)
	at topicsSelenium.Ucm_Objects.BlackBoard_link(Ucm_Objects.java:50)
	at topicsSelenium.Ucm_Objects.BlackBoard_link(Ucm_Objects.java:50)
	at topicsSelenium.Ucm_Objects.BlackBoard_link(Ucm_Objects.java:50)
	at topicsSelenium.Ucm_Objects.BlackBoard_link(Ucm_Objects.java:50)
	at topicsSelenium.Ucm_Objects.BlackBoard_link(Ucm_Objects.java:50)
	at topicsSelenium.Ucm_Objects.BlackBoard_link(Ucm_Objects.java:50)
	at topicsSelenium.Ucm_Objects.BlackBoard_link(Ucm_Objects.java:50)
	at topicsSelenium.Ucm_Objects.BlackBoard_link(Ucm_Objects.java:50)
	at topicsSelenium.Ucm_Objects.BlackBoard_link(Ucm_Objects.java:50)
	at topicsSelenium.Ucm_Objects.BlackBoard_link(Ucm_Objects.java:50)
	at topicsSelenium.Ucm_Objects.BlackBoard_link(Ucm_Objects.java:50)
	at topicsSelenium.Ucm_Objects.BlackBoard_link(Ucm_Objects.java:50)
	at topicsSelenium.Ucm_Objects.BlackBoard_link(Ucm_Objects.java:50)
	at topicsSelenium.Ucm_Objects.BlackBoard_link(Ucm_Objects.java:50)
	at topicsSelenium.Ucm_Objects.BlackBoard_link(Ucm_Objects.java:50)
	at topicsSelenium.Ucm_Objects.BlackBoard_link(Ucm_Objects.java:50)
	at topicsSelenium.Ucm_Objects.BlackBoard_link(Ucm_Objects.java:50)
	at topicsSelenium.Ucm_Objects.BlackBoard_link(Ucm_Objects.java:50)
	at topicsSelenium.Ucm_Objects.BlackBoard_link(Ucm_Objects.java:50)
	at topicsSelenium.Ucm_Objects.BlackBoard_link(Ucm_Objects.java:50)
	at topicsSelenium.Ucm_Objects.BlackBoard_link(Ucm_Objects.java:50)
	at topicsSelenium.Ucm_Objects.BlackBoard_link(Ucm_Objects.java:50)
	at topicsSelenium.Ucm_Objects.BlackBoard_link(Ucm_Objects.java:50)
	at topicsSelenium.Ucm_Objects.BlackBoard_link(Ucm_Objects.java:50)
	at topicsSelenium.Ucm_Objects.BlackBoard_link(Ucm_Objects.java:50)
	at topicsSelenium.Ucm_Objects.BlackBoard_link(Ucm_Objects.java:50)
	at topicsSelenium.Ucm_Objects.BlackBoard_link(Ucm_Objects.java:50)
	at topicsSelenium.Ucm_Objects.BlackBoard_link(Ucm_Objects.java:50)
	at topicsSelenium.Ucm_Objects.BlackBoard_link(Ucm_Objects.java:50)
	at topicsSelenium.Ucm_Objects.BlackBoard_link(Ucm_Objects.java:50)
	at topicsSelenium.Ucm_Objects.BlackBoard_link(Ucm_Objects.java:50)
	at topicsSelenium.Ucm_Objects.BlackBoard_link(Ucm_Objects.java:50)
	at topicsSelenium.Ucm_Objects.BlackBoard_link(Ucm_Objects.java:50)
	at topicsSelenium.Ucm_Objects.BlackBoard_link(Ucm_Objects.java:50)
	at topicsSelenium.Ucm_Objects.BlackBoard_link(Ucm_Objects.java:50)
	at topicsSelenium.Ucm_Objects.BlackBoard_link(Ucm_Objects.java:50)
	at topicsSelenium.Ucm_Objects.BlackBoard_link(Ucm_Objects.java:50)
	at topicsSelenium.Ucm_Objects.BlackBoard_link(Ucm_Objects.java:50)
	at topicsSelenium.Ucm_Objects.BlackBoard_link(Ucm_Objects.java:50)
	at topicsSelenium.Ucm_Objects.BlackBoard_link(Ucm_Objects.java:50)
	at topicsSelenium.Ucm_Objects.BlackBoard_link(Ucm_Objects.java:50)
	at topicsSelenium.Ucm_Objects.BlackBoard_link(Ucm_Objects.java:50)
	at topicsSelenium.Ucm_Objects.BlackBoard_link(Ucm_Objects.java:50)
	at topicsSelenium.Ucm_Objects.BlackBoard_link(Ucm_Objects.java:50)
	at topicsSelenium.Ucm_Objects.BlackBoard_link(Ucm_Objects.java:50)
	at topicsSelenium.Ucm_Objects.BlackBoard_link(Ucm_Objects.java:50)
	at topicsSelenium.Ucm_Objects.BlackBoard_link(Ucm_Objects.java:50)
	at topicsSelenium.Ucm_Objects.BlackBoard_link(Ucm_Objects.java:50)
	at topicsSelenium.Ucm_Objects.BlackBoard_link(Ucm_Objects.java:50)
	at topicsSelenium.Ucm_Objects.BlackBoard_link(Ucm_Objects.java:50)
	at topicsSelenium.Ucm_Objects.BlackBoard_link(Ucm_Objects.java:50)
	at topicsSelenium.Ucm_Objects.BlackBoard_link(Ucm_Objects.java:50)
	at topicsSelenium.Ucm_Objects.BlackBoard_link(Ucm_Objects.java:50)
	at topicsSelenium.Ucm_Objects.BlackBoard_link(Ucm_Objects.java:50)
	at topicsSelenium.Ucm_Objects.BlackBoard_link(Ucm_Objects.java:50)
	at topicsSelenium.Ucm_Objects.BlackBoard_link(Ucm_Objects.java:50)
	at topicsSelenium.Ucm_Objects.BlackBoard_link(Ucm_Objects.java:50)
	at topicsSelenium.Ucm_Objects.BlackBoard_link(Ucm_Objects.java:50)
	at topicsSelenium.Ucm_Objects.BlackBoard_link(Ucm_Objects.java:50)
	at topicsSelenium.Ucm_Objects.BlackBoard_link(Ucm_Objects.java:50)
	at topicsSelenium.Ucm_Objects.BlackBoard_link(Ucm_Objects.java:50)
	at topicsSelenium.Ucm_Objects.BlackBoard_link(Ucm_Objects.java:50)
	at topicsSelenium.Ucm_Objects.BlackBoard_link(Ucm_Objects.java:50)
	at topicsSelenium.Ucm_Objects.BlackBoard_link(Ucm_Objects.java:50)
	at topicsSelenium.Ucm_Objects.BlackBoard_link(Ucm_Objects.java:50)
	at topicsSelenium.Ucm_Objects.BlackBoard_link(Ucm_Objects.java:50)
	at topicsSelenium.Ucm_Objects.BlackBoard_link(Ucm_Objects.java:50)
	at topicsSelenium.Ucm_Objects.BlackBoard_link(Ucm_Objects.java:50)
	at topicsSelenium.Ucm_Objects.BlackBoard_link(Ucm_Objects.java:50)
	at topicsSelenium.Ucm_Objects.BlackBoard_link(Ucm_Objects.java:50)
	at topicsSelenium.Ucm_Objects.BlackBoard_link(Ucm_Objects.java:50)
	at topicsSelenium.Ucm_Objects.BlackBoard_link(Ucm_Objects.java:50)
	at topicsSelenium.Ucm_Objects.BlackBoard_link(Ucm_Objects.java:50)
	at topicsSelenium.Ucm_Objects.BlackBoard_link(Ucm_Objects.java:50)
	at topicsSelenium.Ucm_Objects.BlackBoard_link(Ucm_Objects.java:50)
	at topicsSelenium.Ucm_Objects.BlackBoard_link(Ucm_Objects.java:50)
	at topicsSelenium.Ucm_Objects.BlackBoard_link(Ucm_Objects.java:50)
	at topicsSelenium.Ucm_Objects.BlackBoard_link(Ucm_Objects.java:50)
	at topicsSelenium.Ucm_Objects.BlackBoard_link(Ucm_Objects.java:50)
	at topicsSelenium.Ucm_Objects.BlackBoard_link(Ucm_Objects.java:50)
	at topicsSelenium.Ucm_Objects.BlackBoard_link(Ucm_Objects.java:50)
	at topicsSelenium.Ucm_Objects.BlackBoard_link(Ucm_Objects.java:50)
	at topicsSelenium.Ucm_Objects.BlackBoard_link(Ucm_Objects.java:50)
	at topicsSelenium.Ucm_Objects.BlackBoard_link(Ucm_Objects.java:50)
	at topicsSelenium.Ucm_Objects.BlackBoard_link(Ucm_Objects.java:50)
	at topicsSelenium.Ucm_Objects.BlackBoard_link(Ucm_Objects.java:50)
	at topicsSelenium.Ucm_Objects.BlackBoard_link(Ucm_Objects.java:50)
	at topicsSelenium.Ucm_Objects.BlackBoard_link(Ucm_Objects.java:50)
	at topicsSelenium.Ucm_Objects.BlackBoard_link(Ucm_Objects.java:50)
	at topicsSelenium.Ucm_Objects.BlackBoard_link(Ucm_Objects.java:50)
	at topicsSelenium.Ucm_Objects.BlackBoard_link(Ucm_Objects.java:50)
	at topicsSelenium.Ucm_Objects.BlackBoard_link(Ucm_Objects.java:50)
	at topicsSelenium.Ucm_Objects.BlackBoard_link(Ucm_Objects.java:50)
	at topicsSelenium.Ucm_Objects.BlackBoard_link(Ucm_Objects.java:50)
	at topicsSelenium.Ucm_Objects.BlackBoard_link(Ucm_Objects.java:50)
	at topicsSelenium.Ucm_Objects.BlackBoard_link(Ucm_Objects.java:50)
	at topicsSelenium.Ucm_Objects.BlackBoard_link(Ucm_Objects.java:50)
	at topicsSelenium.Ucm_Objects.BlackBoard_link(Ucm_Objects.java:50)
	at topicsSelenium.Ucm_Objects.BlackBoard_link(Ucm_Objects.java:50)
	at topicsSelenium.Ucm_Objects.BlackBoard_link(Ucm_Objects.java:50)
	at topicsSelenium.Ucm_Objects.BlackBoard_link(Ucm_Objects.java:50)
	at topicsSelenium.Ucm_Objects.BlackBoard_link(Ucm_Objects.java:50)
	at topicsSelenium.Ucm_Objects.BlackBoard_link(Ucm_Objects.java:50)
	at topicsSelenium.Ucm_Objects.BlackBoard_link(Ucm_Objects.java:50)
	at topicsSelenium.Ucm_Objects.BlackBoard_link(Ucm_Objects.java:50)
	at topicsSelenium.Ucm_Objects.BlackBoard_link(Ucm_Objects.java:50)
	at topicsSelenium.Ucm_Objects.BlackBoard_link(Ucm_Objects.java:50)
	at topicsSelenium.Ucm_Objects.BlackBoard_link(Ucm_Objects.java:50)
	at topicsSelenium.Ucm_Objects.BlackBoard_link(Ucm_Objects.java:50)
	at topicsSelenium.Ucm_Objects.BlackBoard_link(Ucm_Objects.java:50)
	at topicsSelenium.Ucm_Objects.BlackBoard_link(Ucm_Objects.java:50)
	at topicsSelenium.Ucm_Objects.BlackBoard_link(Ucm_Objects.java:50)
	at topicsSelenium.Ucm_Objects.BlackBoard_link(Ucm_Objects.java:50)
	at topicsSelenium.Ucm_Objects.BlackBoard_link(Ucm_Objects.java:50)
	at topicsSelenium.Ucm_Objects.BlackBoard_link(Ucm_Objects.java:50)
	at topicsSelenium.Ucm_Objects.BlackBoard_link(Ucm_Objects.java:50)
	at topicsSelenium.Ucm_Objects.BlackBoard_link(Ucm_Objects.java:50)
	at topicsSelenium.Ucm_Objects.BlackBoard_link(Ucm_Objects.java:50)
	at topicsSelenium.Ucm_Objects.BlackBoard_link(Ucm_Objects.java:50)
	at topicsSelenium.Ucm_Objects.BlackBoard_link(Ucm_Objects.java:50)
	at topicsSelenium.Ucm_Objects.BlackBoard_link(Ucm_Objects.java:50)
	at topicsSelenium.Ucm_Objects.BlackBoard_link(Ucm_Objects.java:50)
	at topicsSelenium.Ucm_Objects.BlackBoard_link(Ucm_Objects.java:50)
	at topicsSelenium.Ucm_Objects.BlackBoard_link(Ucm_Objects.java:50)
	at topicsSelenium.Ucm_Objects.BlackBoard_link(Ucm_Objects.java:50)
	at topicsSelenium.Ucm_Objects.BlackBoard_link(Ucm_Objects.java:50)
	at topicsSelenium.Ucm_Objects.BlackBoard_link(Ucm_Objects.java:50)
	at topicsSelenium.Ucm_Objects.BlackBoard_link(Ucm_Objects.java:50)
	at topicsSelenium.Ucm_Objects.BlackBoard_link(Ucm_Objects.java:50)
	at topicsSelenium.Ucm_Objects.BlackBoard_link(Ucm_Objects.java:50)
	at topicsSelenium.Ucm_Objects.BlackBoard_link(Ucm_Objects.java:50)
	at topicsSelenium.Ucm_Objects.BlackBoard_link(Ucm_Objects.java:50)
	at topicsSelenium.Ucm_Objects.BlackBoard_link(Ucm_Objects.java:50)
	at topicsSelenium.Ucm_Objects.BlackBoard_link(Ucm_Objects.java:50)
	at topicsSelenium.Ucm_Objects.BlackBoard_link(Ucm_Objects.java:50)
	at topicsSelenium.Ucm_Objects.BlackBoard_link(Ucm_Objects.java:50)
	at topicsSelenium.Ucm_Objects.BlackBoard_link(Ucm_Objects.java:50)
	at topicsSelenium.Ucm_Objects.BlackBoard_link(Ucm_Objects.java:50)
	at topicsSelenium.Ucm_Objects.BlackBoard_link(Ucm_Objects.java:50)
	at topicsSelenium.Ucm_Objects.BlackBoard_link(Ucm_Objects.java:50)
	at topicsSelenium.Ucm_Objects.BlackBoard_link(Ucm_Objects.java:50)
	at topicsSelenium.Ucm_Objects.BlackBoard_link(Ucm_Objects.java:50)
	at topicsSelenium.Ucm_Objects.BlackBoard_link(Ucm_Objects.java:50)
	at topicsSelenium.Ucm_Objects.BlackBoard_link(Ucm_Objects.java:50)
	at topicsSelenium.Ucm_Objects.BlackBoard_link(Ucm_Objects.java:50)
	at topicsSelenium.Ucm_Objects.BlackBoard_link(Ucm_Objects.java:50)
	at topicsSelenium.Ucm_Objects.BlackBoard_link(Ucm_Objects.java:50)
	at topicsSelenium.Ucm_Objects.BlackBoard_link(Ucm_Objects.java:50)
	at topicsSelenium.Ucm_Objects.BlackBoard_link(Ucm_Objects.java:50)
	at topicsSelenium.Ucm_Objects.BlackBoard_link(Ucm_Objects.java:50)
	at topicsSelenium.Ucm_Objects.BlackBoard_link(Ucm_Objects.java:50)
	at topicsSelenium.Ucm_Objects.BlackBoard_link(Ucm_Objects.java:50)
	at topicsSelenium.Ucm_Objects.BlackBoard_link(Ucm_Objects.java:50)
	at topicsSelenium.Ucm_Objects.BlackBoard_link(Ucm_Objects.java:50)
	at topicsSelenium.Ucm_Objects.BlackBoard_link(Ucm_Objects.java:50)
	at topicsSelenium.Ucm_Objects.BlackBoard_link(Ucm_Objects.java:50)
	at topicsSelenium.Ucm_Objects.BlackBoard_link(Ucm_Objects.java:50)
	at topicsSelenium.Ucm_Objects.BlackBoard_link(Ucm_Objects.java:50)
	at topicsSelenium.Ucm_Objects.BlackBoard_link(Ucm_Objects.java:50)
	at topicsSelenium.Ucm_Objects.BlackBoard_link(Ucm_Objects.java:50)
	at topicsSelenium.Ucm_Objects.BlackBoard_link(Ucm_Objects.java:50)
	at topicsSelenium.Ucm_Objects.BlackBoard_link(Ucm_Objects.java:50)
	at topicsSelenium.Ucm_Objects.BlackBoard_link(Ucm_Objects.java:50)
	at topicsSelenium.Ucm_Objects.BlackBoard_link(Ucm_Objects.java:50)
	at topicsSelenium.Ucm_Objects.BlackBoard_link(Ucm_Objects.java:50)
	at topicsSelenium.Ucm_Objects.BlackBoard_link(Ucm_Objects.java:50)
	at topicsSelenium.Ucm_Objects.BlackBoard_link(Ucm_Objects.java:50)
	at topicsSelenium.Ucm_Objects.BlackBoard_link(Ucm_Objects.java:50)
	at topicsSelenium.Ucm_Objects.BlackBoard_link(Ucm_Objects.java:50)
	at topicsSelenium.Ucm_Objects.BlackBoard_link(Ucm_Objects.java:50)
	at topicsSelenium.Ucm_Objects.BlackBoard_link(Ucm_Objects.java:50)
	at topicsSelenium.Ucm_Objects.BlackBoard_link(Ucm_Objects.java:50)
	at topicsSelenium.Ucm_Objects.BlackBoard_link(Ucm_Objects.java:50)
	at topicsSelenium.Ucm_Objects.BlackBoard_link(Ucm_Objects.java:50)
	at topicsSelenium.Ucm_Objects.BlackBoard_link(Ucm_Objects.java:50)
	at topicsSelenium.Ucm_Objects.BlackBoard_link(Ucm_Objects.java:50)
	at topicsSelenium.Ucm_Objects.BlackBoard_link(Ucm_Objects.java:50)
	at topicsSelenium.Ucm_Objects.BlackBoard_link(Ucm_Objects.java:50)
	at topicsSelenium.Ucm_Objects.BlackBoard_link(Ucm_Objects.java:50)
	at topicsSelenium.Ucm_Objects.BlackBoard_link(Ucm_Objects.java:50)
	at topicsSelenium.Ucm_Objects.BlackBoard_link(Ucm_Objects.java:50)
	at topicsSelenium.Ucm_Objects.BlackBoard_link(Ucm_Objects.java:50)
	at topicsSelenium.Ucm_Objects.BlackBoard_link(Ucm_Objects.java:50)
	at topicsSelenium.Ucm_Objects.BlackBoard_link(Ucm_Objects.java:50)
	at topicsSelenium.Ucm_Objects.BlackBoard_link(Ucm_Objects.java:50)
	at topicsSelenium.Ucm_Objects.BlackBoard_link(Ucm_Objects.java:50)
	at topicsSelenium.Ucm_Objects.BlackBoard_link(Ucm_Objects.java:50)
	at topicsSelenium.Ucm_Objects.BlackBoard_link(Ucm_Objects.java:50)
	at topicsSelenium.Ucm_Objects.BlackBoard_link(Ucm_Objects.java:50)
	at topicsSelenium.Ucm_Objects.BlackBoard_link(Ucm_Objects.java:50)
	at topicsSelenium.Ucm_Objects.BlackBoard_link(Ucm_Objects.java:50)
	at topicsSelenium.Ucm_Objects.BlackBoard_link(Ucm_Objects.java:50)
	at topicsSelenium.Ucm_Objects.BlackBoard_link(Ucm_Objects.java:50)
	at topicsSelenium.Ucm_Objects.BlackBoard_link(Ucm_Objects.java:50)
	at topicsSelenium.Ucm_Objects.BlackBoard_link(Ucm_Objects.java:50)
	at topicsSelenium.Ucm_Objects.BlackBoard_link(Ucm_Objects.java:50)
	at topicsSelenium.Ucm_Objects.BlackBoard_link(Ucm_Objects.java:50)
	at topicsSelenium.Ucm_Objects.BlackBoard_link(Ucm_Objects.java:50)
	at topicsSelenium.Ucm_Objects.BlackBoard_link(Ucm_Objects.java:50)
	at topicsSelenium.Ucm_Objects.BlackBoard_link(Ucm_Objects.java:50)
	at topicsSelenium.Ucm_Objects.BlackBoard_link(Ucm_Objects.java:50)
	at topicsSelenium.Ucm_Objects.BlackBoard_link(Ucm_Objects.java:50)
	at topicsSelenium.Ucm_Objects.BlackBoard_link(Ucm_Objects.java:50)
	at topicsSelenium.Ucm_Objects.BlackBoard_link(Ucm_Objects.java:50)
	at topicsSelenium.Ucm_Objects.BlackBoard_link(Ucm_Objects.java:50)
	at topicsSelenium.Ucm_Objects.BlackBoard_link(Ucm_Objects.java:50)
	at topicsSelenium.Ucm_Objects.BlackBoard_link(Ucm_Objects.java:50)
	at topicsSelenium.Ucm_Objects.BlackBoard_link(Ucm_Objects.java:50)
	at topicsSelenium.Ucm_Objects.BlackBoard_link(Ucm_Objects.java:50)
	at topicsSelenium.Ucm_Objects.BlackBoard_link(Ucm_Objects.java:50)
	at topicsSelenium.Ucm_Objects.BlackBoard_link(Ucm_Objects.java:50)
	at topicsSelenium.Ucm_Objects.BlackBoard_link(Ucm_Objects.java:50)
	at topicsSelenium.Ucm_Objects.BlackBoard_link(Ucm_Objects.java:50)
	at topicsSelenium.Ucm_Objects.BlackBoard_link(Ucm_Objects.java:50)
	at topicsSelenium.Ucm_Objects.BlackBoard_link(Ucm_Objects.java:50)
	at topicsSelenium.Ucm_Objects.BlackBoard_link(Ucm_Objects.java:50)
	at topicsSelenium.Ucm_Objects.BlackBoard_link(Ucm_Objects.java:50)
	at topicsSelenium.Ucm_Objects.BlackBoard_link(Ucm_Objects.java:50)
	at topicsSelenium.Ucm_Objects.BlackBoard_link(Ucm_Objects.java:50)
	at topicsSelenium.Ucm_Objects.BlackBoard_link(Ucm_Objects.java:50)
	at topicsSelenium.Ucm_Objects.BlackBoard_link(Ucm_Objects.java:50)
	at topicsSelenium.Ucm_Objects.BlackBoard_link(Ucm_Objects.java:50)
	at topicsSelenium.Ucm_Objects.BlackBoard_link(Ucm_Objects.java:50)
	at topicsSelenium.Ucm_Objects.BlackBoard_link(Ucm_Objects.java:50)
	at topicsSelenium.Ucm_Objects.BlackBoard_link(Ucm_Objects.java:50)
	at topicsSelenium.Ucm_Objects.BlackBoard_link(Ucm_Objects.java:50)
	at topicsSelenium.Ucm_Objects.BlackBoard_link(Ucm_Objects.java:50)
	at topicsSelenium.Ucm_Objects.BlackBoard_link(Ucm_Objects.java:50)
	at topicsSelenium.Ucm_Objects.BlackBoard_link(Ucm_Objects.java:50)
	at topicsSelenium.Ucm_Objects.BlackBoard_link(Ucm_Objects.java:50)
	at topicsSelenium.Ucm_Objects.BlackBoard_link(Ucm_Objects.java:50)
	at topicsSelenium.Ucm_Objects.BlackBoard_link(Ucm_Objects.java:50)
	at topicsSelenium.Ucm_Objects.BlackBoard_link(Ucm_Objects.java:50)
	at topicsSelenium.Ucm_Objects.BlackBoard_link(Ucm_Objects.java:50)
	at topicsSelenium.Ucm_Objects.BlackBoard_link(Ucm_Objects.java:50)
	at topicsSelenium.Ucm_Objects.BlackBoard_link(Ucm_Objects.java:50)
	at topicsSelenium.Ucm_Objects.BlackBoard_link(Ucm_Objects.java:50)
	at topicsSelenium.Ucm_Objects.BlackBoard_link(Ucm_Objects.java:50)
	at topicsSelenium.Ucm_Objects.BlackBoard_link(Ucm_Objects.java:50)
	at topicsSelenium.Ucm_Objects.BlackBoard_link(Ucm_Objects.java:50)
	at topicsSelenium.Ucm_Objects.BlackBoard_link(Ucm_Objects.java:50)
	at topicsSelenium.Ucm_Objects.BlackBoard_link(Ucm_Objects.java:50)
	at topicsSelenium.Ucm_Objects.BlackBoard_link(Ucm_Objects.java:50)
	at topicsSelenium.Ucm_Objects.BlackBoard_link(Ucm_Objects.java:50)
	at topicsSelenium.Ucm_Objects.BlackBoard_link(Ucm_Objects.java:50)
	at topicsSelenium.Ucm_Objects.BlackBoard_link(Ucm_Objects.java:50)
	at topicsSelenium.Ucm_Objects.BlackBoard_link(Ucm_Objects.java:50)
	at topicsSelenium.Ucm_Objects.BlackBoard_link(Ucm_Objects.java:50)
	at topicsSelenium.Ucm_Objects.BlackBoard_link(Ucm_Objects.java:50)
	at topicsSelenium.Ucm_Objects.BlackBoard_link(Ucm_Objects.java:50)
	at topicsSelenium.Ucm_Objects.BlackBoard_link(Ucm_Objects.java:50)
	at topicsSelenium.Ucm_Objects.BlackBoard_link(Ucm_Objects.java:50)
	at topicsSelenium.Ucm_Objects.BlackBoard_link(Ucm_Objects.java:50)
	at topicsSelenium.Ucm_Objects.BlackBoard_link(Ucm_Objects.java:50)
	at topicsSelenium.Ucm_Objects.BlackBoard_link(Ucm_Objects.java:50)
	at topicsSelenium.Ucm_Objects.BlackBoard_link(Ucm_Objects.java:50)
	at topicsSelenium.Ucm_Objects.BlackBoard_link(Ucm_Objects.java:50)
	at topicsSelenium.Ucm_Objects.BlackBoard_link(Ucm_Objects.java:50)
	at topicsSelenium.Ucm_Objects.BlackBoard_link(Ucm_Objects.java:50)
	at topicsSelenium.Ucm_Objects.BlackBoard_link(Ucm_Objects.java:50)
	at topicsSelenium.Ucm_Objects.BlackBoard_link(Ucm_Objects.java:50)
	at topicsSelenium.Ucm_Objects.BlackBoard_link(Ucm_Objects.java:50)
	at topicsSelenium.Ucm_Objects.BlackBoard_link(Ucm_Objects.java:50)
	at topicsSelenium.Ucm_Objects.BlackBoard_link(Ucm_Objects.java:50)
	at topicsSelenium.Ucm_Objects.BlackBoard_link(Ucm_Objects.java:50)
	at topicsSelenium.Ucm_Objects.BlackBoard_link(Ucm_Objects.java:50)
	at topicsSelenium.Ucm_Objects.BlackBoard_link(Ucm_Objects.java:50)
	at topicsSelenium.Ucm_Objects.BlackBoard_link(Ucm_Objects.java:50)
	at topicsSelenium.Ucm_Objects.BlackBoard_link(Ucm_Objects.java:50)
	at topicsSelenium.Ucm_Objects.BlackBoard_link(Ucm_Objects.java:50)
	at topicsSelenium.Ucm_Objects.BlackBoard_link(Ucm_Objects.java:50)
	at topicsSelenium.Ucm_Objects.BlackBoard_link(Ucm_Objects.java:50)
	at topicsSelenium.Ucm_Objects.BlackBoard_link(Ucm_Objects.java:50)
	at topicsSelenium.Ucm_Objects.BlackBoard_link(Ucm_Objects.java:50)
	at topicsSelenium.Ucm_Objects.BlackBoard_link(Ucm_Objects.java:50)
	at topicsSelenium.Ucm_Objects.BlackBoard_link(Ucm_Objects.java:50)
	at topicsSelenium.Ucm_Objects.BlackBoard_link(Ucm_Objects.java:50)
	at topicsSelenium.Ucm_Objects.BlackBoard_link(Ucm_Objects.java:50)
	at topicsSelenium.Ucm_Objects.BlackBoard_link(Ucm_Objects.java:50)
	at topicsSelenium.Ucm_Objects.BlackBoard_link(Ucm_Objects.java:50)
	at topicsSelenium.Ucm_Objects.BlackBoard_link(Ucm_Objects.java:50)
	at topicsSelenium.Ucm_Objects.BlackBoard_link(Ucm_Objects.java:50)
	at topicsSelenium.Ucm_Objects.BlackBoard_link(Ucm_Objects.java:50)
	at topicsSelenium.Ucm_Objects.BlackBoard_link(Ucm_Objects.java:50)
	at topicsSelenium.Ucm_Objects.BlackBoard_link(Ucm_Objects.java:50)
	at topicsSelenium.Ucm_Objects.BlackBoard_link(Ucm_Objects.java:50)
	at topicsSelenium.Ucm_Objects.BlackBoard_link(Ucm_Objects.java:50)
	at topicsSelenium.Ucm_Objects.BlackBoard_link(Ucm_Objects.java:50)
	at topicsSelenium.Ucm_Objects.BlackBoard_link(Ucm_Objects.java:50)
	at topicsSelenium.Ucm_Objects.BlackBoard_link(Ucm_Objects.java:50)
	at topicsSelenium.Ucm_Objects.BlackBoard_link(Ucm_Objects.java:50)
	at topicsSelenium.Ucm_Objects.BlackBoard_link(Ucm_Objects.java:50)
	at topicsSelenium.Ucm_Objects.BlackBoard_link(Ucm_Objects.java:50)
	at topicsSelenium.Ucm_Objects.BlackBoard_link(Ucm_Objects.java:50)
	at topicsSelenium.Ucm_Objects.BlackBoard_link(Ucm_Objects.java:50)
	at topicsSelenium.Ucm_Objects.BlackBoard_link(Ucm_Objects.java:50)
	at topicsSelenium.Ucm_Objects.BlackBoard_link(Ucm_Objects.java:50)
	at topicsSelenium.Ucm_Objects.BlackBoard_link(Ucm_Objects.java:50)
	at topicsSelenium.Ucm_Objects.BlackBoard_link(Ucm_Objects.java:50)
	at topicsSelenium.Ucm_Objects.BlackBoard_link(Ucm_Objects.java:50)
	at topicsSelenium.Ucm_Objects.BlackBoard_link(Ucm_Objects.java:50)
	at topicsSelenium.Ucm_Objects.BlackBoard_link(Ucm_Objects.java:50)
	at topicsSelenium.Ucm_Objects.BlackBoard_link(Ucm_Objects.java:50)
	at topicsSelenium.Ucm_Objects.BlackBoard_link(Ucm_Objects.java:50)
	at topicsSelenium.Ucm_Objects.BlackBoard_link(Ucm_Objects.java:50)
	at topicsSelenium.Ucm_Objects.BlackBoard_link(Ucm_Objects.java:50)
	at topicsSelenium.Ucm_Objects.BlackBoard_link(Ucm_Objects.java:50)
	at topicsSelenium.Ucm_Objects.BlackBoard_link(Ucm_Objects.java:50)
	at topicsSelenium.Ucm_Objects.BlackBoard_link(Ucm_Objects.java:50)
	at topicsSelenium.Ucm_Objects.BlackBoard_link(Ucm_Objects.java:50)
	at topicsSelenium.Ucm_Objects.BlackBoard_link(Ucm_Objects.java:50)
	at topicsSelenium.Ucm_Objects.BlackBoard_link(Ucm_Objects.java:50)
	at topicsSelenium.Ucm_Objects.BlackBoard_link(Ucm_Objects.java:50)
	at topicsSelenium.Ucm_Objects.BlackBoard_link(Ucm_Objects.java:50)
	at topicsSelenium.Ucm_Objects.BlackBoard_link(Ucm_Objects.java:50)
	at topicsSelenium.Ucm_Objects.BlackBoard_link(Ucm_Objects.java:50)
	at topicsSelenium.Ucm_Objects.BlackBoard_link(Ucm_Objects.java:50)
	at topicsSelenium.Ucm_Objects.BlackBoard_link(Ucm_Objects.java:50)
	at topicsSelenium.Ucm_Objects.BlackBoard_link(Ucm_Objects.java:50)
	at topicsSelenium.Ucm_Objects.BlackBoard_link(Ucm_Objects.java:50)
	at topicsSelenium.Ucm_Objects.BlackBoard_link(Ucm_Objects.java:50)
	at topicsSelenium.Ucm_Objects.BlackBoard_link(Ucm_Objects.java:50)
	at topicsSelenium.Ucm_Objects.BlackBoard_link(Ucm_Objects.java:50)
	at topicsSelenium.Ucm_Objects.BlackBoard_link(Ucm_Objects.java:50)
	at topicsSelenium.Ucm_Objects.BlackBoard_link(Ucm_Objects.java:50)
	at topicsSelenium.Ucm_Objects.BlackBoard_link(Ucm_Objects.java:50)
	at topicsSelenium.Ucm_Objects.BlackBoard_link(Ucm_Objects.java:50)
	at topicsSelenium.Ucm_Objects.BlackBoard_link(Ucm_Objects.java:50)
	at topicsSelenium.Ucm_Objects.BlackBoard_link(Ucm_Objects.java:50)
	at topicsSelenium.Ucm_Objects.BlackBoard_link(Ucm_Objects.java:50)
	at topicsSelenium.Ucm_Objects.BlackBoard_link(Ucm_Objects.java:50)
	at topicsSelenium.Ucm_Objects.BlackBoard_link(Ucm_Objects.java:50)
	at topicsSelenium.Ucm_Objects.BlackBoard_link(Ucm_Objects.java:50)
	at topicsSelenium.Ucm_Objects.BlackBoard_link(Ucm_Objects.java:50)
	at topicsSelenium.Ucm_Objects.BlackBoard_link(Ucm_Objects.java:50)
	at topicsSelenium.Ucm_Objects.BlackBoard_link(Ucm_Objects.java:50)
	at topicsSelenium.Ucm_Objects.BlackBoard_link(Ucm_Objects.java:50)
	at topicsSelenium.Ucm_Objects.BlackBoard_link(Ucm_Objects.java:50)
	at topicsSelenium.Ucm_Objects.BlackBoard_link(Ucm_Objects.java:50)
	at topicsSelenium.Ucm_Objects.BlackBoard_link(Ucm_Objects.java:50)
	at topicsSelenium.Ucm_Objects.BlackBoard_link(Ucm_Objects.java:50)
	at topicsSelenium.Ucm_Objects.BlackBoard_link(Ucm_Objects.java:50)
	at topicsSelenium.Ucm_Objects.BlackBoard_link(Ucm_Objects.java:50)
	at topicsSelenium.Ucm_Objects.BlackBoard_link(Ucm_Objects.java:50)
	at topicsSelenium.Ucm_Objects.BlackBoard_link(Ucm_Objects.java:50)
	at topicsSelenium.Ucm_Objects.BlackBoard_link(Ucm_Objects.java:50)
	at topicsSelenium.Ucm_Objects.BlackBoard_link(Ucm_Objects.java:50)
	at topicsSelenium.Ucm_Objects.BlackBoard_link(Ucm_Objects.java:50)
	at topicsSelenium.Ucm_Objects.BlackBoard_link(Ucm_Objects.java:50)
	at topicsSelenium.Ucm_Objects.BlackBoard_link(Ucm_Objects.java:50)
	at topicsSelenium.Ucm_Objects.BlackBoard_link(Ucm_Objects.java:50)
	at topicsSelenium.Ucm_Objects.BlackBoard_link(Ucm_Objects.java:50)
	at topicsSelenium.Ucm_Objects.BlackBoard_link(Ucm_Objects.java:50)
	at topicsSelenium.Ucm_Objects.BlackBoard_link(Ucm_Objects.java:50)
	at topicsSelenium.Ucm_Objects.BlackBoard_link(Ucm_Objects.java:50)
	at topicsSelenium.Ucm_Objects.BlackBoard_link(Ucm_Objects.java:50)
	at topicsSelenium.Ucm_Objects.BlackBoard_link(Ucm_Objects.java:50)
	at topicsSelenium.Ucm_Objects.BlackBoard_link(Ucm_Objects.java:50)
	at topicsSelenium.Ucm_Objects.BlackBoard_link(Ucm_Objects.java:50)
	at topicsSelenium.Ucm_Objects.BlackBoard_link(Ucm_Objects.java:50)
	at topicsSelenium.Ucm_Objects.BlackBoard_link(Ucm_Objects.java:50)
	at topicsSelenium.Ucm_Objects.BlackBoard_link(Ucm_Objects.java:50)
	at topicsSelenium.Ucm_Objects.BlackBoard_link(Ucm_Objects.java:50)
	at topicsSelenium.Ucm_Objects.BlackBoard_link(Ucm_Objects.java:50)
	at topicsSelenium.Ucm_Objects.BlackBoard_link(Ucm_Objects.java:50)
	at topicsSelenium.Ucm_Objects.BlackBoard_link(Ucm_Objects.java:50)
	at topicsSelenium.Ucm_Objects.BlackBoard_link(Ucm_Objects.java:50)
	at topicsSelenium.Ucm_Objects.BlackBoard_link(Ucm_Objects.java:50)
	at topicsSelenium.Ucm_Objects.BlackBoard_link(Ucm_Objects.java:50)
	at topicsSelenium.Ucm_Objects.BlackBoard_link(Ucm_Objects.java:50)
	at topicsSelenium.Ucm_Objects.BlackBoard_link(Ucm_Objects.java:50)
	at topicsSelenium.Ucm_Objects.BlackBoard_link(Ucm_Objects.java:50)
	at topicsSelenium.Ucm_Objects.BlackBoard_link(Ucm_Objects.java:50)
	at topicsSelenium.Ucm_Objects.BlackBoard_link(Ucm_Objects.java:50)
	at topicsSelenium.Ucm_Objects.BlackBoard_link(Ucm_Objects.java:50)
	at topicsSelenium.Ucm_Objects.BlackBoard_link(Ucm_Objects.java:50)
	at topicsSelenium.Ucm_Objects.BlackBoard_link(Ucm_Objects.java:50)
	at topicsSelenium.Ucm_Objects.BlackBoard_link(Ucm_Objects.java:50)
	at topicsSelenium.Ucm_Objects.BlackBoard_link(Ucm_Objects.java:50)
	at topicsSelenium.Ucm_Objects.BlackBoard_link(Ucm_Objects.java:50)
	at topicsSelenium.Ucm_Objects.BlackBoard_link(Ucm_Objects.java:50)
	at topicsSelenium.Ucm_Objects.BlackBoard_link(Ucm_Objects.java:50)
	at topicsSelenium.Ucm_Objects.BlackBoard_link(Ucm_Objects.java:50)
	at topicsSelenium.Ucm_Objects.BlackBoard_link(Ucm_Objects.java:50)
	at topicsSelenium.Ucm_Objects.BlackBoard_link(Ucm_Objects.java:50)
	at topicsSelenium.Ucm_Objects.BlackBoard_link(Ucm_Objects.java:50)
	at topicsSelenium.Ucm_Objects.BlackBoard_link(Ucm_Objects.java:50)
	at topicsSelenium.Ucm_Objects.BlackBoard_link(Ucm_Objects.java:50)
	at topicsSelenium.Ucm_Objects.BlackBoard_link(Ucm_Objects.java:50)
	at topicsSelenium.Ucm_Objects.BlackBoard_link(Ucm_Objects.java:50)
	at topicsSelenium.Ucm_Objects.BlackBoard_link(Ucm_Objects.java:50)
	at topicsSelenium.Ucm_Objects.BlackBoard_link(Ucm_Objects.java:50)
	at topicsSelenium.Ucm_Objects.BlackBoard_link(Ucm_Objects.java:50)
	at topicsSelenium.Ucm_Objects.BlackBoard_link(Ucm_Objects.java:50)
	at topicsSelenium.Ucm_Objects.BlackBoard_link(Ucm_Objects.java:50)
	at topicsSelenium.Ucm_Objects.BlackBoard_link(Ucm_Objects.java:50)
	at topicsSelenium.Ucm_Objects.BlackBoard_link(Ucm_Objects.java:50)
	at topicsSelenium.Ucm_Objects.BlackBoard_link(Ucm_Objects.java:50)
	at topicsSelenium.Ucm_Objects.BlackBoard_link(Ucm_Objects.java:50)
	at topicsSelenium.Ucm_Objects.BlackBoard_link(Ucm_Objects.java:50)
	at topicsSelenium.Ucm_Objects.BlackBoard_link(Ucm_Objects.java:50)
	at topicsSelenium.Ucm_Objects.BlackBoard_link(Ucm_Objects.java:50)
	at topicsSelenium.Ucm_Objects.BlackBoard_link(Ucm_Objects.java:50)
	at topicsSelenium.Ucm_Objects.BlackBoard_link(Ucm_Objects.java:50)
	at topicsSelenium.Ucm_Objects.BlackBoard_link(Ucm_Objects.java:50)
	at topicsSelenium.Ucm_Objects.BlackBoard_link(Ucm_Objects.java:50)
	at topicsSelenium.Ucm_Objects.BlackBoard_link(Ucm_Objects.java:50)
	at topicsSelenium.Ucm_Objects.BlackBoard_link(Ucm_Objects.java:50)
	at topicsSelenium.Ucm_Objects.BlackBoard_link(Ucm_Objects.java:50)
	at topicsSelenium.Ucm_Objects.BlackBoard_link(Ucm_Objects.java:50)
	at topicsSelenium.Ucm_Objects.BlackBoard_link(Ucm_Objects.java:50)
	at topicsSelenium.Ucm_Objects.BlackBoard_link(Ucm_Objects.java:50)
	at topicsSelenium.Ucm_Objects.BlackBoard_link(Ucm_Objects.java:50)
	at topicsSelenium.Ucm_Objects.BlackBoard_link(Ucm_Objects.java:50)
	at topicsSelenium.Ucm_Objects.BlackBoard_link(Ucm_Objects.java:50)
	at topicsSelenium.Ucm_Objects.BlackBoard_link(Ucm_Objects.java:50)
	at topicsSelenium.Ucm_Objects.BlackBoard_link(Ucm_Objects.java:50)
	at topicsSelenium.Ucm_Objects.BlackBoard_link(Ucm_Objects.java:50)
	at topicsSelenium.Ucm_Objects.BlackBoard_link(Ucm_Objects.java:50)
	at topicsSelenium.Ucm_Objects.BlackBoard_link(Ucm_Objects.java:50)
	at topicsSelenium.Ucm_Objects.BlackBoard_link(Ucm_Objects.java:50)
	at topicsSelenium.Ucm_Objects.BlackBoard_link(Ucm_Objects.java:50)
	at topicsSelenium.Ucm_Objects.BlackBoard_link(Ucm_Objects.java:50)
	at topicsSelenium.Ucm_Objects.BlackBoard_link(Ucm_Objects.java:50)
	at topicsSelenium.Ucm_Objects.BlackBoard_link(Ucm_Objects.java:50)
	at topicsSelenium.Ucm_Objects.BlackBoard_link(Ucm_Objects.java:50)
	at topicsSelenium.Ucm_Objects.BlackBoard_link(Ucm_Objects.java:50)
	at topicsSelenium.Ucm_Objects.BlackBoard_link(Ucm_Objects.java:50)
	at topicsSelenium.Ucm_Objects.BlackBoard_link(Ucm_Objects.java:50)
	at topicsSelenium.Ucm_Objects.BlackBoard_link(Ucm_Objects.java:50)
	at topicsSelenium.Ucm_Objects.BlackBoard_link(Ucm_Objects.java:50)
	at topicsSelenium.Ucm_Objects.BlackBoard_link(Ucm_Objects.java:50)
	at topicsSelenium.Ucm_Objects.BlackBoard_link(Ucm_Objects.java:50)
	at topicsSelenium.Ucm_Objects.BlackBoard_link(Ucm_Objects.java:50)
	at topicsSelenium.Ucm_Objects.BlackBoard_link(Ucm_Objects.java:50)
	at topicsSelenium.Ucm_Objects.BlackBoard_link(Ucm_Objects.java:50)
	at topicsSelenium.Ucm_Objects.BlackBoard_link(Ucm_Objects.java:50)
	at topicsSelenium.Ucm_Objects.BlackBoard_link(Ucm_Objects.java:50)
	at topicsSelenium.Ucm_Objects.BlackBoard_link(Ucm_Objects.java:50)
	at topicsSelenium.Ucm_Objects.BlackBoard_link(Ucm_Objects.java:50)
	at topicsSelenium.Ucm_Objects.BlackBoard_link(Ucm_Objects.java:50)
	at topicsSelenium.Ucm_Objects.BlackBoard_link(Ucm_Objects.java:50)
	at topicsSelenium.Ucm_Objects.BlackBoard_link(Ucm_Objects.java:50)
	at topicsSelenium.Ucm_Objects.BlackBoard_link(Ucm_Objects.java:50)
	at topicsSelenium.Ucm_Objects.BlackBoard_link(Ucm_Objects.java:50)
	at topicsSelenium.Ucm_Objects.BlackBoard_link(Ucm_Objects.java:50)
	at topicsSelenium.Ucm_Objects.BlackBoard_link(Ucm_Objects.java:50)
	at topicsSelenium.Ucm_Objects.BlackBoard_link(Ucm_Objects.java:50)
	at topicsSelenium.Ucm_Objects.BlackBoard_link(Ucm_Objects.java:50)
	at topicsSelenium.Ucm_Objects.BlackBoard_link(Ucm_Objects.java:50)
	at topicsSelenium.Ucm_Objects.BlackBoard_link(Ucm_Objects.java:50)
	at topicsSelenium.Ucm_Objects.BlackBoard_link(Ucm_Objects.java:50)
	at topicsSelenium.Ucm_Objects.BlackBoard_link(Ucm_Objects.java:50)
	at topicsSelenium.Ucm_Objects.BlackBoard_link(Ucm_Objects.java:50)
	at topicsSelenium.Ucm_Objects.BlackBoard_link(Ucm_Objects.java:50)
	at topicsSelenium.Ucm_Objects.BlackBoard_link(Ucm_Objects.java:50)
	at topicsSelenium.Ucm_Objects.BlackBoard_link(Ucm_Objects.java:50)
	at topicsSelenium.Ucm_Objects.BlackBoard_link(Ucm_Objects.java:50)
	at topicsSelenium.Ucm_Objects.BlackBoard_link(Ucm_Objects.java:50)
	at topicsSelenium.Ucm_Objects.BlackBoard_link(Ucm_Objects.java:50)
	at topicsSelenium.Ucm_Objects.BlackBoard_link(Ucm_Objects.java:50)
	at topicsSelenium.Ucm_Objects.BlackBoard_link(Ucm_Objects.java:50)
	at topicsSelenium.Ucm_Objects.BlackBoard_link(Ucm_Objects.java:50)
	at topicsSelenium.Ucm_Objects.BlackBoard_link(Ucm_Objects.java:50)
	at topicsSelenium.Ucm_Objects.BlackBoard_link(Ucm_Objects.java:50)
	at topicsSelenium.Ucm_Objects.BlackBoard_link(Ucm_Objects.java:50)
	at topicsSelenium.Ucm_Objects.BlackBoard_link(Ucm_Objects.java:50)
	at topicsSelenium.Ucm_Objects.BlackBoard_link(Ucm_Objects.java:50)
	at topicsSelenium.Ucm_Objects.BlackBoard_link(Ucm_Objects.java:50)
	at topicsSelenium.Ucm_Objects.BlackBoard_link(Ucm_Objects.java:50)
	at topicsSelenium.Ucm_Objects.BlackBoard_link(Ucm_Objects.java:50)
	at topicsSelenium.Ucm_Objects.BlackBoard_link(Ucm_Objects.java:50)
	at topicsSelenium.Ucm_Objects.BlackBoard_link(Ucm_Objects.java:50)
	at topicsSelenium.Ucm_Objects.BlackBoard_link(Ucm_Objects.java:50)
	at topicsSelenium.Ucm_Objects.BlackBoard_link(Ucm_Objects.java:50)
	at topicsSelenium.Ucm_Objects.BlackBoard_link(Ucm_Objects.java:50)
	at topicsSelenium.Ucm_Objects.BlackBoard_link(Ucm_Objects.java:50)
	at topicsSelenium.Ucm_Objects.BlackBoard_link(Ucm_Objects.java:50)
	at topicsSelenium.Ucm_Objects.BlackBoard_link(Ucm_Objects.java:50)
	at topicsSelenium.Ucm_Objects.BlackBoard_link(Ucm_Objects.java:50)
	at topicsSelenium.Ucm_Objects.BlackBoard_link(Ucm_Objects.java:50)
	at topicsSelenium.Ucm_Objects.BlackBoard_link(Ucm_Objects.java:50)
	at topicsSelenium.Ucm_Objects.BlackBoard_link(Ucm_Objects.java:50)
	at topicsSelenium.Ucm_Objects.BlackBoard_link(Ucm_Objects.java:50)
	at topicsSelenium.Ucm_Objects.BlackBoard_link(Ucm_Objects.java:50)
	at topicsSelenium.Ucm_Objects.BlackBoard_link(Ucm_Objects.java:50)
	at topicsSelenium.Ucm_Objects.BlackBoard_link(Ucm_Objects.java:50)
	at topicsSelenium.Ucm_Objects.BlackBoard_link(Ucm_Objects.java:50)
	at topicsSelenium.Ucm_Objects.BlackBoard_link(Ucm_Objects.java:50)
	at topicsSelenium.Ucm_Objects.BlackBoard_link(Ucm_Objects.java:50)
	at topicsSelenium.Ucm_Objects.BlackBoard_link(Ucm_Objects.java:50)
	at topicsSelenium.Ucm_Objects.BlackBoard_link(Ucm_Objects.java:50)
	at topicsSelenium.Ucm_Objects.BlackBoard_link(Ucm_Objects.java:50)
	at topicsSelenium.Ucm_Objects.BlackBoard_link(Ucm_Objects.java:50)
	at topicsSelenium.Ucm_Objects.BlackBoard_link(Ucm_Objects.java:50)
	at topicsSelenium.Ucm_Objects.BlackBoard_link(Ucm_Objects.java:50)
	at topicsSelenium.Ucm_Objects.BlackBoard_link(Ucm_Objects.java:50)
	at topicsSelenium.Ucm_Objects.BlackBoard_link(Ucm_Objects.java:50)
	at topicsSelenium.Ucm_Objects.BlackBoard_link(Ucm_Objects.java:50)
	at topicsSelenium.Ucm_Objects.BlackBoard_link(Ucm_Objects.java:50)
	at topicsSelenium.Ucm_Objects.BlackBoard_link(Ucm_Objects.java:50)
	at topicsSelenium.Ucm_Objects.BlackBoard_link(Ucm_Objects.java:50)
	at topicsSelenium.Ucm_Objects.BlackBoard_link(Ucm_Objects.java:50)
	at topicsSelenium.Ucm_Objects.BlackBoard_link(Ucm_Objects.java:50)
	at topicsSelenium.Ucm_Objects.BlackBoard_link(Ucm_Objects.java:50)
	at topicsSelenium.Ucm_Objects.BlackBoard_link(Ucm_Objects.java:50)
	at topicsSelenium.Ucm_Objects.BlackBoard_link(Ucm_Objects.java:50)
	at topicsSelenium.Ucm_Objects.BlackBoard_link(Ucm_Objects.java:50)
	at topicsSelenium.Ucm_Objects.BlackBoard_link(Ucm_Objects.java:50)
	at topicsSelenium.Ucm_Objects.BlackBoard_link(Ucm_Objects.java:50)
	at topicsSelenium.Ucm_Objects.BlackBoard_link(Ucm_Objects.java:50)
	at topicsSelenium.Ucm_Objects.BlackBoard_link(Ucm_Objects.java:50)
	at topicsSelenium.Ucm_Objects.BlackBoard_link(Ucm_Objects.java:50)
	at topicsSelenium.Ucm_Objects.BlackBoard_link(Ucm_Objects.java:50)
	at topicsSelenium.Ucm_Objects.BlackBoard_link(Ucm_Objects.java:50)
	at topicsSelenium.Ucm_Objects.BlackBoard_link(Ucm_Objects.java:50)
	at topicsSelenium.Ucm_Objects.BlackBoard_link(Ucm_Objects.java:50)
	at topicsSelenium.Ucm_Objects.BlackBoard_link(Ucm_Objects.java:50)
	at topicsSelenium.Ucm_Objects.BlackBoard_link(Ucm_Objects.java:50)
	at topicsSelenium.Ucm_Objects.BlackBoard_link(Ucm_Objects.java:50)
	at topicsSelenium.Ucm_Objects.BlackBoard_link(Ucm_Objects.java:50)
	at topicsSelenium.Ucm_Objects.BlackBoard_link(Ucm_Objects.java:50)
	at topicsSelenium.Ucm_Objects.BlackBoard_link(Ucm_Objects.java:50)
	at topicsSelenium.Ucm_Objects.BlackBoard_link(Ucm_Objects.java:50)
	at topicsSelenium.Ucm_Objects.BlackBoard_link(Ucm_Objects.java:50)
	at topicsSelenium.Ucm_Objects.BlackBoard_link(Ucm_Objects.java:50)
	at topicsSelenium.Ucm_Objects.BlackBoard_link(Ucm_Objects.java:50)
	at topicsSelenium.Ucm_Objects.BlackBoard_link(Ucm_Objects.java:50)
	at topicsSelenium.Ucm_Objects.BlackBoard_link(Ucm_Objects.java:50)
	at topicsSelenium.Ucm_Objects.BlackBoard_link(Ucm_Objects.java:50)
	at topicsSelenium.Ucm_Objects.BlackBoard_link(Ucm_Objects.java:50)
	at topicsSelenium.Ucm_Objects.BlackBoard_link(Ucm_Objects.java:50)
	at topicsSelenium.Ucm_Objects.BlackBoard_link(Ucm_Objects.java:50)
	at topicsSelenium.Ucm_Objects.BlackBoard_link(Ucm_Objects.java:50)
	at topicsSelenium.Ucm_Objects.BlackBoard_link(Ucm_Objects.java:50)
	at topicsSelenium.Ucm_Objects.BlackBoard_link(Ucm_Objects.java:50)
	at topicsSelenium.Ucm_Objects.BlackBoard_link(Ucm_Objects.java:50)
	at topicsSelenium.Ucm_Objects.BlackBoard_link(Ucm_Objects.java:50)
	at topicsSelenium.Ucm_Objects.BlackBoard_link(Ucm_Objects.java:50)
	at topicsSelenium.Ucm_Objects.BlackBoard_link(Ucm_Objects.java:50)
	at topicsSelenium.Ucm_Objects.BlackBoard_link(Ucm_Objects.java:50)
	at topicsSelenium.Ucm_Objects.BlackBoard_link(Ucm_Objects.java:50)
	at topicsSelenium.Ucm_Objects.BlackBoard_link(Ucm_Objects.java:50)
	at topicsSelenium.Ucm_Objects.BlackBoard_link(Ucm_Objects.java:50)
	at topicsSelenium.Ucm_Objects.BlackBoard_link(Ucm_Objects.java:50)
	at topicsSelenium.Ucm_Objects.BlackBoard_link(Ucm_Objects.java:50)
	at topicsSelenium.Ucm_Objects.BlackBoard_link(Ucm_Objects.java:50)
	at topicsSelenium.Ucm_Objects.BlackBoard_link(Ucm_Objects.java:50)
	at topicsSelenium.Ucm_Objects.BlackBoard_link(Ucm_Objects.java:50)
	at topicsSelenium.Ucm_Objects.BlackBoard_link(Ucm_Objects.java:50)
	at topicsSelenium.Ucm_Objects.BlackBoard_link(Ucm_Objects.java:50)
	at topicsSelenium.Ucm_Objects.BlackBoard_link(Ucm_Objects.java:50)
	at topicsSelenium.Ucm_Objects.BlackBoard_link(Ucm_Objects.java:50)
	at topicsSelenium.Ucm_Objects.BlackBoard_link(Ucm_Objects.java:50)
	at topicsSelenium.Ucm_Objects.BlackBoard_link(Ucm_Objects.java:50)
	at topicsSelenium.Ucm_Objects.BlackBoard_link(Ucm_Objects.java:50)
	at topicsSelenium.Ucm_Objects.BlackBoard_link(Ucm_Objects.java:50)
	at topicsSelenium.Ucm_Objects.BlackBoard_link(Ucm_Objects.java:50)
	at topicsSelenium.Ucm_Objects.BlackBoard_link(Ucm_Objects.java:50)
	at topicsSelenium.Ucm_Objects.BlackBoard_link(Ucm_Objects.java:50)
	at topicsSelenium.Ucm_Objects.BlackBoard_link(Ucm_Objects.java:50)
	at topicsSelenium.Ucm_Objects.BlackBoard_link(Ucm_Objects.java:50)
	at topicsSelenium.Ucm_Objects.BlackBoard_link(Ucm_Objects.java:50)
	at topicsSelenium.Ucm_Objects.BlackBoard_link(Ucm_Objects.java:50)
	at topicsSelenium.Ucm_Objects.BlackBoard_link(Ucm_Objects.java:50)
	at topicsSelenium.Ucm_Objects.BlackBoard_link(Ucm_Objects.java:50)
	at topicsSelenium.Ucm_Objects.BlackBoard_link(Ucm_Objects.java:50)
	at topicsSelenium.Ucm_Objects.BlackBoard_link(Ucm_Objects.java:50)
	at topicsSelenium.Ucm_Objects.BlackBoard_link(Ucm_Objects.java:50)
	at topicsSelenium.Ucm_Objects.BlackBoard_link(Ucm_Objects.java:50)
	at topicsSelenium.Ucm_Objects.BlackBoard_link(Ucm_Objects.java:50)
	at topicsSelenium.Ucm_Objects.BlackBoard_link(Ucm_Objects.java:50)
	at topicsSelenium.Ucm_Objects.BlackBoard_link(Ucm_Objects.java:50)
	at topicsSelenium.Ucm_Objects.BlackBoard_link(Ucm_Objects.java:50)
	at topicsSelenium.Ucm_Objects.BlackBoard_link(Ucm_Objects.java:50)
	at topicsSelenium.Ucm_Objects.BlackBoard_link(Ucm_Objects.java:50)
	at topicsSelenium.Ucm_Objects.BlackBoard_link(Ucm_Objects.java:50)
	at topicsSelenium.Ucm_Objects.BlackBoard_link(Ucm_Objects.java:50)
	at topicsSelenium.Ucm_Objects.BlackBoard_link(Ucm_Objects.java:50)
	at topicsSelenium.Ucm_Objects.BlackBoard_link(Ucm_Objects.java:50)
	at topicsSelenium.Ucm_Objects.BlackBoard_link(Ucm_Objects.java:50)
	at topicsSelenium.Ucm_Objects.BlackBoard_link(Ucm_Objects.java:50)
	at topicsSelenium.Ucm_Objects.BlackBoard_link(Ucm_Objects.java:50)
	at topicsSelenium.Ucm_Objects.BlackBoard_link(Ucm_Objects.java:50)
	at topicsSelenium.Ucm_Objects.BlackBoard_link(Ucm_Objects.java:50)
	at topicsSelenium.Ucm_Objects.BlackBoard_link(Ucm_Objects.java:50)
	at topicsSelenium.Ucm_Objects.BlackBoard_link(Ucm_Objects.java:50)
	at topicsSelenium.Ucm_Objects.BlackBoard_link(Ucm_Objects.java:50)
	at topicsSelenium.Ucm_Objects.BlackBoard_link(Ucm_Objects.java:50)
	at topicsSelenium.Ucm_Objects.BlackBoard_link(Ucm_Objects.java:50)
	at topicsSelenium.Ucm_Objects.BlackBoard_link(Ucm_Objects.java:50)
	at topicsSelenium.Ucm_Objects.BlackBoard_link(Ucm_Objects.java:50)
	at topicsSelenium.Ucm_Objects.BlackBoard_link(Ucm_Objects.java:50)
	at topicsSelenium.Ucm_Objects.BlackBoard_link(Ucm_Objects.java:50)
	at topicsSelenium.Ucm_Objects.BlackBoard_link(Ucm_Objects.java:50)
	at topicsSelenium.Ucm_Objects.BlackBoard_link(Ucm_Objects.java:50)
	at topicsSelenium.Ucm_Objects.BlackBoard_link(Ucm_Objects.java:50)
	at topicsSelenium.Ucm_Objects.BlackBoard_link(Ucm_Objects.java:50)
	at topicsSelenium.Ucm_Objects.BlackBoard_link(Ucm_Objects.java:50)
	at topicsSelenium.Ucm_Objects.BlackBoard_link(Ucm_Objects.java:50)
	at topicsSelenium.Ucm_Objects.BlackBoard_link(Ucm_Objects.java:50)
	at topicsSelenium.Ucm_Objects.BlackBoard_link(Ucm_Objects.java:50)
	at topicsSelenium.Ucm_Objects.BlackBoard_link(Ucm_Objects.java:50)
	at topicsSelenium.Ucm_Objects.BlackBoard_link(Ucm_Objects.java:50)
	at topicsSelenium.Ucm_Objects.BlackBoard_link(Ucm_Objects.java:50)
	at topicsSelenium.Ucm_Objects.BlackBoard_link(Ucm_Objects.java:50)
	at topicsSelenium.Ucm_Objects.BlackBoard_link(Ucm_Objects.java:50)
	at topicsSelenium.Ucm_Objects.BlackBoard_link(Ucm_Objects.java:50)
	at topicsSelenium.Ucm_Objects.BlackBoard_link(Ucm_Objects.java:50)
	at topicsSelenium.Ucm_Objects.BlackBoard_link(Ucm_Objects.java:50)
	at topicsSelenium.Ucm_Objects.BlackBoard_link(Ucm_Objects.java:50)
	at topicsSelenium.Ucm_Objects.BlackBoard_link(Ucm_Objects.java:50)
	at topicsSelenium.Ucm_Objects.BlackBoard_link(Ucm_Objects.java:50)
	at topicsSelenium.Ucm_Objects.BlackBoard_link(Ucm_Objects.java:50)
	at topicsSelenium.Ucm_Objects.BlackBoard_link(Ucm_Objects.java:50)
	at topicsSelenium.Ucm_Objects.BlackBoard_link(Ucm_Objects.java:50)
	at topicsSelenium.Ucm_Objects.BlackBoard_link(Ucm_Objects.java:50)
	at topicsSelenium.Ucm_Objects.BlackBoard_link(Ucm_Objects.java:50)
	at topicsSelenium.Ucm_Objects.BlackBoard_link(Ucm_Objects.java:50)
	at topicsSelenium.Ucm_Objects.BlackBoard_link(Ucm_Objects.java:50)
	at topicsSelenium.Ucm_Objects.BlackBoard_link(Ucm_Objects.java:50)
	at topicsSelenium.Ucm_Objects.BlackBoard_link(Ucm_Objects.java:50)
	at topicsSelenium.Ucm_Objects.BlackBoard_link(Ucm_Objects.java:50)
	at topicsSelenium.Ucm_Objects.BlackBoard_link(Ucm_Objects.java:50)
	at topicsSelenium.Ucm_Objects.BlackBoard_link(Ucm_Objects.java:50)
	at topicsSelenium.Ucm_Objects.BlackBoard_link(Ucm_Objects.java:50)
	at topicsSelenium.Ucm_Objects.BlackBoard_link(Ucm_Objects.java:50)
	at topicsSelenium.Ucm_Objects.BlackBoard_link(Ucm_Objects.java:50)
	at topicsSelenium.Ucm_Objects.BlackBoard_link(Ucm_Objects.java:50)
	at topicsSelenium.Ucm_Objects.BlackBoard_link(Ucm_Objects.java:50)
	at topicsSelenium.Ucm_Objects.BlackBoard_link(Ucm_Objects.java:50)
	at topicsSelenium.Ucm_Objects.BlackBoard_link(Ucm_Objects.java:50)
	at topicsSelenium.Ucm_Objects.BlackBoard_link(Ucm_Objects.java:50)
	at topicsSelenium.Ucm_Objects.BlackBoard_link(Ucm_Objects.java:50)
	at topicsSelenium.Ucm_Objects.BlackBoard_link(Ucm_Objects.java:50)
	at topicsSelenium.Ucm_Objects.BlackBoard_link(Ucm_Objects.java:50)
	at topicsSelenium.Ucm_Objects.BlackBoard_link(Ucm_Objects.java:50)
	at topicsSelenium.Ucm_Objects.BlackBoard_link(Ucm_Objects.java:50)
	at topicsSelenium.Ucm_Objects.BlackBoard_link(Ucm_Objects.java:50)
	at topicsSelenium.Ucm_Objects.BlackBoard_link(Ucm_Objects.java:50)
	at topicsSelenium.Ucm_Objects.BlackBoard_link(Ucm_Objects.java:50)
	at topicsSelenium.Ucm_Objects.BlackBoard_link(Ucm_Objects.java:50)
	at topicsSelenium.Ucm_Objects.BlackBoard_link(Ucm_Objects.java:50)
	at topicsSelenium.Ucm_Objects.BlackBoard_link(Ucm_Objects.java:50)
	at topicsSelenium.Ucm_Objects.BlackBoard_link(Ucm_Objects.java:50)
	at topicsSelenium.Ucm_Objects.BlackBoard_link(Ucm_Objects.java:50)
	at topicsSelenium.Ucm_Objects.BlackBoard_link(Ucm_Objects.java:50)
	at topicsSelenium.Ucm_Objects.BlackBoard_link(Ucm_Objects.java:50)
	at topicsSelenium.Ucm_Objects.BlackBoard_link(Ucm_Objects.java:50)
	at topicsSelenium.Ucm_Objects.BlackBoard_link(Ucm_Objects.java:50)
	at topicsSelenium.Ucm_Objects.BlackBoard_link(Ucm_Objects.java:50)
	at topicsSelenium.Ucm_Objects.BlackBoard_link(Ucm_Objects.java:50)
	at topicsSelenium.Ucm_Objects.BlackBoard_link(Ucm_Objects.java:50)
	at topicsSelenium.Ucm_Objects.BlackBoard_link(Ucm_Objects.java:50)
	at topicsSelenium.Ucm_Objects.BlackBoard_link(Ucm_Objects.java:50)
	at topicsSelenium.Ucm_Objects.BlackBoard_link(Ucm_Objects.java:50)
	at topicsSelenium.Ucm_Objects.BlackBoard_link(Ucm_Objects.java:50)
	at topicsSelenium.Ucm_Objects.BlackBoard_link(Ucm_Objects.java:50)
	at topicsSelenium.Ucm_Objects.BlackBoard_link(Ucm_Objects.java:50)
	at topicsSelenium.Ucm_Objects.BlackBoard_link(Ucm_Objects.java:50)
	at topicsSelenium.Ucm_Objects.BlackBoard_link(Ucm_Objects.java:50)
	at topicsSelenium.Ucm_Objects.BlackBoard_link(Ucm_Objects.java:50)
	at topicsSelenium.Ucm_Objects.BlackBoard_link(Ucm_Objects.java:50)
	at topicsSelenium.Ucm_Objects.BlackBoard_link(Ucm_Objects.java:50)
	at topicsSelenium.Ucm_Objects.BlackBoard_link(Ucm_Objects.java:50)
	at topicsSelenium.Ucm_Objects.BlackBoard_link(Ucm_Objects.java:50)
	at topicsSelenium.Ucm_Objects.BlackBoard_link(Ucm_Objects.java:50)
	at topicsSelenium.Ucm_Objects.BlackBoard_link(Ucm_Objects.java:50)
	at topicsSelenium.Ucm_Objects.BlackBoard_link(Ucm_Objects.java:50)
	at topicsSelenium.Ucm_Objects.BlackBoard_link(Ucm_Objects.java:50)
	at topicsSelenium.Ucm_Objects.BlackBoard_link(Ucm_Objects.java:50)
	at topicsSelenium.Ucm_Objects.BlackBoard_link(Ucm_Objects.java:50)
	at topicsSelenium.Ucm_Objects.BlackBoard_link(Ucm_Objects.java:50)
	at topicsSelenium.Ucm_Objects.BlackBoard_link(Ucm_Objects.java:50)
	at topicsSelenium.Ucm_Objects.BlackBoard_link(Ucm_Objects.java:50)
	at topicsSelenium.Ucm_Objects.BlackBoard_link(Ucm_Objects.java:50)
	at topicsSelenium.Ucm_Objects.BlackBoard_link(Ucm_Objects.java:50)
	at topicsSelenium.Ucm_Objects.BlackBoard_link(Ucm_Objects.java:50)
	at topicsSelenium.Ucm_Objects.BlackBoard_link(Ucm_Objects.java:50)
	at topicsSelenium.Ucm_Objects.BlackBoard_link(Ucm_Objects.java:50)
	at topicsSelenium.Ucm_Objects.BlackBoard_link(Ucm_Objects.java:50)
	at topicsSelenium.Ucm_Objects.BlackBoard_link(Ucm_Objects.java:50)
	at topicsSelenium.Ucm_Objects.BlackBoard_link(Ucm_Objects.java:50)
	at topicsSelenium.Ucm_Objects.BlackBoard_link(Ucm_Objects.java:50)
	at topicsSelenium.Ucm_Objects.BlackBoard_link(Ucm_Objects.java:50)
	at topicsSelenium.Ucm_Objects.BlackBoard_link(Ucm_Objects.java:50)
	at topicsSelenium.Ucm_Objects.BlackBoard_link(Ucm_Objects.java:50)
	at topicsSelenium.Ucm_Objects.BlackBoard_link(Ucm_Objects.java:50)
	at topicsSelenium.Ucm_Objects.BlackBoard_link(Ucm_Objects.java:50)
	at topicsSelenium.Ucm_Objects.BlackBoard_link(Ucm_Objects.java:50)
	at topicsSelenium.Ucm_Objects.BlackBoard_link(Ucm_Objects.java:50)
	at topicsSelenium.Ucm_Objects.BlackBoard_link(Ucm_Objects.java:50)
	at topicsSelenium.Ucm_Objects.BlackBoard_link(Ucm_Objects.java:50)
	at topicsSelenium.Ucm_Objects.BlackBoard_link(Ucm_Objects.java:50)
	at topicsSelenium.Ucm_Objects.BlackBoard_link(Ucm_Objects.java:50)
	at topicsSelenium.Ucm_Objects.BlackBoard_link(Ucm_Objects.java:50)
	at topicsSelenium.Ucm_Objects.BlackBoard_link(Ucm_Objects.java:50)
	at topicsSelenium.Ucm_Objects.BlackBoard_link(Ucm_Objects.java:50)
	at topicsSelenium.Ucm_Objects.BlackBoard_link(Ucm_Objects.java:50)
	at topicsSelenium.Ucm_Objects.BlackBoard_link(Ucm_Objects.java:50)
	at topicsSelenium.Ucm_Objects.BlackBoard_link(Ucm_Objects.java:50)
	at topicsSelenium.Ucm_Objects.BlackBoard_link(Ucm_Objects.java:50)
	at topicsSelenium.Ucm_Objects.BlackBoard_link(Ucm_Objects.java:50)
	at topicsSelenium.Ucm_Objects.BlackBoard_link(Ucm_Objects.java:50)
	at topicsSelenium.Ucm_Objects.BlackBoard_link(Ucm_Objects.java:50)
	at topicsSelenium.Ucm_Objects.BlackBoard_link(Ucm_Objects.java:50)
	at topicsSelenium.Ucm_Objects.BlackBoard_link(Ucm_Objects.java:50)
	at topicsSelenium.Ucm_Objects.BlackBoard_link(Ucm_Objects.java:50)
	at topicsSelenium.Ucm_Objects.BlackBoard_link(Ucm_Objects.java:50)
	at topicsSelenium.Ucm_Objects.BlackBoard_link(Ucm_Objects.java:50)
	at topicsSelenium.Ucm_Objects.BlackBoard_link(Ucm_Objects.java:50)
	at topicsSelenium.Ucm_Objects.BlackBoard_link(Ucm_Objects.java:50)
	at topicsSelenium.Ucm_Objects.BlackBoard_link(Ucm_Objects.java:50)
	at topicsSelenium.Ucm_Objects.BlackBoard_link(Ucm_Objects.java:50)
	at topicsSelenium.Ucm_Objects.BlackBoard_link(Ucm_Objects.java:50)
	at topicsSelenium.Ucm_Objects.BlackBoard_link(Ucm_Objects.java:50)
	at topicsSelenium.Ucm_Objects.BlackBoard_link(Ucm_Objects.java:50)
	at topicsSelenium.Ucm_Objects.BlackBoard_link(Ucm_Objects.java:50)
	at topicsSelenium.Ucm_Objects.BlackBoard_link(Ucm_Objects.java:50)
	at topicsSelenium.Ucm_Objects.BlackBoard_link(Ucm_Objects.java:50)
	at topicsSelenium.Ucm_Objects.BlackBoard_link(Ucm_Objects.java:50)
	at topicsSelenium.Ucm_Objects.BlackBoard_link(Ucm_Objects.java:50)
	at topicsSelenium.Ucm_Objects.BlackBoard_link(Ucm_Objects.java:50)
	at topicsSelenium.Ucm_Objects.BlackBoard_link(Ucm_Objects.java:50)
	at topicsSelenium.Ucm_Objects.BlackBoard_link(Ucm_Objects.java:50)
	at topicsSelenium.Ucm_Objects.BlackBoard_link(Ucm_Objects.java:50)
	at topicsSelenium.Ucm_Objects.BlackBoard_link(Ucm_Objects.java:50)
	at topicsSelenium.Ucm_Objects.BlackBoard_link(Ucm_Objects.java:50)
	at topicsSelenium.Ucm_Objects.BlackBoard_link(Ucm_Objects.java:50)
	at topicsSelenium.Ucm_Objects.BlackBoard_link(Ucm_Objects.java:50)
	at topicsSelenium.Ucm_Objects.BlackBoard_link(Ucm_Objects.java:50)
	at topicsSelenium.Ucm_Objects.BlackBoard_link(Ucm_Objects.java:50)
	at topicsSelenium.Ucm_Objects.BlackBoard_link(Ucm_Objects.java:50)
	at topicsSelenium.Ucm_Objects.BlackBoard_link(Ucm_Objects.java:50)
	at topicsSelenium.Ucm_Objects.BlackBoard_link(Ucm_Objects.java:50)
	at topicsSelenium.Ucm_Objects.BlackBoard_link(Ucm_Objects.java:50)
	at topicsSelenium.Ucm_Objects.BlackBoard_link(Ucm_Objects.java:50)
	at topicsSelenium.Ucm_Objects.BlackBoard_link(Ucm_Objects.java:50)
	at topicsSelenium.Ucm_Objects.BlackBoard_link(Ucm_Objects.java:50)
	at topicsSelenium.Ucm_Objects.BlackBoard_link(Ucm_Objects.java:50)
	at topicsSelenium.Ucm_Objects.BlackBoard_link(Ucm_Objects.java:50)
	at topicsSelenium.Ucm_Objects.BlackBoard_link(Ucm_Objects.java:50)
	at topicsSelenium.Ucm_Objects.BlackBoard_link(Ucm_Objects.java:50)
	at topicsSelenium.Ucm_Objects.BlackBoard_link(Ucm_Objects.java:50)
	at topicsSelenium.Ucm_Objects.BlackBoard_link(Ucm_Objects.java:50)
	at topicsSelenium.Ucm_Objects.BlackBoard_link(Ucm_Objects.java:50)
	at topicsSelenium.Ucm_Objects.BlackBoard_link(Ucm_Objects.java:50)
	at topicsSelenium.Ucm_Objects.BlackBoard_link(Ucm_Objects.java:50)
	at topicsSelenium.Ucm_Objects.BlackBoard_link(Ucm_Objects.java:50)
	at topicsSelenium.Ucm_Objects.BlackBoard_link(Ucm_Objects.java:50)
	at topicsSelenium.Ucm_Objects.BlackBoard_link(Ucm_Objects.java:50)
	at topicsSelenium.Ucm_Objects.BlackBoard_link(Ucm_Objects.java:50)
	at topicsSelenium.Ucm_Objects.BlackBoard_link(Ucm_Objects.java:50)
	at topicsSelenium.Ucm_Objects.BlackBoard_link(Ucm_Objects.java:50)
	at topicsSelenium.Ucm_Objects.BlackBoard_link(Ucm_Objects.java:50)
	at topicsSelenium.Ucm_Objects.BlackBoard_link(Ucm_Objects.java:50)
	at topicsSelenium.Ucm_Objects.BlackBoard_link(Ucm_Objects.java:50)
	at topicsSelenium.Ucm_Objects.BlackBoard_link(Ucm_Objects.java:50)
	at topicsSelenium.Ucm_Objects.BlackBoard_link(Ucm_Objects.java:50)
	at topicsSelenium.Ucm_Objects.BlackBoard_link(Ucm_Objects.java:50)
	at topicsSelenium.Ucm_Objects.BlackBoard_link(Ucm_Objects.java:50)
	at topicsSelenium.Ucm_Objects.BlackBoard_link(Ucm_Objects.java:50)
	at topicsSelenium.Ucm_Objects.BlackBoard_link(Ucm_Objects.java:50)
	at topicsSelenium.Ucm_Objects.BlackBoard_link(Ucm_Objects.java:50)
	at topicsSelenium.Ucm_Objects.BlackBoard_link(Ucm_Objects.java:50)
	at topicsSelenium.Ucm_Objects.BlackBoard_link(Ucm_Objects.java:50)
	at topicsSelenium.Ucm_Objects.BlackBoard_link(Ucm_Objects.java:50)
	at topicsSelenium.Ucm_Objects.BlackBoard_link(Ucm_Objects.java:50)
	at topicsSelenium.Ucm_Objects.BlackBoard_link(Ucm_Objects.java:50)
	at topicsSelenium.Ucm_Objects.BlackBoard_link(Ucm_Objects.java:50)
	at topicsSelenium.Ucm_Objects.BlackBoard_link(Ucm_Objects.java:50)
	at topicsSelenium.Ucm_Objects.BlackBoard_link(Ucm_Objects.java:50)
	at topicsSelenium.Ucm_Objects.BlackBoard_link(Ucm_Objects.java:50)
	at topicsSelenium.Ucm_Objects.BlackBoard_link(Ucm_Objects.java:50)
	at topicsSelenium.Ucm_Objects.BlackBoard_link(Ucm_Objects.java:50)
	at topicsSelenium.Ucm_Objects.BlackBoard_link(Ucm_Objects.java:50)
	at topicsSelenium.Ucm_Objects.BlackBoard_link(Ucm_Objects.java:50)
	at topicsSelenium.Ucm_Objects.BlackBoard_link(Ucm_Objects.java:50)
	at topicsSelenium.Ucm_Objects.BlackBoard_link(Ucm_Objects.java:50)
	at topicsSelenium.Ucm_Objects.BlackBoard_link(Ucm_Objects.java:50)
	at topicsSelenium.Ucm_Objects.BlackBoard_link(Ucm_Objects.java:50)
	at topicsSelenium.Ucm_Objects.BlackBoard_link(Ucm_Objects.java:50)
	at topicsSelenium.Ucm_Objects.BlackBoard_link(Ucm_Objects.java:50)
	at topicsSelenium.Ucm_Objects.BlackBoard_link(Ucm_Objects.java:50)
	at topicsSelenium.Ucm_Objects.BlackBoard_link(Ucm_Objects.java:50)
	at topicsSelenium.Ucm_Objects.BlackBoard_link(Ucm_Objects.java:50)
	at topicsSelenium.Ucm_Objects.BlackBoard_link(Ucm_Objects.java:50)
	at topicsSelenium.Ucm_Objects.BlackBoard_link(Ucm_Objects.java:50)
	at topicsSelenium.Ucm_Objects.BlackBoard_link(Ucm_Objects.java:50)
	at topicsSelenium.Ucm_Objects.BlackBoard_link(Ucm_Objects.java:50)
	at topicsSelenium.Ucm_Objects.BlackBoard_link(Ucm_Objects.java:50)
	at topicsSelenium.Ucm_Objects.BlackBoard_link(Ucm_Objects.java:50)
	at topicsSelenium.Ucm_Objects.BlackBoard_link(Ucm_Objects.java:50)
	at topicsSelenium.Ucm_Objects.BlackBoard_link(Ucm_Objects.java:50)
	at topicsSelenium.Ucm_Objects.BlackBoard_link(Ucm_Objects.java:50)
	at topicsSelenium.Ucm_Objects.BlackBoard_link(Ucm_Objects.java:50)
	at topicsSelenium.Ucm_Objects.BlackBoard_link(Ucm_Objects.java:50)
	at topicsSelenium.Ucm_Objects.BlackBoard_link(Ucm_Objects.java:50)
	at topicsSelenium.Ucm_Objects.BlackBoard_link(Ucm_Objects.java:50)
	at topicsSelenium.Ucm_Objects.BlackBoard_link(Ucm_Objects.java:50)
	at topicsSelenium.Ucm_Objects.BlackBoard_link(Ucm_Objects.java:50)
	at topicsSelenium.Ucm_Objects.BlackBoard_link(Ucm_Objects.java:50)
	at topicsSelenium.Ucm_Objects.BlackBoard_link(Ucm_Objects.java:50)
	at topicsSelenium.Ucm_Objects.BlackBoard_link(Ucm_Objects.java:50)
	at topicsSelenium.Ucm_Objects.BlackBoard_link(Ucm_Objects.java:50)
	at topicsSelenium.Ucm_Objects.BlackBoard_link(Ucm_Objects.java:50)
	at topicsSelenium.Ucm_Objects.BlackBoard_link(Ucm_Objects.java:50)
	at topicsSelenium.Ucm_Objects.BlackBoard_link(Ucm_Objects.java:50)
	at topicsSelenium.Ucm_Objects.BlackBoard_link(Ucm_Objects.java:50)
	at topicsSelenium.Ucm_Objects.BlackBoard_link(Ucm_Objects.java:50)
	at topicsSelenium.Ucm_Objects.BlackBoard_link(Ucm_Objects.java:50)
	at topicsSelenium.Ucm_Objects.BlackBoard_link(Ucm_Objects.java:50)
	at topicsSelenium.Ucm_Objects.BlackBoard_link(Ucm_Objects.java:50)
	at topicsSelenium.Ucm_Objects.BlackBoard_link(Ucm_Objects.java:50)
	at topicsSelenium.Ucm_Objects.BlackBoard_link(Ucm_Objects.java:50)
	at topicsSelenium.Ucm_Objects.BlackBoard_link(Ucm_Objects.java:50)
	at topicsSelenium.Ucm_Objects.BlackBoard_link(Ucm_Objects.java:50)
	at topicsSelenium.Ucm_Objects.BlackBoard_link(Ucm_Objects.java:50)
	at topicsSelenium.Ucm_Objects.BlackBoard_link(Ucm_Objects.java:50)
	at topicsSelenium.Ucm_Objects.BlackBoard_link(Ucm_Objects.java:50)
	at topicsSelenium.Ucm_Objects.BlackBoard_link(Ucm_Objects.java:50)
	at topicsSelenium.Ucm_Objects.BlackBoard_link(Ucm_Objects.java:50)
	at topicsSelenium.Ucm_Objects.BlackBoard_link(Ucm_Objects.java:50)
	at topicsSelenium.Ucm_Objects.BlackBoard_link(Ucm_Objects.java:50)
	at topicsSelenium.Ucm_Objects.BlackBoard_link(Ucm_Objects.java:50)
	at topicsSelenium.Ucm_Objects.BlackBoard_link(Ucm_Objects.java:50)
	at topicsSelenium.Ucm_Objects.BlackBoard_link(Ucm_Objects.java:50)
	at topicsSelenium.Ucm_Objects.BlackBoard_link(Ucm_Objects.java:50)
	at topicsSelenium.Ucm_Objects.BlackBoard_link(Ucm_Objects.java:50)
	at topicsSelenium.Ucm_Objects.BlackBoard_link(Ucm_Objects.java:50)
	at topicsSelenium.Ucm_Objects.BlackBoard_link(Ucm_Objects.java:50)
	at topicsSelenium.Ucm_Objects.BlackBoard_link(Ucm_Objects.java:50)
	at topicsSelenium.Ucm_Objects.BlackBoard_link(Ucm_Objects.java:50)
	at topicsSelenium.Ucm_Objects.BlackBoard_link(Ucm_Objects.java:50)
	at topicsSelenium.Ucm_Objects.BlackBoard_link(Ucm_Objects.java:50)
	at topicsSelenium.Ucm_Objects.BlackBoard_link(Ucm_Objects.java:50)
	at topicsSelenium.Ucm_Objects.BlackBoard_link(Ucm_Objects.java:50)
	at topicsSelenium.Ucm_Objects.BlackBoard_link(Ucm_Objects.java:50)
	at topicsSelenium.Ucm_Objects.BlackBoard_link(Ucm_Objects.java:50)
	at topicsSelenium.Ucm_Objects.BlackBoard_link(Ucm_Objects.java:50)
	at topicsSelenium.Ucm_Objects.BlackBoard_link(Ucm_Objects.java:50)
	at topicsSelenium.Ucm_Objects.BlackBoard_link(Ucm_Objects.java:50)
]]>
    </failure>
  </testcase> <!-- BlackboardLink -->
  <testcase name="NavLinks" time="43.838" classname="topicsSelenium.HomePage"/>
  <testcase name="Success" time="0.002" classname="topicsSelenium.HomePage"/>
</testsuite> <!-- Default test -->
